[0.071s] Invoking command in '/home/gantry_lattepanda/Ryan_ws/gantry_lidars/build/gantry_lidar_interfaces': CMAKE_PREFIX_PATH=${CMAKE_PREFIX_PATH}:/home/gantry_lattepanda/Ryan_ws/gantry_lidars/install/gantry_services:/home/gantry_lattepanda/Ryan_ws/gantry_lidars/install/gantry_lidars:/opt/ros/jazzy DEBUGINFOD_URLS=https://debuginfod.ubuntu.com /usr/bin/cmake /home/gantry_lattepanda/Ryan_ws/gantry_lidars/src/gantry_lidar_interfaces -DCMAKE_INSTALL_PREFIX=/home/gantry_lattepanda/Ryan_ws/gantry_lidars/install/gantry_lidar_interfaces
[0.278s] -- The C compiler identification is GNU 13.3.0
[0.452s] -- The CXX compiler identification is GNU 13.3.0
[0.492s] -- Detecting C compiler ABI info
[0.702s] -- Detecting C compiler ABI info - done
[0.729s] -- Check for working C compiler: /usr/bin/cc - skipped
[0.730s] -- Detecting C compile features
[0.730s] -- Detecting C compile features - done
[0.756s] -- Detecting CXX compiler ABI info
[1.105s] -- Detecting CXX compiler ABI info - done
[1.135s] -- Check for working CXX compiler: /usr/bin/c++ - skipped
[1.135s] -- Detecting CXX compile features
[1.135s] -- Detecting CXX compile features - done
[1.147s] -- Found ament_cmake: 2.5.4 (/opt/ros/jazzy/share/ament_cmake/cmake)
[1.637s] -- Found Python3: /usr/bin/python3 (found version "3.12.3") found components: Interpreter 
[2.019s] -- Found rosidl_default_generators: 1.6.0 (/opt/ros/jazzy/share/rosidl_default_generators/cmake)
[2.046s] -- Using all available rosidl_typesupport_c: rosidl_typesupport_fastrtps_c;rosidl_typesupport_introspection_c
[2.267s] -- Using all available rosidl_typesupport_cpp: rosidl_typesupport_fastrtps_cpp;rosidl_typesupport_introspection_cpp
[2.444s] -- Found rosidl_adapter: 4.6.5 (/opt/ros/jazzy/share/rosidl_adapter/cmake)
[2.456s] -- Found ament_lint_auto: 0.17.2 (/opt/ros/jazzy/share/ament_lint_auto/cmake)
[4.494s] -- Found ament_cmake_ros: 0.12.0 (/opt/ros/jazzy/share/ament_cmake_ros/cmake)
[5.822s] -- Using all available rosidl_typesupport_c: rosidl_typesupport_fastrtps_c;rosidl_typesupport_introspection_c
[7.464s] -- Using all available rosidl_typesupport_cpp: rosidl_typesupport_fastrtps_cpp;rosidl_typesupport_introspection_cpp
[7.478s] -- Found python_cmake_module: 0.11.1 (/opt/ros/jazzy/share/python_cmake_module/cmake)
[7.872s] -- Found PythonExtra: /usr/bin/python3  
[9.161s] -- Found Python3: /usr/bin/python3 (found version "3.12.3") found components: Interpreter Development NumPy Development.Module Development.Embed 
[9.276s] -- Added test 'lint_cmake' to check CMake code style
[9.282s] -- Added test 'xmllint' to check XML markup files
[9.296s] -- Configuring done (9.2s)
[9.395s] -- Generating done (0.1s)
[9.437s] -- Build files have been written to: /home/gantry_lattepanda/Ryan_ws/gantry_lidars/build/gantry_lidar_interfaces
[9.471s] Invoked command in '/home/gantry_lattepanda/Ryan_ws/gantry_lidars/build/gantry_lidar_interfaces' returned '0': CMAKE_PREFIX_PATH=${CMAKE_PREFIX_PATH}:/home/gantry_lattepanda/Ryan_ws/gantry_lidars/install/gantry_services:/home/gantry_lattepanda/Ryan_ws/gantry_lidars/install/gantry_lidars:/opt/ros/jazzy DEBUGINFOD_URLS=https://debuginfod.ubuntu.com /usr/bin/cmake /home/gantry_lattepanda/Ryan_ws/gantry_lidars/src/gantry_lidar_interfaces -DCMAKE_INSTALL_PREFIX=/home/gantry_lattepanda/Ryan_ws/gantry_lidars/install/gantry_lidar_interfaces
[9.474s] Invoking command in '/home/gantry_lattepanda/Ryan_ws/gantry_lidars/build/gantry_lidar_interfaces': CMAKE_PREFIX_PATH=${CMAKE_PREFIX_PATH}:/home/gantry_lattepanda/Ryan_ws/gantry_lidars/install/gantry_services:/home/gantry_lattepanda/Ryan_ws/gantry_lidars/install/gantry_lidars:/opt/ros/jazzy DEBUGINFOD_URLS=https://debuginfod.ubuntu.com /usr/bin/cmake --build /home/gantry_lattepanda/Ryan_ws/gantry_lidars/build/gantry_lidar_interfaces -- -j4 -l4
[9.640s] [  2%] [34m[1mGenerating type hashes for ROS interfaces[0m
[10.295s] [  2%] Built target gantry_lidar_interfaces__rosidl_generator_type_description
[10.375s] [  2%] Built target ament_cmake_python_copy_gantry_lidar_interfaces
[10.401s] [  5%] [34m[1mGenerating C code for ROS interfaces[0m
[11.396s] [  8%] [32mBuilding C object CMakeFiles/gantry_lidar_interfaces__rosidl_generator_c.dir/rosidl_generator_c/gantry_lidar_interfaces/srv/detail/capture__description.c.o[0m
[11.531s] [ 11%] [32mBuilding C object CMakeFiles/gantry_lidar_interfaces__rosidl_generator_c.dir/rosidl_generator_c/gantry_lidar_interfaces/srv/detail/capture__functions.c.o[0m
[11.740s] [ 14%] [32mBuilding C object CMakeFiles/gantry_lidar_interfaces__rosidl_generator_c.dir/rosidl_generator_c/gantry_lidar_interfaces/srv/detail/capture__type_support.c.o[0m
[11.875s] [ 17%] [32m[1mLinking C shared library libgantry_lidar_interfaces__rosidl_generator_c.so[0m
[12.006s] [ 17%] Built target gantry_lidar_interfaces__rosidl_generator_c
[12.784s] running egg_info
[12.786s] creating gantry_lidar_interfaces.egg-info
[12.863s] writing gantry_lidar_interfaces.egg-info/PKG-INFO
[12.863s] writing dependency_links to gantry_lidar_interfaces.egg-info/dependency_links.txt
[12.864s] writing top-level names to gantry_lidar_interfaces.egg-info/top_level.txt
[12.864s] writing manifest file 'gantry_lidar_interfaces.egg-info/SOURCES.txt'
[13.079s] reading manifest file 'gantry_lidar_interfaces.egg-info/SOURCES.txt'
[13.081s] writing manifest file 'gantry_lidar_interfaces.egg-info/SOURCES.txt'
[13.176s] [ 17%] Built target ament_cmake_python_build_gantry_lidar_interfaces_egg
[13.202s] [ 20%] [34m[1mGenerating C introspection for ROS interfaces[0m
[14.002s] [ 23%] [32mBuilding C object CMakeFiles/gantry_lidar_interfaces__rosidl_typesupport_introspection_c.dir/rosidl_typesupport_introspection_c/gantry_lidar_interfaces/srv/detail/capture__type_support.c.o[0m
[14.107s] [ 26%] [32m[1mLinking C shared library libgantry_lidar_interfaces__rosidl_typesupport_introspection_c.so[0m
[14.181s] [ 26%] Built target gantry_lidar_interfaces__rosidl_typesupport_introspection_c
[14.204s] [ 29%] [34m[1mGenerating C type support dispatch for ROS interfaces[0m
[14.818s] [ 32%] [32mBuilding CXX object CMakeFiles/gantry_lidar_interfaces__rosidl_typesupport_c.dir/rosidl_typesupport_c/gantry_lidar_interfaces/srv/capture__type_support.cpp.o[0m
[14.926s] [ 35%] [32m[1mLinking CXX shared library libgantry_lidar_interfaces__rosidl_typesupport_c.so[0m
[15.023s] [ 35%] Built target gantry_lidar_interfaces__rosidl_typesupport_c
[15.047s] [ 38%] [34m[1mGenerating C type support for eProsima Fast-RTPS[0m
[16.029s] [ 41%] [32mBuilding CXX object CMakeFiles/gantry_lidar_interfaces__rosidl_typesupport_fastrtps_c.dir/rosidl_typesupport_fastrtps_c/gantry_lidar_interfaces/srv/detail/capture__type_support_c.cpp.o[0m
[17.528s] [ 44%] [32m[1mLinking CXX shared library libgantry_lidar_interfaces__rosidl_typesupport_fastrtps_c.so[0m
[17.751s] [ 44%] Built target gantry_lidar_interfaces__rosidl_typesupport_fastrtps_c
[17.810s] [ 47%] [34m[1mGenerating C++ code for ROS interfaces[0m
[18.623s] [ 47%] Built target gantry_lidar_interfaces__cpp
[18.652s] [ 50%] [34m[1mGenerating C++ type support for eProsima Fast-RTPS[0m
[19.508s] [ 52%] [32mBuilding CXX object CMakeFiles/gantry_lidar_interfaces__rosidl_typesupport_fastrtps_cpp.dir/rosidl_typesupport_fastrtps_cpp/gantry_lidar_interfaces/srv/detail/dds_fastrtps/capture__type_support.cpp.o[0m
[21.317s] [ 55%] [32m[1mLinking CXX shared library libgantry_lidar_interfaces__rosidl_typesupport_fastrtps_cpp.so[0m
[21.553s] [ 55%] Built target gantry_lidar_interfaces__rosidl_typesupport_fastrtps_cpp
[21.577s] [ 58%] [34m[1mGenerating C++ type support dispatch for ROS interfaces[0m
[22.271s] [ 61%] [32mBuilding CXX object CMakeFiles/gantry_lidar_interfaces__rosidl_typesupport_cpp.dir/rosidl_typesupport_cpp/gantry_lidar_interfaces/srv/capture__type_support.cpp.o[0m
[23.446s] [ 64%] [32m[1mLinking CXX shared library libgantry_lidar_interfaces__rosidl_typesupport_cpp.so[0m
[23.665s] [ 64%] Built target gantry_lidar_interfaces__rosidl_typesupport_cpp
[23.698s] [ 67%] [34m[1mGenerating C++ introspection for ROS interfaces[0m
[24.420s] [ 70%] [32mBuilding CXX object CMakeFiles/gantry_lidar_interfaces__rosidl_typesupport_introspection_cpp.dir/rosidl_typesupport_introspection_cpp/gantry_lidar_interfaces/srv/detail/capture__type_support.cpp.o[0m
[25.503s] [ 73%] [32m[1mLinking CXX shared library libgantry_lidar_interfaces__rosidl_typesupport_introspection_cpp.so[0m
[25.700s] [ 73%] Built target gantry_lidar_interfaces__rosidl_typesupport_introspection_cpp
[25.751s] [ 73%] Built target gantry_lidar_interfaces
[25.808s] [ 76%] [34m[1mGenerating Python code for ROS interfaces[0m
[27.203s] [ 76%] Built target gantry_lidar_interfaces__py
[27.265s] [ 79%] [32mBuilding C object CMakeFiles/gantry_lidar_interfaces__rosidl_generator_py.dir/rosidl_generator_py/gantry_lidar_interfaces/srv/_capture_s.c.o[0m
[27.760s] [ 82%] [32m[1mLinking C shared library libgantry_lidar_interfaces__rosidl_generator_py.so[0m
[27.904s] [ 82%] Built target gantry_lidar_interfaces__rosidl_generator_py
[27.962s] [ 85%] [32mBuilding C object CMakeFiles/gantry_lidar_interfaces_s__rosidl_typesupport_fastrtps_c.dir/rosidl_generator_py/gantry_lidar_interfaces/_gantry_lidar_interfaces_s.ep.rosidl_typesupport_fastrtps_c.c.o[0m
[28.352s] [ 88%] [32m[1mLinking C shared module rosidl_generator_py/gantry_lidar_interfaces/gantry_lidar_interfaces_s__rosidl_typesupport_fastrtps_c.so[0m
[28.470s] [ 88%] Built target gantry_lidar_interfaces_s__rosidl_typesupport_fastrtps_c
[28.556s] [ 91%] [32mBuilding C object CMakeFiles/gantry_lidar_interfaces_s__rosidl_typesupport_c.dir/rosidl_generator_py/gantry_lidar_interfaces/_gantry_lidar_interfaces_s.ep.rosidl_typesupport_c.c.o[0m
[28.964s] [ 94%] [32m[1mLinking C shared module rosidl_generator_py/gantry_lidar_interfaces/gantry_lidar_interfaces_s__rosidl_typesupport_c.so[0m
[29.059s] [ 94%] Built target gantry_lidar_interfaces_s__rosidl_typesupport_c
[29.111s] [ 97%] [32mBuilding C object CMakeFiles/gantry_lidar_interfaces_s__rosidl_typesupport_introspection_c.dir/rosidl_generator_py/gantry_lidar_interfaces/_gantry_lidar_interfaces_s.ep.rosidl_typesupport_introspection_c.c.o[0m
[29.369s] [100%] [32m[1mLinking C shared module rosidl_generator_py/gantry_lidar_interfaces/gantry_lidar_interfaces_s__rosidl_typesupport_introspection_c.so[0m
[29.445s] [100%] Built target gantry_lidar_interfaces_s__rosidl_typesupport_introspection_c
[29.472s] Invoked command in '/home/gantry_lattepanda/Ryan_ws/gantry_lidars/build/gantry_lidar_interfaces' returned '0': CMAKE_PREFIX_PATH=${CMAKE_PREFIX_PATH}:/home/gantry_lattepanda/Ryan_ws/gantry_lidars/install/gantry_services:/home/gantry_lattepanda/Ryan_ws/gantry_lidars/install/gantry_lidars:/opt/ros/jazzy DEBUGINFOD_URLS=https://debuginfod.ubuntu.com /usr/bin/cmake --build /home/gantry_lattepanda/Ryan_ws/gantry_lidars/build/gantry_lidar_interfaces -- -j4 -l4
[29.496s] Invoking command in '/home/gantry_lattepanda/Ryan_ws/gantry_lidars/build/gantry_lidar_interfaces': CMAKE_PREFIX_PATH=${CMAKE_PREFIX_PATH}:/home/gantry_lattepanda/Ryan_ws/gantry_lidars/install/gantry_services:/home/gantry_lattepanda/Ryan_ws/gantry_lidars/install/gantry_lidars:/opt/ros/jazzy DEBUGINFOD_URLS=https://debuginfod.ubuntu.com /usr/bin/cmake --install /home/gantry_lattepanda/Ryan_ws/gantry_lidars/build/gantry_lidar_interfaces
[29.519s] -- Install configuration: ""
[29.521s] -- Installing: /home/gantry_lattepanda/Ryan_ws/gantry_lidars/install/gantry_lidar_interfaces/share/ament_index/resource_index/rosidl_interfaces/gantry_lidar_interfaces
[29.521s] -- Installing: /home/gantry_lattepanda/Ryan_ws/gantry_lidars/install/gantry_lidar_interfaces/share/gantry_lidar_interfaces/srv/Capture.json
[29.522s] -- Installing: /home/gantry_lattepanda/Ryan_ws/gantry_lidars/install/gantry_lidar_interfaces/include/gantry_lidar_interfaces/gantry_lidar_interfaces
[29.523s] -- Installing: /home/gantry_lattepanda/Ryan_ws/gantry_lidars/install/gantry_lidar_interfaces/include/gantry_lidar_interfaces/gantry_lidar_interfaces/msg
[29.524s] -- Installing: /home/gantry_lattepanda/Ryan_ws/gantry_lidars/install/gantry_lidar_interfaces/include/gantry_lidar_interfaces/gantry_lidar_interfaces/msg/rosidl_generator_c__visibility_control.h
[29.525s] -- Installing: /home/gantry_lattepanda/Ryan_ws/gantry_lidars/install/gantry_lidar_interfaces/include/gantry_lidar_interfaces/gantry_lidar_interfaces/srv
[29.525s] -- Installing: /home/gantry_lattepanda/Ryan_ws/gantry_lidars/install/gantry_lidar_interfaces/include/gantry_lidar_interfaces/gantry_lidar_interfaces/srv/capture.h
[29.526s] -- Installing: /home/gantry_lattepanda/Ryan_ws/gantry_lidars/install/gantry_lidar_interfaces/include/gantry_lidar_interfaces/gantry_lidar_interfaces/srv/detail
[29.527s] -- Installing: /home/gantry_lattepanda/Ryan_ws/gantry_lidars/install/gantry_lidar_interfaces/include/gantry_lidar_interfaces/gantry_lidar_interfaces/srv/detail/capture__type_support.c
[29.527s] -- Installing: /home/gantry_lattepanda/Ryan_ws/gantry_lidars/install/gantry_lidar_interfaces/include/gantry_lidar_interfaces/gantry_lidar_interfaces/srv/detail/capture__struct.h
[29.528s] -- Installing: /home/gantry_lattepanda/Ryan_ws/gantry_lidars/install/gantry_lidar_interfaces/include/gantry_lidar_interfaces/gantry_lidar_interfaces/srv/detail/capture__functions.c
[29.529s] -- Installing: /home/gantry_lattepanda/Ryan_ws/gantry_lidars/install/gantry_lidar_interfaces/include/gantry_lidar_interfaces/gantry_lidar_interfaces/srv/detail/capture__description.c
[29.529s] -- Installing: /home/gantry_lattepanda/Ryan_ws/gantry_lidars/install/gantry_lidar_interfaces/include/gantry_lidar_interfaces/gantry_lidar_interfaces/srv/detail/capture__type_support.h
[29.530s] -- Installing: /home/gantry_lattepanda/Ryan_ws/gantry_lidars/install/gantry_lidar_interfaces/include/gantry_lidar_interfaces/gantry_lidar_interfaces/srv/detail/capture__functions.h
[29.530s] -- Installing: /home/gantry_lattepanda/Ryan_ws/gantry_lidars/install/gantry_lidar_interfaces/share/gantry_lidar_interfaces/environment/library_path.sh
[29.531s] -- Installing: /home/gantry_lattepanda/Ryan_ws/gantry_lidars/install/gantry_lidar_interfaces/share/gantry_lidar_interfaces/environment/library_path.dsv
[29.533s] -- Installing: /home/gantry_lattepanda/Ryan_ws/gantry_lidars/install/gantry_lidar_interfaces/lib/libgantry_lidar_interfaces__rosidl_generator_c.so
[29.533s] -- Set non-toolchain portion of runtime path of "/home/gantry_lattepanda/Ryan_ws/gantry_lidars/install/gantry_lidar_interfaces/lib/libgantry_lidar_interfaces__rosidl_generator_c.so" to ""
[29.534s] -- Up-to-date: /home/gantry_lattepanda/Ryan_ws/gantry_lidars/install/gantry_lidar_interfaces/include/gantry_lidar_interfaces/gantry_lidar_interfaces
[29.534s] -- Up-to-date: /home/gantry_lattepanda/Ryan_ws/gantry_lidars/install/gantry_lidar_interfaces/include/gantry_lidar_interfaces/gantry_lidar_interfaces/msg
[29.535s] -- Installing: /home/gantry_lattepanda/Ryan_ws/gantry_lidars/install/gantry_lidar_interfaces/include/gantry_lidar_interfaces/gantry_lidar_interfaces/msg/rosidl_typesupport_fastrtps_c__visibility_control.h
[29.536s] -- Up-to-date: /home/gantry_lattepanda/Ryan_ws/gantry_lidars/install/gantry_lidar_interfaces/include/gantry_lidar_interfaces/gantry_lidar_interfaces/srv
[29.536s] -- Up-to-date: /home/gantry_lattepanda/Ryan_ws/gantry_lidars/install/gantry_lidar_interfaces/include/gantry_lidar_interfaces/gantry_lidar_interfaces/srv/detail
[29.536s] -- Installing: /home/gantry_lattepanda/Ryan_ws/gantry_lidars/install/gantry_lidar_interfaces/include/gantry_lidar_interfaces/gantry_lidar_interfaces/srv/detail/capture__rosidl_typesupport_fastrtps_c.h
[29.537s] -- Installing: /home/gantry_lattepanda/Ryan_ws/gantry_lidars/install/gantry_lidar_interfaces/lib/libgantry_lidar_interfaces__rosidl_typesupport_fastrtps_c.so
[29.539s] -- Set non-toolchain portion of runtime path of "/home/gantry_lattepanda/Ryan_ws/gantry_lidars/install/gantry_lidar_interfaces/lib/libgantry_lidar_interfaces__rosidl_typesupport_fastrtps_c.so" to ""
[29.539s] -- Up-to-date: /home/gantry_lattepanda/Ryan_ws/gantry_lidars/install/gantry_lidar_interfaces/include/gantry_lidar_interfaces/gantry_lidar_interfaces
[29.540s] -- Up-to-date: /home/gantry_lattepanda/Ryan_ws/gantry_lidars/install/gantry_lidar_interfaces/include/gantry_lidar_interfaces/gantry_lidar_interfaces/msg
[29.540s] -- Installing: /home/gantry_lattepanda/Ryan_ws/gantry_lidars/install/gantry_lidar_interfaces/include/gantry_lidar_interfaces/gantry_lidar_interfaces/msg/rosidl_typesupport_introspection_c__visibility_control.h
[29.541s] -- Up-to-date: /home/gantry_lattepanda/Ryan_ws/gantry_lidars/install/gantry_lidar_interfaces/include/gantry_lidar_interfaces/gantry_lidar_interfaces/srv
[29.541s] -- Up-to-date: /home/gantry_lattepanda/Ryan_ws/gantry_lidars/install/gantry_lidar_interfaces/include/gantry_lidar_interfaces/gantry_lidar_interfaces/srv/detail
[29.542s] -- Installing: /home/gantry_lattepanda/Ryan_ws/gantry_lidars/install/gantry_lidar_interfaces/include/gantry_lidar_interfaces/gantry_lidar_interfaces/srv/detail/capture__type_support.c
[29.543s] -- Installing: /home/gantry_lattepanda/Ryan_ws/gantry_lidars/install/gantry_lidar_interfaces/include/gantry_lidar_interfaces/gantry_lidar_interfaces/srv/detail/capture__rosidl_typesupport_introspection_c.h
[29.544s] -- Installing: /home/gantry_lattepanda/Ryan_ws/gantry_lidars/install/gantry_lidar_interfaces/lib/libgantry_lidar_interfaces__rosidl_typesupport_introspection_c.so
[29.545s] -- Set non-toolchain portion of runtime path of "/home/gantry_lattepanda/Ryan_ws/gantry_lidars/install/gantry_lidar_interfaces/lib/libgantry_lidar_interfaces__rosidl_typesupport_introspection_c.so" to ""
[29.546s] -- Installing: /home/gantry_lattepanda/Ryan_ws/gantry_lidars/install/gantry_lidar_interfaces/lib/libgantry_lidar_interfaces__rosidl_typesupport_c.so
[29.547s] -- Set non-toolchain portion of runtime path of "/home/gantry_lattepanda/Ryan_ws/gantry_lidars/install/gantry_lidar_interfaces/lib/libgantry_lidar_interfaces__rosidl_typesupport_c.so" to ""
[29.548s] -- Up-to-date: /home/gantry_lattepanda/Ryan_ws/gantry_lidars/install/gantry_lidar_interfaces/include/gantry_lidar_interfaces/gantry_lidar_interfaces
[29.548s] -- Up-to-date: /home/gantry_lattepanda/Ryan_ws/gantry_lidars/install/gantry_lidar_interfaces/include/gantry_lidar_interfaces/gantry_lidar_interfaces/msg
[29.549s] -- Installing: /home/gantry_lattepanda/Ryan_ws/gantry_lidars/install/gantry_lidar_interfaces/include/gantry_lidar_interfaces/gantry_lidar_interfaces/msg/rosidl_generator_cpp__visibility_control.hpp
[29.549s] -- Up-to-date: /home/gantry_lattepanda/Ryan_ws/gantry_lidars/install/gantry_lidar_interfaces/include/gantry_lidar_interfaces/gantry_lidar_interfaces/srv
[29.550s] -- Installing: /home/gantry_lattepanda/Ryan_ws/gantry_lidars/install/gantry_lidar_interfaces/include/gantry_lidar_interfaces/gantry_lidar_interfaces/srv/capture.hpp
[29.551s] -- Up-to-date: /home/gantry_lattepanda/Ryan_ws/gantry_lidars/install/gantry_lidar_interfaces/include/gantry_lidar_interfaces/gantry_lidar_interfaces/srv/detail
[29.551s] -- Installing: /home/gantry_lattepanda/Ryan_ws/gantry_lidars/install/gantry_lidar_interfaces/include/gantry_lidar_interfaces/gantry_lidar_interfaces/srv/detail/capture__traits.hpp
[29.552s] -- Installing: /home/gantry_lattepanda/Ryan_ws/gantry_lidars/install/gantry_lidar_interfaces/include/gantry_lidar_interfaces/gantry_lidar_interfaces/srv/detail/capture__builder.hpp
[29.552s] -- Installing: /home/gantry_lattepanda/Ryan_ws/gantry_lidars/install/gantry_lidar_interfaces/include/gantry_lidar_interfaces/gantry_lidar_interfaces/srv/detail/capture__struct.hpp
[29.553s] -- Installing: /home/gantry_lattepanda/Ryan_ws/gantry_lidars/install/gantry_lidar_interfaces/include/gantry_lidar_interfaces/gantry_lidar_interfaces/srv/detail/capture__type_support.hpp
[29.554s] -- Up-to-date: /home/gantry_lattepanda/Ryan_ws/gantry_lidars/install/gantry_lidar_interfaces/include/gantry_lidar_interfaces/gantry_lidar_interfaces
[29.554s] -- Up-to-date: /home/gantry_lattepanda/Ryan_ws/gantry_lidars/install/gantry_lidar_interfaces/include/gantry_lidar_interfaces/gantry_lidar_interfaces/msg
[29.555s] -- Installing: /home/gantry_lattepanda/Ryan_ws/gantry_lidars/install/gantry_lidar_interfaces/include/gantry_lidar_interfaces/gantry_lidar_interfaces/msg/rosidl_typesupport_fastrtps_cpp__visibility_control.h
[29.556s] -- Up-to-date: /home/gantry_lattepanda/Ryan_ws/gantry_lidars/install/gantry_lidar_interfaces/include/gantry_lidar_interfaces/gantry_lidar_interfaces/srv
[29.556s] -- Up-to-date: /home/gantry_lattepanda/Ryan_ws/gantry_lidars/install/gantry_lidar_interfaces/include/gantry_lidar_interfaces/gantry_lidar_interfaces/srv/detail
[29.557s] -- Installing: /home/gantry_lattepanda/Ryan_ws/gantry_lidars/install/gantry_lidar_interfaces/include/gantry_lidar_interfaces/gantry_lidar_interfaces/srv/detail/dds_fastrtps
[29.558s] -- Installing: /home/gantry_lattepanda/Ryan_ws/gantry_lidars/install/gantry_lidar_interfaces/include/gantry_lidar_interfaces/gantry_lidar_interfaces/srv/detail/capture__rosidl_typesupport_fastrtps_cpp.hpp
[29.558s] -- Installing: /home/gantry_lattepanda/Ryan_ws/gantry_lidars/install/gantry_lidar_interfaces/lib/libgantry_lidar_interfaces__rosidl_typesupport_fastrtps_cpp.so
[29.560s] -- Set non-toolchain portion of runtime path of "/home/gantry_lattepanda/Ryan_ws/gantry_lidars/install/gantry_lidar_interfaces/lib/libgantry_lidar_interfaces__rosidl_typesupport_fastrtps_cpp.so" to ""
[29.561s] -- Up-to-date: /home/gantry_lattepanda/Ryan_ws/gantry_lidars/install/gantry_lidar_interfaces/include/gantry_lidar_interfaces/gantry_lidar_interfaces
[29.561s] -- Up-to-date: /home/gantry_lattepanda/Ryan_ws/gantry_lidars/install/gantry_lidar_interfaces/include/gantry_lidar_interfaces/gantry_lidar_interfaces/srv
[29.561s] -- Up-to-date: /home/gantry_lattepanda/Ryan_ws/gantry_lidars/install/gantry_lidar_interfaces/include/gantry_lidar_interfaces/gantry_lidar_interfaces/srv/detail
[29.562s] -- Installing: /home/gantry_lattepanda/Ryan_ws/gantry_lidars/install/gantry_lidar_interfaces/include/gantry_lidar_interfaces/gantry_lidar_interfaces/srv/detail/capture__rosidl_typesupport_introspection_cpp.hpp
[29.562s] -- Installing: /home/gantry_lattepanda/Ryan_ws/gantry_lidars/install/gantry_lidar_interfaces/include/gantry_lidar_interfaces/gantry_lidar_interfaces/srv/detail/capture__type_support.cpp
[29.563s] -- Installing: /home/gantry_lattepanda/Ryan_ws/gantry_lidars/install/gantry_lidar_interfaces/lib/libgantry_lidar_interfaces__rosidl_typesupport_introspection_cpp.so
[29.565s] -- Set non-toolchain portion of runtime path of "/home/gantry_lattepanda/Ryan_ws/gantry_lidars/install/gantry_lidar_interfaces/lib/libgantry_lidar_interfaces__rosidl_typesupport_introspection_cpp.so" to ""
[29.566s] -- Installing: /home/gantry_lattepanda/Ryan_ws/gantry_lidars/install/gantry_lidar_interfaces/lib/libgantry_lidar_interfaces__rosidl_typesupport_cpp.so
[29.567s] -- Set non-toolchain portion of runtime path of "/home/gantry_lattepanda/Ryan_ws/gantry_lidars/install/gantry_lidar_interfaces/lib/libgantry_lidar_interfaces__rosidl_typesupport_cpp.so" to ""
[29.567s] -- Installing: /home/gantry_lattepanda/Ryan_ws/gantry_lidars/install/gantry_lidar_interfaces/share/gantry_lidar_interfaces/environment/pythonpath.sh
[29.568s] -- Installing: /home/gantry_lattepanda/Ryan_ws/gantry_lidars/install/gantry_lidar_interfaces/share/gantry_lidar_interfaces/environment/pythonpath.dsv
[29.568s] -- Installing: /home/gantry_lattepanda/Ryan_ws/gantry_lidars/install/gantry_lidar_interfaces/lib/python3.12/site-packages/gantry_lidar_interfaces-0.0.0-py3.12.egg-info
[29.569s] -- Installing: /home/gantry_lattepanda/Ryan_ws/gantry_lidars/install/gantry_lidar_interfaces/lib/python3.12/site-packages/gantry_lidar_interfaces-0.0.0-py3.12.egg-info/PKG-INFO
[29.570s] -- Installing: /home/gantry_lattepanda/Ryan_ws/gantry_lidars/install/gantry_lidar_interfaces/lib/python3.12/site-packages/gantry_lidar_interfaces-0.0.0-py3.12.egg-info/dependency_links.txt
[29.570s] -- Installing: /home/gantry_lattepanda/Ryan_ws/gantry_lidars/install/gantry_lidar_interfaces/lib/python3.12/site-packages/gantry_lidar_interfaces-0.0.0-py3.12.egg-info/SOURCES.txt
[29.571s] -- Installing: /home/gantry_lattepanda/Ryan_ws/gantry_lidars/install/gantry_lidar_interfaces/lib/python3.12/site-packages/gantry_lidar_interfaces-0.0.0-py3.12.egg-info/top_level.txt
[29.572s] -- Installing: /home/gantry_lattepanda/Ryan_ws/gantry_lidars/install/gantry_lidar_interfaces/lib/python3.12/site-packages/gantry_lidar_interfaces
[29.572s] -- Installing: /home/gantry_lattepanda/Ryan_ws/gantry_lidars/install/gantry_lidar_interfaces/lib/python3.12/site-packages/gantry_lidar_interfaces/_gantry_lidar_interfaces_s.ep.rosidl_typesupport_c.c
[29.573s] -- Installing: /home/gantry_lattepanda/Ryan_ws/gantry_lidars/install/gantry_lidar_interfaces/lib/python3.12/site-packages/gantry_lidar_interfaces/gantry_lidar_interfaces_s__rosidl_typesupport_c.so
[29.573s] -- Installing: /home/gantry_lattepanda/Ryan_ws/gantry_lidars/install/gantry_lidar_interfaces/lib/python3.12/site-packages/gantry_lidar_interfaces/gantry_lidar_interfaces_s__rosidl_typesupport_fastrtps_c.so
[29.574s] -- Installing: /home/gantry_lattepanda/Ryan_ws/gantry_lidars/install/gantry_lidar_interfaces/lib/python3.12/site-packages/gantry_lidar_interfaces/_gantry_lidar_interfaces_s.ep.rosidl_typesupport_introspection_c.c
[29.575s] -- Installing: /home/gantry_lattepanda/Ryan_ws/gantry_lidars/install/gantry_lidar_interfaces/lib/python3.12/site-packages/gantry_lidar_interfaces/_gantry_lidar_interfaces_s.ep.rosidl_typesupport_fastrtps_c.c
[29.575s] -- Installing: /home/gantry_lattepanda/Ryan_ws/gantry_lidars/install/gantry_lidar_interfaces/lib/python3.12/site-packages/gantry_lidar_interfaces/srv
[29.576s] -- Installing: /home/gantry_lattepanda/Ryan_ws/gantry_lidars/install/gantry_lidar_interfaces/lib/python3.12/site-packages/gantry_lidar_interfaces/srv/_capture.py
[29.576s] -- Installing: /home/gantry_lattepanda/Ryan_ws/gantry_lidars/install/gantry_lidar_interfaces/lib/python3.12/site-packages/gantry_lidar_interfaces/srv/_capture_s.c
[29.578s] -- Installing: /home/gantry_lattepanda/Ryan_ws/gantry_lidars/install/gantry_lidar_interfaces/lib/python3.12/site-packages/gantry_lidar_interfaces/srv/__init__.py
[29.578s] -- Installing: /home/gantry_lattepanda/Ryan_ws/gantry_lidars/install/gantry_lidar_interfaces/lib/python3.12/site-packages/gantry_lidar_interfaces/gantry_lidar_interfaces_s__rosidl_typesupport_introspection_c.so
[29.580s] -- Installing: /home/gantry_lattepanda/Ryan_ws/gantry_lidars/install/gantry_lidar_interfaces/lib/python3.12/site-packages/gantry_lidar_interfaces/__init__.py
[29.686s] Listing '/home/gantry_lattepanda/Ryan_ws/gantry_lidars/install/gantry_lidar_interfaces/lib/python3.12/site-packages/gantry_lidar_interfaces'...
[29.687s] Compiling '/home/gantry_lattepanda/Ryan_ws/gantry_lidars/install/gantry_lidar_interfaces/lib/python3.12/site-packages/gantry_lidar_interfaces/__init__.py'...
[29.687s] Listing '/home/gantry_lattepanda/Ryan_ws/gantry_lidars/install/gantry_lidar_interfaces/lib/python3.12/site-packages/gantry_lidar_interfaces/srv'...
[29.687s] Compiling '/home/gantry_lattepanda/Ryan_ws/gantry_lidars/install/gantry_lidar_interfaces/lib/python3.12/site-packages/gantry_lidar_interfaces/srv/__init__.py'...
[29.687s] Compiling '/home/gantry_lattepanda/Ryan_ws/gantry_lidars/install/gantry_lidar_interfaces/lib/python3.12/site-packages/gantry_lidar_interfaces/srv/_capture.py'...
[29.704s] -- Installing: /home/gantry_lattepanda/Ryan_ws/gantry_lidars/install/gantry_lidar_interfaces/lib/python3.12/site-packages/gantry_lidar_interfaces/gantry_lidar_interfaces_s__rosidl_typesupport_fastrtps_c.so
[29.707s] -- Set non-toolchain portion of runtime path of "/home/gantry_lattepanda/Ryan_ws/gantry_lidars/install/gantry_lidar_interfaces/lib/python3.12/site-packages/gantry_lidar_interfaces/gantry_lidar_interfaces_s__rosidl_typesupport_fastrtps_c.so" to ""
[29.707s] -- Installing: /home/gantry_lattepanda/Ryan_ws/gantry_lidars/install/gantry_lidar_interfaces/lib/python3.12/site-packages/gantry_lidar_interfaces/gantry_lidar_interfaces_s__rosidl_typesupport_introspection_c.so
[29.709s] -- Set non-toolchain portion of runtime path of "/home/gantry_lattepanda/Ryan_ws/gantry_lidars/install/gantry_lidar_interfaces/lib/python3.12/site-packages/gantry_lidar_interfaces/gantry_lidar_interfaces_s__rosidl_typesupport_introspection_c.so" to ""
[29.710s] -- Installing: /home/gantry_lattepanda/Ryan_ws/gantry_lidars/install/gantry_lidar_interfaces/lib/python3.12/site-packages/gantry_lidar_interfaces/gantry_lidar_interfaces_s__rosidl_typesupport_c.so
[29.711s] -- Set non-toolchain portion of runtime path of "/home/gantry_lattepanda/Ryan_ws/gantry_lidars/install/gantry_lidar_interfaces/lib/python3.12/site-packages/gantry_lidar_interfaces/gantry_lidar_interfaces_s__rosidl_typesupport_c.so" to ""
[29.713s] -- Installing: /home/gantry_lattepanda/Ryan_ws/gantry_lidars/install/gantry_lidar_interfaces/lib/libgantry_lidar_interfaces__rosidl_generator_py.so
[29.713s] -- Set non-toolchain portion of runtime path of "/home/gantry_lattepanda/Ryan_ws/gantry_lidars/install/gantry_lidar_interfaces/lib/libgantry_lidar_interfaces__rosidl_generator_py.so" to ""
[29.714s] -- Installing: /home/gantry_lattepanda/Ryan_ws/gantry_lidars/install/gantry_lidar_interfaces/share/gantry_lidar_interfaces/srv/Capture.idl
[29.716s] -- Installing: /home/gantry_lattepanda/Ryan_ws/gantry_lidars/install/gantry_lidar_interfaces/share/gantry_lidar_interfaces/srv/Capture.srv
[29.716s] -- Installing: /home/gantry_lattepanda/Ryan_ws/gantry_lidars/install/gantry_lidar_interfaces/share/ament_index/resource_index/package_run_dependencies/gantry_lidar_interfaces
[29.717s] -- Installing: /home/gantry_lattepanda/Ryan_ws/gantry_lidars/install/gantry_lidar_interfaces/share/ament_index/resource_index/parent_prefix_path/gantry_lidar_interfaces
[29.719s] -- Installing: /home/gantry_lattepanda/Ryan_ws/gantry_lidars/install/gantry_lidar_interfaces/share/gantry_lidar_interfaces/environment/ament_prefix_path.sh
[29.719s] -- Installing: /home/gantry_lattepanda/Ryan_ws/gantry_lidars/install/gantry_lidar_interfaces/share/gantry_lidar_interfaces/environment/ament_prefix_path.dsv
[29.720s] -- Installing: /home/gantry_lattepanda/Ryan_ws/gantry_lidars/install/gantry_lidar_interfaces/share/gantry_lidar_interfaces/environment/path.sh
[29.721s] -- Installing: /home/gantry_lattepanda/Ryan_ws/gantry_lidars/install/gantry_lidar_interfaces/share/gantry_lidar_interfaces/environment/path.dsv
[29.722s] -- Installing: /home/gantry_lattepanda/Ryan_ws/gantry_lidars/install/gantry_lidar_interfaces/share/gantry_lidar_interfaces/local_setup.bash
[29.722s] -- Installing: /home/gantry_lattepanda/Ryan_ws/gantry_lidars/install/gantry_lidar_interfaces/share/gantry_lidar_interfaces/local_setup.sh
[29.723s] -- Installing: /home/gantry_lattepanda/Ryan_ws/gantry_lidars/install/gantry_lidar_interfaces/share/gantry_lidar_interfaces/local_setup.zsh
[29.724s] -- Installing: /home/gantry_lattepanda/Ryan_ws/gantry_lidars/install/gantry_lidar_interfaces/share/gantry_lidar_interfaces/local_setup.dsv
[29.724s] -- Installing: /home/gantry_lattepanda/Ryan_ws/gantry_lidars/install/gantry_lidar_interfaces/share/gantry_lidar_interfaces/package.dsv
[29.725s] -- Installing: /home/gantry_lattepanda/Ryan_ws/gantry_lidars/install/gantry_lidar_interfaces/share/ament_index/resource_index/packages/gantry_lidar_interfaces
[29.726s] -- Installing: /home/gantry_lattepanda/Ryan_ws/gantry_lidars/install/gantry_lidar_interfaces/share/gantry_lidar_interfaces/cmake/export_gantry_lidar_interfaces__rosidl_generator_cExport.cmake
[29.727s] -- Installing: /home/gantry_lattepanda/Ryan_ws/gantry_lidars/install/gantry_lidar_interfaces/share/gantry_lidar_interfaces/cmake/export_gantry_lidar_interfaces__rosidl_generator_cExport-noconfig.cmake
[29.728s] -- Installing: /home/gantry_lattepanda/Ryan_ws/gantry_lidars/install/gantry_lidar_interfaces/share/gantry_lidar_interfaces/cmake/export_gantry_lidar_interfaces__rosidl_typesupport_fastrtps_cExport.cmake
[29.728s] -- Installing: /home/gantry_lattepanda/Ryan_ws/gantry_lidars/install/gantry_lidar_interfaces/share/gantry_lidar_interfaces/cmake/export_gantry_lidar_interfaces__rosidl_typesupport_fastrtps_cExport-noconfig.cmake
[29.729s] -- Installing: /home/gantry_lattepanda/Ryan_ws/gantry_lidars/install/gantry_lidar_interfaces/share/gantry_lidar_interfaces/cmake/gantry_lidar_interfaces__rosidl_typesupport_introspection_cExport.cmake
[29.730s] -- Installing: /home/gantry_lattepanda/Ryan_ws/gantry_lidars/install/gantry_lidar_interfaces/share/gantry_lidar_interfaces/cmake/gantry_lidar_interfaces__rosidl_typesupport_introspection_cExport-noconfig.cmake
[29.732s] -- Installing: /home/gantry_lattepanda/Ryan_ws/gantry_lidars/install/gantry_lidar_interfaces/share/gantry_lidar_interfaces/cmake/gantry_lidar_interfaces__rosidl_typesupport_cExport.cmake
[29.732s] -- Installing: /home/gantry_lattepanda/Ryan_ws/gantry_lidars/install/gantry_lidar_interfaces/share/gantry_lidar_interfaces/cmake/gantry_lidar_interfaces__rosidl_typesupport_cExport-noconfig.cmake
[29.734s] -- Installing: /home/gantry_lattepanda/Ryan_ws/gantry_lidars/install/gantry_lidar_interfaces/share/gantry_lidar_interfaces/cmake/export_gantry_lidar_interfaces__rosidl_generator_cppExport.cmake
[29.734s] -- Installing: /home/gantry_lattepanda/Ryan_ws/gantry_lidars/install/gantry_lidar_interfaces/share/gantry_lidar_interfaces/cmake/export_gantry_lidar_interfaces__rosidl_typesupport_fastrtps_cppExport.cmake
[29.735s] -- Installing: /home/gantry_lattepanda/Ryan_ws/gantry_lidars/install/gantry_lidar_interfaces/share/gantry_lidar_interfaces/cmake/export_gantry_lidar_interfaces__rosidl_typesupport_fastrtps_cppExport-noconfig.cmake
[29.736s] -- Installing: /home/gantry_lattepanda/Ryan_ws/gantry_lidars/install/gantry_lidar_interfaces/share/gantry_lidar_interfaces/cmake/gantry_lidar_interfaces__rosidl_typesupport_introspection_cppExport.cmake
[29.736s] -- Installing: /home/gantry_lattepanda/Ryan_ws/gantry_lidars/install/gantry_lidar_interfaces/share/gantry_lidar_interfaces/cmake/gantry_lidar_interfaces__rosidl_typesupport_introspection_cppExport-noconfig.cmake
[29.738s] -- Installing: /home/gantry_lattepanda/Ryan_ws/gantry_lidars/install/gantry_lidar_interfaces/share/gantry_lidar_interfaces/cmake/gantry_lidar_interfaces__rosidl_typesupport_cppExport.cmake
[29.739s] -- Installing: /home/gantry_lattepanda/Ryan_ws/gantry_lidars/install/gantry_lidar_interfaces/share/gantry_lidar_interfaces/cmake/gantry_lidar_interfaces__rosidl_typesupport_cppExport-noconfig.cmake
[29.740s] -- Installing: /home/gantry_lattepanda/Ryan_ws/gantry_lidars/install/gantry_lidar_interfaces/share/gantry_lidar_interfaces/cmake/export_gantry_lidar_interfaces__rosidl_generator_pyExport.cmake
[29.740s] -- Installing: /home/gantry_lattepanda/Ryan_ws/gantry_lidars/install/gantry_lidar_interfaces/share/gantry_lidar_interfaces/cmake/export_gantry_lidar_interfaces__rosidl_generator_pyExport-noconfig.cmake
[29.741s] -- Installing: /home/gantry_lattepanda/Ryan_ws/gantry_lidars/install/gantry_lidar_interfaces/share/gantry_lidar_interfaces/cmake/rosidl_cmake-extras.cmake
[29.742s] -- Installing: /home/gantry_lattepanda/Ryan_ws/gantry_lidars/install/gantry_lidar_interfaces/share/gantry_lidar_interfaces/cmake/ament_cmake_export_dependencies-extras.cmake
[29.743s] -- Installing: /home/gantry_lattepanda/Ryan_ws/gantry_lidars/install/gantry_lidar_interfaces/share/gantry_lidar_interfaces/cmake/ament_cmake_export_include_directories-extras.cmake
[29.745s] -- Installing: /home/gantry_lattepanda/Ryan_ws/gantry_lidars/install/gantry_lidar_interfaces/share/gantry_lidar_interfaces/cmake/ament_cmake_export_libraries-extras.cmake
[29.745s] -- Installing: /home/gantry_lattepanda/Ryan_ws/gantry_lidars/install/gantry_lidar_interfaces/share/gantry_lidar_interfaces/cmake/ament_cmake_export_targets-extras.cmake
[29.747s] -- Installing: /home/gantry_lattepanda/Ryan_ws/gantry_lidars/install/gantry_lidar_interfaces/share/gantry_lidar_interfaces/cmake/rosidl_cmake_export_typesupport_targets-extras.cmake
[29.749s] -- Installing: /home/gantry_lattepanda/Ryan_ws/gantry_lidars/install/gantry_lidar_interfaces/share/gantry_lidar_interfaces/cmake/rosidl_cmake_export_typesupport_libraries-extras.cmake
[29.750s] -- Installing: /home/gantry_lattepanda/Ryan_ws/gantry_lidars/install/gantry_lidar_interfaces/share/gantry_lidar_interfaces/cmake/gantry_lidar_interfacesConfig.cmake
[29.750s] -- Installing: /home/gantry_lattepanda/Ryan_ws/gantry_lidars/install/gantry_lidar_interfaces/share/gantry_lidar_interfaces/cmake/gantry_lidar_interfacesConfig-version.cmake
[29.751s] -- Installing: /home/gantry_lattepanda/Ryan_ws/gantry_lidars/install/gantry_lidar_interfaces/share/gantry_lidar_interfaces/package.xml
[29.758s] Invoked command in '/home/gantry_lattepanda/Ryan_ws/gantry_lidars/build/gantry_lidar_interfaces' returned '0': CMAKE_PREFIX_PATH=${CMAKE_PREFIX_PATH}:/home/gantry_lattepanda/Ryan_ws/gantry_lidars/install/gantry_services:/home/gantry_lattepanda/Ryan_ws/gantry_lidars/install/gantry_lidars:/opt/ros/jazzy DEBUGINFOD_URLS=https://debuginfod.ubuntu.com /usr/bin/cmake --install /home/gantry_lattepanda/Ryan_ws/gantry_lidars/build/gantry_lidar_interfaces
