[2.573s] Invoking command in '/home/gantry_lattepanda/Ryan_ws/gantry_lidars/src/gantry_services': AMENT_PREFIX_PATH=/home/gantry_lattepanda/Ryan_ws/gantry_lidars/install/gantry_lidar_interfaces:${AMENT_PREFIX_PATH} CMAKE_PREFIX_PATH=/home/gantry_lattepanda/Ryan_ws/gantry_lidars/install/gantry_lidar_interfaces:${CMAKE_PREFIX_PATH} DEBUGINFOD_URLS=https://debuginfod.ubuntu.com LD_LIBRARY_PATH=/home/gantry_lattepanda/Ryan_ws/gantry_lidars/install/gantry_lidar_interfaces/lib:${LD_LIBRARY_PATH} PYTHONPATH=/home/gantry_lattepanda/Ryan_ws/gantry_lidars/build/gantry_services/prefix_override:/usr/lib/python3/dist-packages/colcon_core/task/python/colcon_distutils_commands:/home/gantry_lattepanda/Ryan_ws/gantry_lidars/install/gantry_services/lib/python3.12/site-packages:/home/gantry_lattepanda/Ryan_ws/gantry_lidars/install/gantry_lidar_interfaces/lib/python3.12/site-packages:${PYTHONPATH} /usr/bin/python3 -W ignore:setup.py install is deprecated -W ignore:easy_install command is deprecated setup.py egg_info --egg-base ../../build/gantry_services build --build-base /home/gantry_lattepanda/Ryan_ws/gantry_lidars/build/gantry_services/build install --record /home/gantry_lattepanda/Ryan_ws/gantry_lidars/build/gantry_services/install.log --single-version-externally-managed install_data
[3.475s] running egg_info
[3.481s] creating ../../build/gantry_services/gantry_services.egg-info
[3.538s] writing ../../build/gantry_services/gantry_services.egg-info/PKG-INFO
[3.538s] writing dependency_links to ../../build/gantry_services/gantry_services.egg-info/dependency_links.txt
[3.539s] writing entry points to ../../build/gantry_services/gantry_services.egg-info/entry_points.txt
[3.539s] writing requirements to ../../build/gantry_services/gantry_services.egg-info/requires.txt
[3.539s] writing top-level names to ../../build/gantry_services/gantry_services.egg-info/top_level.txt
[3.542s] writing manifest file '../../build/gantry_services/gantry_services.egg-info/SOURCES.txt'
[3.677s] reading manifest file '../../build/gantry_services/gantry_services.egg-info/SOURCES.txt'
[3.680s] writing manifest file '../../build/gantry_services/gantry_services.egg-info/SOURCES.txt'
[3.683s] running build
[3.685s] running build_py
[3.686s] creating /home/gantry_lattepanda/Ryan_ws/gantry_lidars/build/gantry_services/build
[3.687s] creating /home/gantry_lattepanda/Ryan_ws/gantry_lidars/build/gantry_services/build/lib
[3.687s] creating /home/gantry_lattepanda/Ryan_ws/gantry_lidars/build/gantry_services/build/lib/gantry_services
[3.687s] copying gantry_services/GantryCaptureService.py -> /home/gantry_lattepanda/Ryan_ws/gantry_lidars/build/gantry_services/build/lib/gantry_services
[3.687s] copying gantry_services/__init__.py -> /home/gantry_lattepanda/Ryan_ws/gantry_lidars/build/gantry_services/build/lib/gantry_services
[3.687s] running install
[3.702s] running install_lib
[3.776s] creating /home/gantry_lattepanda/Ryan_ws/gantry_lidars/install/gantry_services/lib/python3.12/site-packages/gantry_services
[3.776s] copying /home/gantry_lattepanda/Ryan_ws/gantry_lidars/build/gantry_services/build/lib/gantry_services/GantryCaptureService.py -> /home/gantry_lattepanda/Ryan_ws/gantry_lidars/install/gantry_services/lib/python3.12/site-packages/gantry_services
[3.776s] copying /home/gantry_lattepanda/Ryan_ws/gantry_lidars/build/gantry_services/build/lib/gantry_services/__init__.py -> /home/gantry_lattepanda/Ryan_ws/gantry_lidars/install/gantry_services/lib/python3.12/site-packages/gantry_services
[3.783s] byte-compiling /home/gantry_lattepanda/Ryan_ws/gantry_lidars/install/gantry_services/lib/python3.12/site-packages/gantry_services/GantryCaptureService.py to GantryCaptureService.cpython-312.pyc
[3.784s] byte-compiling /home/gantry_lattepanda/Ryan_ws/gantry_lidars/install/gantry_services/lib/python3.12/site-packages/gantry_services/__init__.py to __init__.cpython-312.pyc
[3.788s] running install_data
[3.788s] creating /home/gantry_lattepanda/Ryan_ws/gantry_lidars/install/gantry_services/share/ament_index
[3.788s] creating /home/gantry_lattepanda/Ryan_ws/gantry_lidars/install/gantry_services/share/ament_index/resource_index
[3.788s] creating /home/gantry_lattepanda/Ryan_ws/gantry_lidars/install/gantry_services/share/ament_index/resource_index/packages
[3.788s] copying resource/gantry_services -> /home/gantry_lattepanda/Ryan_ws/gantry_lidars/install/gantry_services/share/ament_index/resource_index/packages
[3.795s] copying package.xml -> /home/gantry_lattepanda/Ryan_ws/gantry_lidars/install/gantry_services/share/gantry_services
[3.795s] running install_egg_info
[3.864s] Copying ../../build/gantry_services/gantry_services.egg-info to /home/gantry_lattepanda/Ryan_ws/gantry_lidars/install/gantry_services/lib/python3.12/site-packages/gantry_services-0.0.0-py3.12.egg-info
[3.868s] running install_scripts
[4.291s] Installing gantry_capture_service script to /home/gantry_lattepanda/Ryan_ws/gantry_lidars/install/gantry_services/lib/gantry_services
[4.293s] writing list of installed files to '/home/gantry_lattepanda/Ryan_ws/gantry_lidars/build/gantry_services/install.log'
[4.376s] Invoked command in '/home/gantry_lattepanda/Ryan_ws/gantry_lidars/src/gantry_services' returned '0': AMENT_PREFIX_PATH=/home/gantry_lattepanda/Ryan_ws/gantry_lidars/install/gantry_lidar_interfaces:${AMENT_PREFIX_PATH} CMAKE_PREFIX_PATH=/home/gantry_lattepanda/Ryan_ws/gantry_lidars/install/gantry_lidar_interfaces:${CMAKE_PREFIX_PATH} DEBUGINFOD_URLS=https://debuginfod.ubuntu.com LD_LIBRARY_PATH=/home/gantry_lattepanda/Ryan_ws/gantry_lidars/install/gantry_lidar_interfaces/lib:${LD_LIBRARY_PATH} PYTHONPATH=/home/gantry_lattepanda/Ryan_ws/gantry_lidars/build/gantry_services/prefix_override:/usr/lib/python3/dist-packages/colcon_core/task/python/colcon_distutils_commands:/home/gantry_lattepanda/Ryan_ws/gantry_lidars/install/gantry_services/lib/python3.12/site-packages:/home/gantry_lattepanda/Ryan_ws/gantry_lidars/install/gantry_lidar_interfaces/lib/python3.12/site-packages:${PYTHONPATH} /usr/bin/python3 -W ignore:setup.py install is deprecated -W ignore:easy_install command is deprecated setup.py egg_info --egg-base ../../build/gantry_services build --build-base /home/gantry_lattepanda/Ryan_ws/gantry_lidars/build/gantry_services/build install --record /home/gantry_lattepanda/Ryan_ws/gantry_lidars/build/gantry_services/install.log --single-version-externally-managed install_data
