[0.063s] Invoking command in '/home/gantry_lattepanda/Ryan_ws/gantry_lidars/build/gantry_lidar_interfaces': CMAKE_PREFIX_PATH=${CMAKE_PREFIX_PATH}:/home/gantry_lattepanda/Ryan_ws/gantry_lidars/install/gantry_services:/home/gantry_lattepanda/Ryan_ws/gantry_lidars/install/gantry_lidars:/opt/ros/jazzy DEBUGINFOD_URLS=https://debuginfod.ubuntu.com /usr/bin/cmake /home/gantry_lattepanda/Ryan_ws/gantry_lidars/src/gantry_lidar_interfaces -DCMAKE_INSTALL_PREFIX=/home/gantry_lattepanda/Ryan_ws/gantry_lidars/install/gantry_lidar_interfaces
[0.278s] -- The C compiler identification is GNU 13.3.0
[0.550s] -- The CXX compiler identification is GNU 13.3.0
[0.597s] -- Detecting C compiler ABI info
[0.882s] -- Detecting C compiler ABI info - done
[0.916s] -- Check for working C compiler: /usr/bin/cc - skipped
[0.916s] -- Detecting C compile features
[0.916s] -- Detecting C compile features - done
[0.938s] -- Detecting CXX compiler ABI info
[1.225s] -- Detecting CXX compiler ABI info - done
[1.259s] -- Check for working CXX compiler: /usr/bin/c++ - skipped
[1.259s] -- Detecting CXX compile features
[1.260s] -- Detecting CXX compile features - done
[1.268s] -- Found ament_cmake: 2.5.4 (/opt/ros/jazzy/share/ament_cmake/cmake)
[1.884s] -- Found Python3: /usr/bin/python3 (found version "3.12.3") found components: Interpreter 
[2.265s] -- Found rosidl_default_generators: 1.6.0 (/opt/ros/jazzy/share/rosidl_default_generators/cmake)
[2.288s] -- Using all available rosidl_typesupport_c: rosidl_typesupport_fastrtps_c;rosidl_typesupport_introspection_c
[2.508s] -- Using all available rosidl_typesupport_cpp: rosidl_typesupport_fastrtps_cpp;rosidl_typesupport_introspection_cpp
[2.672s] -- Found rosidl_adapter: 4.6.5 (/opt/ros/jazzy/share/rosidl_adapter/cmake)
[2.690s] -- Found ament_lint_auto: 0.17.2 (/opt/ros/jazzy/share/ament_lint_auto/cmake)
[3.952s] [31mCMake Error at /opt/ros/jazzy/share/rosidl_cmake/cmake/rosidl_generate_interfaces.cmake:223 (message):
[3.953s]   Packages installing interfaces must include
[3.953s]   '<member_of_group>rosidl_interface_packages</member_of_group>' in their
[3.953s]   package.xml
[3.953s] Call Stack (most recent call first):
[3.953s]   CMakeLists.txt:27 (rosidl_generate_interfaces)
[3.954s] 
[3.954s] [0m
[3.954s] -- Configuring incomplete, errors occurred!
[3.982s] Invoked command in '/home/gantry_lattepanda/Ryan_ws/gantry_lidars/build/gantry_lidar_interfaces' returned '1': CMAKE_PREFIX_PATH=${CMAKE_PREFIX_PATH}:/home/gantry_lattepanda/Ryan_ws/gantry_lidars/install/gantry_services:/home/gantry_lattepanda/Ryan_ws/gantry_lidars/install/gantry_lidars:/opt/ros/jazzy DEBUGINFOD_URLS=https://debuginfod.ubuntu.com /usr/bin/cmake /home/gantry_lattepanda/Ryan_ws/gantry_lidars/src/gantry_lidar_interfaces -DCMAKE_INSTALL_PREFIX=/home/gantry_lattepanda/Ryan_ws/gantry_lidars/install/gantry_lidar_interfaces
