[2.998s] Invoking command in '/home/gantry_lattepanda/Ryan_ws/gantry_lidars/src/gantry_lidars': DEBUGINFOD_URLS=https://debuginfod.ubuntu.com PS1=(venv) \[\e]0;\u@\h: \w\a\]${debian_chroot:+($debian_chroot)}\[\033[01;32m\]\u@\h\[\033[00m\]:\[\033[01;34m\]\w\[\033[00m\]\$ PYTHONPATH=/home/gantry_lattepanda/Ryan_ws/gantry_lidars/build/gantry_lidars/prefix_override:/usr/lib/python3/dist-packages/colcon_core/task/python/colcon_distutils_commands:/home/gantry_lattepanda/Ryan_ws/gantry_lidars/install/gantry_lidars/lib/python3.12/site-packages:${PYTHONPATH} VIRTUAL_ENV_PROMPT=(venv) /usr/bin/python3 -W ignore:setup.py install is deprecated -W ignore:easy_install command is deprecated setup.py egg_info --egg-base ../../build/gantry_lidars build --build-base /home/gantry_lattepanda/Ryan_ws/gantry_lidars/build/gantry_lidars/build install --record /home/gantry_lattepanda/Ryan_ws/gantry_lidars/build/gantry_lidars/install.log --single-version-externally-managed install_data
[3.979s] running egg_info
[4.068s] writing ../../build/gantry_lidars/gantry_lidars.egg-info/PKG-INFO
[4.069s] writing dependency_links to ../../build/gantry_lidars/gantry_lidars.egg-info/dependency_links.txt
[4.070s] writing entry points to ../../build/gantry_lidars/gantry_lidars.egg-info/entry_points.txt
[4.073s] writing requirements to ../../build/gantry_lidars/gantry_lidars.egg-info/requires.txt
[4.074s] writing top-level names to ../../build/gantry_lidars/gantry_lidars.egg-info/top_level.txt
[4.261s] reading manifest file '../../build/gantry_lidars/gantry_lidars.egg-info/SOURCES.txt'
[4.264s] writing manifest file '../../build/gantry_lidars/gantry_lidars.egg-info/SOURCES.txt'
[4.266s] running build
[4.267s] running build_py
[4.267s] copying gantry_lidars/PointCloudMerger.py -> /home/gantry_lattepanda/Ryan_ws/gantry_lidars/build/gantry_lidars/build/lib/gantry_lidars
[4.268s] running install
[4.292s] running install_lib
[4.416s] copying /home/gantry_lattepanda/Ryan_ws/gantry_lidars/build/gantry_lidars/build/lib/gantry_lidars/PointCloudMerger.py -> /home/gantry_lattepanda/Ryan_ws/gantry_lidars/install/gantry_lidars/lib/python3.12/site-packages/gantry_lidars
[4.421s] byte-compiling /home/gantry_lattepanda/Ryan_ws/gantry_lidars/install/gantry_lidars/lib/python3.12/site-packages/gantry_lidars/PointCloudMerger.py to PointCloudMerger.cpython-312.pyc
[4.422s]   File "/home/gantry_lattepanda/Ryan_ws/gantry_lidars/install/gantry_lidars/lib/python3.12/site-packages/gantry_lidars/PointCloudMerger.py", line 21
[4.423s]     T = data['Transform']['R'])
[4.423s]                               ^
[4.424s] SyntaxError: unmatched ')'
[4.424s] 
[4.425s] running install_data
[4.425s] running install_egg_info
[4.521s] removing '/home/gantry_lattepanda/Ryan_ws/gantry_lidars/install/gantry_lidars/lib/python3.12/site-packages/gantry_lidars-0.0.0-py3.12.egg-info' (and everything under it)
[4.522s] Copying ../../build/gantry_lidars/gantry_lidars.egg-info to /home/gantry_lattepanda/Ryan_ws/gantry_lidars/install/gantry_lidars/lib/python3.12/site-packages/gantry_lidars-0.0.0-py3.12.egg-info
[4.525s] running install_scripts
[5.023s] Installing gantry_lidars script to /home/gantry_lattepanda/Ryan_ws/gantry_lidars/install/gantry_lidars/lib/gantry_lidars
[5.025s] writing list of installed files to '/home/gantry_lattepanda/Ryan_ws/gantry_lidars/build/gantry_lidars/install.log'
[5.135s] Invoked command in '/home/gantry_lattepanda/Ryan_ws/gantry_lidars/src/gantry_lidars' returned '0': DEBUGINFOD_URLS=https://debuginfod.ubuntu.com PS1=(venv) \[\e]0;\u@\h: \w\a\]${debian_chroot:+($debian_chroot)}\[\033[01;32m\]\u@\h\[\033[00m\]:\[\033[01;34m\]\w\[\033[00m\]\$ PYTHONPATH=/home/gantry_lattepanda/Ryan_ws/gantry_lidars/build/gantry_lidars/prefix_override:/usr/lib/python3/dist-packages/colcon_core/task/python/colcon_distutils_commands:/home/gantry_lattepanda/Ryan_ws/gantry_lidars/install/gantry_lidars/lib/python3.12/site-packages:${PYTHONPATH} VIRTUAL_ENV_PROMPT=(venv) /usr/bin/python3 -W ignore:setup.py install is deprecated -W ignore:easy_install command is deprecated setup.py egg_info --egg-base ../../build/gantry_lidars build --build-base /home/gantry_lattepanda/Ryan_ws/gantry_lidars/build/gantry_lidars/build install --record /home/gantry_lattepanda/Ryan_ws/gantry_lidars/build/gantry_lidars/install.log --single-version-externally-managed install_data
