[4.066s] Invoking command in '/home/gantry_lattepanda/Ryan_ws/gantry_lidars/src/gantry_services': DEBUGINFOD_URLS=https://debuginfod.ubuntu.com PYTHONPATH=/home/gantry_lattepanda/Ryan_ws/gantry_lidars/build/gantry_services/prefix_override:/usr/lib/python3/dist-packages/colcon_core/task/python/colcon_distutils_commands:/home/gantry_lattepanda/Ryan_ws/gantry_lidars/install/gantry_services/lib/python3.12/site-packages:${PYTHONPATH} /usr/bin/python3 -W ignore:setup.py install is deprecated -W ignore:easy_install command is deprecated setup.py egg_info --egg-base ../../build/gantry_services build --build-base /home/gantry_lattepanda/Ryan_ws/gantry_lidars/build/gantry_services/build install --record /home/gantry_lattepanda/Ryan_ws/gantry_lidars/build/gantry_services/install.log --single-version-externally-managed install_data
[5.644s] running egg_info
[5.647s] creating ../../build/gantry_services/gantry_services.egg-info
[5.812s] writing ../../build/gantry_services/gantry_services.egg-info/PKG-INFO
[5.812s] writing dependency_links to ../../build/gantry_services/gantry_services.egg-info/dependency_links.txt
[5.812s] writing entry points to ../../build/gantry_services/gantry_services.egg-info/entry_points.txt
[5.822s] writing requirements to ../../build/gantry_services/gantry_services.egg-info/requires.txt
[5.822s] writing top-level names to ../../build/gantry_services/gantry_services.egg-info/top_level.txt
[5.823s] writing manifest file '../../build/gantry_services/gantry_services.egg-info/SOURCES.txt'
[6.055s] reading manifest file '../../build/gantry_services/gantry_services.egg-info/SOURCES.txt'
[6.060s] writing manifest file '../../build/gantry_services/gantry_services.egg-info/SOURCES.txt'
[6.068s] running build
[6.068s] running build_py
[6.071s] creating /home/gantry_lattepanda/Ryan_ws/gantry_lidars/build/gantry_services/build
[6.072s] creating /home/gantry_lattepanda/Ryan_ws/gantry_lidars/build/gantry_services/build/lib
[6.072s] creating /home/gantry_lattepanda/Ryan_ws/gantry_lidars/build/gantry_services/build/lib/gantry_services
[6.078s] copying gantry_services/GantryCaptureService.py -> /home/gantry_lattepanda/Ryan_ws/gantry_lidars/build/gantry_services/build/lib/gantry_services
[6.078s] copying gantry_services/__init__.py -> /home/gantry_lattepanda/Ryan_ws/gantry_lidars/build/gantry_services/build/lib/gantry_services
[6.078s] running install
[6.119s] running install_lib
[6.251s] creating /home/gantry_lattepanda/Ryan_ws/gantry_lidars/install/gantry_services/lib/python3.12/site-packages/gantry_services
[6.253s] copying /home/gantry_lattepanda/Ryan_ws/gantry_lidars/build/gantry_services/build/lib/gantry_services/GantryCaptureService.py -> /home/gantry_lattepanda/Ryan_ws/gantry_lidars/install/gantry_services/lib/python3.12/site-packages/gantry_services
[6.254s] copying /home/gantry_lattepanda/Ryan_ws/gantry_lidars/build/gantry_services/build/lib/gantry_services/__init__.py -> /home/gantry_lattepanda/Ryan_ws/gantry_lidars/install/gantry_services/lib/python3.12/site-packages/gantry_services
[6.256s] byte-compiling /home/gantry_lattepanda/Ryan_ws/gantry_lidars/install/gantry_services/lib/python3.12/site-packages/gantry_services/GantryCaptureService.py to GantryCaptureService.cpython-312.pyc
[6.266s] byte-compiling /home/gantry_lattepanda/Ryan_ws/gantry_lidars/install/gantry_services/lib/python3.12/site-packages/gantry_services/__init__.py to __init__.cpython-312.pyc
[6.269s] running install_data
[6.269s] creating /home/gantry_lattepanda/Ryan_ws/gantry_lidars/install/gantry_services/share/ament_index
[6.270s] creating /home/gantry_lattepanda/Ryan_ws/gantry_lidars/install/gantry_services/share/ament_index/resource_index
[6.271s] creating /home/gantry_lattepanda/Ryan_ws/gantry_lidars/install/gantry_services/share/ament_index/resource_index/packages
[6.272s] copying resource/gantry_services -> /home/gantry_lattepanda/Ryan_ws/gantry_lidars/install/gantry_services/share/ament_index/resource_index/packages
[6.274s] copying package.xml -> /home/gantry_lattepanda/Ryan_ws/gantry_lidars/install/gantry_services/share/gantry_services
[6.274s] creating /home/gantry_lattepanda/Ryan_ws/gantry_lidars/install/gantry_services/share/gantry_services/srv
[6.274s] copying srv/Capture.srv -> /home/gantry_lattepanda/Ryan_ws/gantry_lidars/install/gantry_services/share/gantry_services/srv
[6.278s] running install_egg_info
[6.427s] Copying ../../build/gantry_services/gantry_services.egg-info to /home/gantry_lattepanda/Ryan_ws/gantry_lidars/install/gantry_services/lib/python3.12/site-packages/gantry_services-0.0.0-py3.12.egg-info
[6.436s] running install_scripts
[7.200s] Installing gantry_capture_service script to /home/gantry_lattepanda/Ryan_ws/gantry_lidars/install/gantry_services/lib/gantry_services
[7.202s] writing list of installed files to '/home/gantry_lattepanda/Ryan_ws/gantry_lidars/build/gantry_services/install.log'
[7.310s] Invoked command in '/home/gantry_lattepanda/Ryan_ws/gantry_lidars/src/gantry_services' returned '0': DEBUGINFOD_URLS=https://debuginfod.ubuntu.com PYTHONPATH=/home/gantry_lattepanda/Ryan_ws/gantry_lidars/build/gantry_services/prefix_override:/usr/lib/python3/dist-packages/colcon_core/task/python/colcon_distutils_commands:/home/gantry_lattepanda/Ryan_ws/gantry_lidars/install/gantry_services/lib/python3.12/site-packages:${PYTHONPATH} /usr/bin/python3 -W ignore:setup.py install is deprecated -W ignore:easy_install command is deprecated setup.py egg_info --egg-base ../../build/gantry_services build --build-base /home/gantry_lattepanda/Ryan_ws/gantry_lidars/build/gantry_services/build install --record /home/gantry_lattepanda/Ryan_ws/gantry_lidars/build/gantry_services/install.log --single-version-externally-managed install_data
