[0.079s] Invoking command in '/home/gantry_lattepanda/Ryan_ws/gantry_lidars/build/gantry_lidar_interfaces': CMAKE_PREFIX_PATH=${CMAKE_PREFIX_PATH}:/opt/ros/jazzy DEBUGINFOD_URLS=https://debuginfod.ubuntu.com /usr/bin/cmake /home/gantry_lattepanda/Ryan_ws/gantry_lidars/src/gantry_lidar_interfaces -DCMAKE_INSTALL_PREFIX=/home/gantry_lattepanda/Ryan_ws/gantry_lidars/install/gantry_lidar_interfaces
[0.147s] -- Found ament_cmake: 2.5.4 (/opt/ros/jazzy/share/ament_cmake/cmake)
[0.334s] -- Found Python3: /usr/bin/python3 (found version "3.12.3") found components: Interpreter 
[0.591s] -- Override CMake install command with custom implementation using symlinks instead of copying resources
[0.620s] -- Found rosidl_default_generators: 1.6.0 (/opt/ros/jazzy/share/rosidl_default_generators/cmake)
[0.640s] -- Using all available rosidl_typesupport_c: rosidl_typesupport_fastrtps_c;rosidl_typesupport_introspection_c
[0.782s] -- Using all available rosidl_typesupport_cpp: rosidl_typesupport_fastrtps_cpp;rosidl_typesupport_introspection_cpp
[0.878s] -- Found rosidl_adapter: 4.6.5 (/opt/ros/jazzy/share/rosidl_adapter/cmake)
[0.889s] -- Found ament_lint_auto: 0.17.2 (/opt/ros/jazzy/share/ament_lint_auto/cmake)
[1.870s] -- Found ament_cmake_ros: 0.12.0 (/opt/ros/jazzy/share/ament_cmake_ros/cmake)
[2.205s] -- Using all available rosidl_typesupport_c: rosidl_typesupport_fastrtps_c;rosidl_typesupport_introspection_c
[2.745s] -- Using all available rosidl_typesupport_cpp: rosidl_typesupport_fastrtps_cpp;rosidl_typesupport_introspection_cpp
[2.749s] -- Found python_cmake_module: 0.11.1 (/opt/ros/jazzy/share/python_cmake_module/cmake)
[3.577s] -- Found Python3: /usr/bin/python3 (found version "3.12.3") found components: Interpreter Development NumPy Development.Module Development.Embed 
[3.668s] -- Added test 'lint_cmake' to check CMake code style
[3.679s] -- Added test 'xmllint' to check XML markup files
[3.718s] -- Configuring done (3.6s)
[4.000s] -- Generating done (0.2s)
[4.037s] -- Build files have been written to: /home/gantry_lattepanda/Ryan_ws/gantry_lidars/build/gantry_lidar_interfaces
[4.056s] Invoked command in '/home/gantry_lattepanda/Ryan_ws/gantry_lidars/build/gantry_lidar_interfaces' returned '0': CMAKE_PREFIX_PATH=${CMAKE_PREFIX_PATH}:/opt/ros/jazzy DEBUGINFOD_URLS=https://debuginfod.ubuntu.com /usr/bin/cmake /home/gantry_lattepanda/Ryan_ws/gantry_lidars/src/gantry_lidar_interfaces -DCMAKE_INSTALL_PREFIX=/home/gantry_lattepanda/Ryan_ws/gantry_lidars/install/gantry_lidar_interfaces
[4.057s] Invoking command in '/home/gantry_lattepanda/Ryan_ws/gantry_lidars/build/gantry_lidar_interfaces': CMAKE_PREFIX_PATH=${CMAKE_PREFIX_PATH}:/opt/ros/jazzy DEBUGINFOD_URLS=https://debuginfod.ubuntu.com /usr/bin/cmake --build /home/gantry_lattepanda/Ryan_ws/gantry_lidars/build/gantry_lidar_interfaces -- -j4 -l4
[4.209s] [  2%] Built target gantry_lidar_interfaces__rosidl_generator_type_description
[4.291s] [  2%] Built target ament_cmake_python_symlink_gantry_lidar_interfaces
[4.359s] [  5%] Built target gantry_lidar_interfaces__cpp
[5.045s] running egg_info
[5.111s] writing gantry_lidar_interfaces.egg-info/PKG-INFO
[5.113s] writing dependency_links to gantry_lidar_interfaces.egg-info/dependency_links.txt
[5.114s] writing top-level names to gantry_lidar_interfaces.egg-info/top_level.txt
[5.304s] reading manifest file 'gantry_lidar_interfaces.egg-info/SOURCES.txt'
[5.306s] writing manifest file 'gantry_lidar_interfaces.egg-info/SOURCES.txt'
[5.390s] [  5%] Built target ament_cmake_python_build_gantry_lidar_interfaces_egg
[5.447s] [ 20%] Built target gantry_lidar_interfaces__rosidl_generator_c
[5.501s] [ 29%] Built target gantry_lidar_interfaces__rosidl_typesupport_cpp
[5.592s] [ 38%] Built target gantry_lidar_interfaces__rosidl_typesupport_c
[5.695s] [ 47%] Built target gantry_lidar_interfaces__rosidl_typesupport_fastrtps_cpp
[5.770s] [ 55%] Built target gantry_lidar_interfaces__rosidl_typesupport_introspection_cpp
[5.862s] [ 64%] Built target gantry_lidar_interfaces__rosidl_typesupport_introspection_c
[5.952s] [ 73%] Built target gantry_lidar_interfaces__rosidl_typesupport_fastrtps_c
[6.029s] [ 73%] Built target gantry_lidar_interfaces
[6.117s] [ 76%] Built target gantry_lidar_interfaces__py
[6.205s] [ 82%] Built target gantry_lidar_interfaces__rosidl_generator_py
[6.324s] [ 88%] Built target gantry_lidar_interfaces_s__rosidl_typesupport_fastrtps_c
[6.466s] [ 94%] Built target gantry_lidar_interfaces_s__rosidl_typesupport_c
[6.538s] [100%] Built target gantry_lidar_interfaces_s__rosidl_typesupport_introspection_c
[6.574s] Invoked command in '/home/gantry_lattepanda/Ryan_ws/gantry_lidars/build/gantry_lidar_interfaces' returned '0': CMAKE_PREFIX_PATH=${CMAKE_PREFIX_PATH}:/opt/ros/jazzy DEBUGINFOD_URLS=https://debuginfod.ubuntu.com /usr/bin/cmake --build /home/gantry_lattepanda/Ryan_ws/gantry_lidars/build/gantry_lidar_interfaces -- -j4 -l4
[6.599s] Invoking command in '/home/gantry_lattepanda/Ryan_ws/gantry_lidars/build/gantry_lidar_interfaces': CMAKE_PREFIX_PATH=${CMAKE_PREFIX_PATH}:/opt/ros/jazzy DEBUGINFOD_URLS=https://debuginfod.ubuntu.com /usr/bin/cmake --install /home/gantry_lattepanda/Ryan_ws/gantry_lidars/build/gantry_lidar_interfaces
[6.622s] -- Install configuration: ""
[6.622s] -- Execute custom install script
[6.625s] -- Up-to-date symlink: /home/gantry_lattepanda/Ryan_ws/gantry_lidars/install/gantry_lidar_interfaces/share/ament_index/resource_index/rosidl_interfaces/gantry_lidar_interfaces
[6.625s] -- Up-to-date symlink: /home/gantry_lattepanda/Ryan_ws/gantry_lidars/install/gantry_lidar_interfaces/share/gantry_lidar_interfaces/srv/Capture.json
[6.632s] -- Up-to-date symlink: /home/gantry_lattepanda/Ryan_ws/gantry_lidars/install/gantry_lidar_interfaces/include/gantry_lidar_interfaces/gantry_lidar_interfaces/msg/rosidl_generator_c__visibility_control.h
[6.632s] -- Up-to-date symlink: /home/gantry_lattepanda/Ryan_ws/gantry_lidars/install/gantry_lidar_interfaces/include/gantry_lidar_interfaces/gantry_lidar_interfaces/srv/capture.h
[6.632s] -- Up-to-date symlink: /home/gantry_lattepanda/Ryan_ws/gantry_lidars/install/gantry_lidar_interfaces/include/gantry_lidar_interfaces/gantry_lidar_interfaces/srv/detail/capture__functions.h
[6.637s] -- Up-to-date symlink: /home/gantry_lattepanda/Ryan_ws/gantry_lidars/install/gantry_lidar_interfaces/include/gantry_lidar_interfaces/gantry_lidar_interfaces/srv/detail/capture__struct.h
[6.637s] -- Up-to-date symlink: /home/gantry_lattepanda/Ryan_ws/gantry_lidars/install/gantry_lidar_interfaces/include/gantry_lidar_interfaces/gantry_lidar_interfaces/srv/detail/capture__type_support.h
[6.637s] -- Up-to-date symlink: /home/gantry_lattepanda/Ryan_ws/gantry_lidars/install/gantry_lidar_interfaces/share/gantry_lidar_interfaces/environment/library_path.sh
[6.637s] -- Up-to-date symlink: /home/gantry_lattepanda/Ryan_ws/gantry_lidars/install/gantry_lidar_interfaces/share/gantry_lidar_interfaces/environment/library_path.dsv
[6.638s] -- Up-to-date symlink: /home/gantry_lattepanda/Ryan_ws/gantry_lidars/install/gantry_lidar_interfaces/include/gantry_lidar_interfaces/gantry_lidar_interfaces/msg/rosidl_typesupport_fastrtps_c__visibility_control.h
[6.638s] -- Up-to-date symlink: /home/gantry_lattepanda/Ryan_ws/gantry_lidars/install/gantry_lidar_interfaces/include/gantry_lidar_interfaces/gantry_lidar_interfaces/srv/detail/capture__rosidl_typesupport_fastrtps_c.h
[6.638s] -- Up-to-date symlink: /home/gantry_lattepanda/Ryan_ws/gantry_lidars/install/gantry_lidar_interfaces/include/gantry_lidar_interfaces/gantry_lidar_interfaces/msg/rosidl_typesupport_introspection_c__visibility_control.h
[6.638s] -- Up-to-date symlink: /home/gantry_lattepanda/Ryan_ws/gantry_lidars/install/gantry_lidar_interfaces/include/gantry_lidar_interfaces/gantry_lidar_interfaces/srv/detail/capture__rosidl_typesupport_introspection_c.h
[6.638s] -- Up-to-date symlink: /home/gantry_lattepanda/Ryan_ws/gantry_lidars/install/gantry_lidar_interfaces/include/gantry_lidar_interfaces/gantry_lidar_interfaces/msg/rosidl_generator_cpp__visibility_control.hpp
[6.638s] -- Up-to-date symlink: /home/gantry_lattepanda/Ryan_ws/gantry_lidars/install/gantry_lidar_interfaces/include/gantry_lidar_interfaces/gantry_lidar_interfaces/srv/capture.hpp
[6.644s] -- Up-to-date symlink: /home/gantry_lattepanda/Ryan_ws/gantry_lidars/install/gantry_lidar_interfaces/include/gantry_lidar_interfaces/gantry_lidar_interfaces/srv/detail/capture__builder.hpp
[6.647s] -- Up-to-date symlink: /home/gantry_lattepanda/Ryan_ws/gantry_lidars/install/gantry_lidar_interfaces/include/gantry_lidar_interfaces/gantry_lidar_interfaces/srv/detail/capture__struct.hpp
[6.647s] -- Up-to-date symlink: /home/gantry_lattepanda/Ryan_ws/gantry_lidars/install/gantry_lidar_interfaces/include/gantry_lidar_interfaces/gantry_lidar_interfaces/srv/detail/capture__traits.hpp
[6.647s] -- Up-to-date symlink: /home/gantry_lattepanda/Ryan_ws/gantry_lidars/install/gantry_lidar_interfaces/include/gantry_lidar_interfaces/gantry_lidar_interfaces/srv/detail/capture__type_support.hpp
[6.647s] -- Up-to-date symlink: /home/gantry_lattepanda/Ryan_ws/gantry_lidars/install/gantry_lidar_interfaces/include/gantry_lidar_interfaces/gantry_lidar_interfaces/msg/rosidl_typesupport_fastrtps_cpp__visibility_control.h
[6.647s] -- Up-to-date symlink: /home/gantry_lattepanda/Ryan_ws/gantry_lidars/install/gantry_lidar_interfaces/include/gantry_lidar_interfaces/gantry_lidar_interfaces/srv/detail/capture__rosidl_typesupport_fastrtps_cpp.hpp
[6.648s] -- Up-to-date symlink: /home/gantry_lattepanda/Ryan_ws/gantry_lidars/install/gantry_lidar_interfaces/include/gantry_lidar_interfaces/gantry_lidar_interfaces/srv/detail/capture__rosidl_typesupport_introspection_cpp.hpp
[6.648s] -- Up-to-date symlink: /home/gantry_lattepanda/Ryan_ws/gantry_lidars/install/gantry_lidar_interfaces/share/gantry_lidar_interfaces/environment/pythonpath.sh
[6.648s] -- Up-to-date symlink: /home/gantry_lattepanda/Ryan_ws/gantry_lidars/install/gantry_lidar_interfaces/share/gantry_lidar_interfaces/environment/pythonpath.dsv
[6.648s] -- Up-to-date symlink: /home/gantry_lattepanda/Ryan_ws/gantry_lidars/install/gantry_lidar_interfaces/lib/python3.12/site-packages/gantry_lidar_interfaces-0.0.0-py3.12.egg-info/PKG-INFO
[6.648s] -- Up-to-date symlink: /home/gantry_lattepanda/Ryan_ws/gantry_lidars/install/gantry_lidar_interfaces/lib/python3.12/site-packages/gantry_lidar_interfaces-0.0.0-py3.12.egg-info/SOURCES.txt
[6.653s] -- Up-to-date symlink: /home/gantry_lattepanda/Ryan_ws/gantry_lidars/install/gantry_lidar_interfaces/lib/python3.12/site-packages/gantry_lidar_interfaces-0.0.0-py3.12.egg-info/dependency_links.txt
[6.653s] -- Up-to-date symlink: /home/gantry_lattepanda/Ryan_ws/gantry_lidars/install/gantry_lidar_interfaces/lib/python3.12/site-packages/gantry_lidar_interfaces-0.0.0-py3.12.egg-info/top_level.txt
[6.654s] -- Up-to-date symlink: /home/gantry_lattepanda/Ryan_ws/gantry_lidars/install/gantry_lidar_interfaces/lib/python3.12/site-packages/gantry_lidar_interfaces/__init__.py
[6.654s] -- Up-to-date symlink: /home/gantry_lattepanda/Ryan_ws/gantry_lidars/install/gantry_lidar_interfaces/lib/python3.12/site-packages/gantry_lidar_interfaces/_gantry_lidar_interfaces_s.ep.rosidl_typesupport_c.c
[6.654s] -- Up-to-date symlink: /home/gantry_lattepanda/Ryan_ws/gantry_lidars/install/gantry_lidar_interfaces/lib/python3.12/site-packages/gantry_lidar_interfaces/_gantry_lidar_interfaces_s.ep.rosidl_typesupport_fastrtps_c.c
[6.654s] -- Up-to-date symlink: /home/gantry_lattepanda/Ryan_ws/gantry_lidars/install/gantry_lidar_interfaces/lib/python3.12/site-packages/gantry_lidar_interfaces/_gantry_lidar_interfaces_s.ep.rosidl_typesupport_introspection_c.c
[6.654s] -- Up-to-date symlink: /home/gantry_lattepanda/Ryan_ws/gantry_lidars/install/gantry_lidar_interfaces/lib/python3.12/site-packages/gantry_lidar_interfaces/gantry_lidar_interfaces_s__rosidl_typesupport_c.so
[6.654s] -- Up-to-date symlink: /home/gantry_lattepanda/Ryan_ws/gantry_lidars/install/gantry_lidar_interfaces/lib/python3.12/site-packages/gantry_lidar_interfaces/gantry_lidar_interfaces_s__rosidl_typesupport_fastrtps_c.so
[6.655s] -- Up-to-date symlink: /home/gantry_lattepanda/Ryan_ws/gantry_lidars/install/gantry_lidar_interfaces/lib/python3.12/site-packages/gantry_lidar_interfaces/gantry_lidar_interfaces_s__rosidl_typesupport_introspection_c.so
[6.655s] -- Up-to-date symlink: /home/gantry_lattepanda/Ryan_ws/gantry_lidars/install/gantry_lidar_interfaces/lib/python3.12/site-packages/gantry_lidar_interfaces/srv/__init__.py
[6.655s] -- Up-to-date symlink: /home/gantry_lattepanda/Ryan_ws/gantry_lidars/install/gantry_lidar_interfaces/lib/python3.12/site-packages/gantry_lidar_interfaces/srv/_capture.py
[6.655s] -- Up-to-date symlink: /home/gantry_lattepanda/Ryan_ws/gantry_lidars/install/gantry_lidar_interfaces/lib/python3.12/site-packages/gantry_lidar_interfaces/srv/_capture_s.c
[6.655s] -- Up-to-date symlink: /home/gantry_lattepanda/Ryan_ws/gantry_lidars/install/gantry_lidar_interfaces/lib/python3.12/site-packages/gantry_lidar_interfaces/gantry_lidar_interfaces_s__rosidl_typesupport_fastrtps_c.so
[6.667s] -- Up-to-date symlink: /home/gantry_lattepanda/Ryan_ws/gantry_lidars/install/gantry_lidar_interfaces/lib/python3.12/site-packages/gantry_lidar_interfaces/gantry_lidar_interfaces_s__rosidl_typesupport_introspection_c.so
[6.667s] -- Up-to-date symlink: /home/gantry_lattepanda/Ryan_ws/gantry_lidars/install/gantry_lidar_interfaces/lib/python3.12/site-packages/gantry_lidar_interfaces/gantry_lidar_interfaces_s__rosidl_typesupport_c.so
[6.667s] -- Up-to-date symlink: /home/gantry_lattepanda/Ryan_ws/gantry_lidars/install/gantry_lidar_interfaces/share/gantry_lidar_interfaces/srv/Capture.idl
[6.667s] -- Up-to-date symlink: /home/gantry_lattepanda/Ryan_ws/gantry_lidars/install/gantry_lidar_interfaces/share/gantry_lidar_interfaces/srv/Capture.srv
[6.667s] -- Up-to-date symlink: /home/gantry_lattepanda/Ryan_ws/gantry_lidars/install/gantry_lidar_interfaces/share/ament_index/resource_index/package_run_dependencies/gantry_lidar_interfaces
[6.668s] -- Up-to-date symlink: /home/gantry_lattepanda/Ryan_ws/gantry_lidars/install/gantry_lidar_interfaces/share/ament_index/resource_index/parent_prefix_path/gantry_lidar_interfaces
[6.668s] -- Up-to-date symlink: /home/gantry_lattepanda/Ryan_ws/gantry_lidars/install/gantry_lidar_interfaces/share/gantry_lidar_interfaces/environment/ament_prefix_path.sh
[6.668s] -- Up-to-date symlink: /home/gantry_lattepanda/Ryan_ws/gantry_lidars/install/gantry_lidar_interfaces/share/gantry_lidar_interfaces/environment/ament_prefix_path.dsv
[6.668s] -- Up-to-date symlink: /home/gantry_lattepanda/Ryan_ws/gantry_lidars/install/gantry_lidar_interfaces/share/gantry_lidar_interfaces/environment/path.sh
[6.679s] -- Up-to-date symlink: /home/gantry_lattepanda/Ryan_ws/gantry_lidars/install/gantry_lidar_interfaces/share/gantry_lidar_interfaces/environment/path.dsv
[6.682s] -- Up-to-date symlink: /home/gantry_lattepanda/Ryan_ws/gantry_lidars/install/gantry_lidar_interfaces/share/gantry_lidar_interfaces/local_setup.bash
[6.683s] -- Up-to-date symlink: /home/gantry_lattepanda/Ryan_ws/gantry_lidars/install/gantry_lidar_interfaces/share/gantry_lidar_interfaces/local_setup.sh
[6.684s] -- Up-to-date symlink: /home/gantry_lattepanda/Ryan_ws/gantry_lidars/install/gantry_lidar_interfaces/share/gantry_lidar_interfaces/local_setup.zsh
[6.686s] -- Up-to-date symlink: /home/gantry_lattepanda/Ryan_ws/gantry_lidars/install/gantry_lidar_interfaces/share/gantry_lidar_interfaces/local_setup.dsv
[6.686s] -- Symlinking: /home/gantry_lattepanda/Ryan_ws/gantry_lidars/install/gantry_lidar_interfaces/share/gantry_lidar_interfaces/package.dsv
[6.689s] -- Up-to-date symlink: /home/gantry_lattepanda/Ryan_ws/gantry_lidars/install/gantry_lidar_interfaces/share/ament_index/resource_index/packages/gantry_lidar_interfaces
[6.690s] -- Up-to-date symlink: /home/gantry_lattepanda/Ryan_ws/gantry_lidars/install/gantry_lidar_interfaces/share/gantry_lidar_interfaces/cmake/rosidl_cmake-extras.cmake
[6.690s] -- Up-to-date symlink: /home/gantry_lattepanda/Ryan_ws/gantry_lidars/install/gantry_lidar_interfaces/share/gantry_lidar_interfaces/cmake/ament_cmake_export_dependencies-extras.cmake
[6.691s] -- Up-to-date symlink: /home/gantry_lattepanda/Ryan_ws/gantry_lidars/install/gantry_lidar_interfaces/share/gantry_lidar_interfaces/cmake/ament_cmake_export_include_directories-extras.cmake
[6.694s] -- Up-to-date symlink: /home/gantry_lattepanda/Ryan_ws/gantry_lidars/install/gantry_lidar_interfaces/share/gantry_lidar_interfaces/cmake/ament_cmake_export_libraries-extras.cmake
[6.694s] -- Up-to-date symlink: /home/gantry_lattepanda/Ryan_ws/gantry_lidars/install/gantry_lidar_interfaces/share/gantry_lidar_interfaces/cmake/ament_cmake_export_targets-extras.cmake
[6.694s] -- Up-to-date symlink: /home/gantry_lattepanda/Ryan_ws/gantry_lidars/install/gantry_lidar_interfaces/share/gantry_lidar_interfaces/cmake/rosidl_cmake_export_typesupport_targets-extras.cmake
[6.694s] -- Up-to-date symlink: /home/gantry_lattepanda/Ryan_ws/gantry_lidars/install/gantry_lidar_interfaces/share/gantry_lidar_interfaces/cmake/rosidl_cmake_export_typesupport_libraries-extras.cmake
[6.694s] -- Up-to-date symlink: /home/gantry_lattepanda/Ryan_ws/gantry_lidars/install/gantry_lidar_interfaces/share/gantry_lidar_interfaces/cmake/gantry_lidar_interfacesConfig.cmake
[6.694s] -- Up-to-date symlink: /home/gantry_lattepanda/Ryan_ws/gantry_lidars/install/gantry_lidar_interfaces/share/gantry_lidar_interfaces/cmake/gantry_lidar_interfacesConfig-version.cmake
[6.695s] -- Up-to-date symlink: /home/gantry_lattepanda/Ryan_ws/gantry_lidars/install/gantry_lidar_interfaces/share/gantry_lidar_interfaces/package.xml
[6.696s] -- Up-to-date: /home/gantry_lattepanda/Ryan_ws/gantry_lidars/install/gantry_lidar_interfaces/lib/libgantry_lidar_interfaces__rosidl_generator_c.so
[6.696s] -- Up-to-date: /home/gantry_lattepanda/Ryan_ws/gantry_lidars/install/gantry_lidar_interfaces/lib/libgantry_lidar_interfaces__rosidl_typesupport_fastrtps_c.so
[6.696s] -- Up-to-date: /home/gantry_lattepanda/Ryan_ws/gantry_lidars/install/gantry_lidar_interfaces/lib/libgantry_lidar_interfaces__rosidl_typesupport_introspection_c.so
[6.696s] -- Up-to-date: /home/gantry_lattepanda/Ryan_ws/gantry_lidars/install/gantry_lidar_interfaces/lib/libgantry_lidar_interfaces__rosidl_typesupport_c.so
[6.696s] -- Up-to-date: /home/gantry_lattepanda/Ryan_ws/gantry_lidars/install/gantry_lidar_interfaces/lib/libgantry_lidar_interfaces__rosidl_typesupport_fastrtps_cpp.so
[6.697s] -- Up-to-date: /home/gantry_lattepanda/Ryan_ws/gantry_lidars/install/gantry_lidar_interfaces/lib/libgantry_lidar_interfaces__rosidl_typesupport_introspection_cpp.so
[6.697s] -- Up-to-date: /home/gantry_lattepanda/Ryan_ws/gantry_lidars/install/gantry_lidar_interfaces/lib/libgantry_lidar_interfaces__rosidl_typesupport_cpp.so
[6.803s] Listing '/home/gantry_lattepanda/Ryan_ws/gantry_lidars/install/gantry_lidar_interfaces/lib/python3.12/site-packages/gantry_lidar_interfaces'...
[6.803s] Compiling '/home/gantry_lattepanda/Ryan_ws/gantry_lidars/install/gantry_lidar_interfaces/lib/python3.12/site-packages/gantry_lidar_interfaces/__init__.py'...
[6.804s] Listing '/home/gantry_lattepanda/Ryan_ws/gantry_lidars/install/gantry_lidar_interfaces/lib/python3.12/site-packages/gantry_lidar_interfaces/srv'...
[6.825s] -- Up-to-date: /home/gantry_lattepanda/Ryan_ws/gantry_lidars/install/gantry_lidar_interfaces/lib/libgantry_lidar_interfaces__rosidl_generator_py.so
[6.825s] -- Up-to-date: /home/gantry_lattepanda/Ryan_ws/gantry_lidars/install/gantry_lidar_interfaces/share/gantry_lidar_interfaces/cmake/export_gantry_lidar_interfaces__rosidl_generator_cExport.cmake
[6.825s] -- Up-to-date: /home/gantry_lattepanda/Ryan_ws/gantry_lidars/install/gantry_lidar_interfaces/share/gantry_lidar_interfaces/cmake/export_gantry_lidar_interfaces__rosidl_generator_cExport-noconfig.cmake
[6.825s] -- Up-to-date: /home/gantry_lattepanda/Ryan_ws/gantry_lidars/install/gantry_lidar_interfaces/share/gantry_lidar_interfaces/cmake/export_gantry_lidar_interfaces__rosidl_typesupport_fastrtps_cExport.cmake
[6.828s] -- Up-to-date: /home/gantry_lattepanda/Ryan_ws/gantry_lidars/install/gantry_lidar_interfaces/share/gantry_lidar_interfaces/cmake/export_gantry_lidar_interfaces__rosidl_typesupport_fastrtps_cExport-noconfig.cmake
[6.828s] -- Up-to-date: /home/gantry_lattepanda/Ryan_ws/gantry_lidars/install/gantry_lidar_interfaces/share/gantry_lidar_interfaces/cmake/gantry_lidar_interfaces__rosidl_typesupport_introspection_cExport.cmake
[6.828s] -- Up-to-date: /home/gantry_lattepanda/Ryan_ws/gantry_lidars/install/gantry_lidar_interfaces/share/gantry_lidar_interfaces/cmake/gantry_lidar_interfaces__rosidl_typesupport_introspection_cExport-noconfig.cmake
[6.828s] -- Up-to-date: /home/gantry_lattepanda/Ryan_ws/gantry_lidars/install/gantry_lidar_interfaces/share/gantry_lidar_interfaces/cmake/gantry_lidar_interfaces__rosidl_typesupport_cExport.cmake
[6.828s] -- Up-to-date: /home/gantry_lattepanda/Ryan_ws/gantry_lidars/install/gantry_lidar_interfaces/share/gantry_lidar_interfaces/cmake/gantry_lidar_interfaces__rosidl_typesupport_cExport-noconfig.cmake
[6.829s] -- Up-to-date: /home/gantry_lattepanda/Ryan_ws/gantry_lidars/install/gantry_lidar_interfaces/share/gantry_lidar_interfaces/cmake/export_gantry_lidar_interfaces__rosidl_generator_cppExport.cmake
[6.829s] -- Up-to-date: /home/gantry_lattepanda/Ryan_ws/gantry_lidars/install/gantry_lidar_interfaces/share/gantry_lidar_interfaces/cmake/export_gantry_lidar_interfaces__rosidl_typesupport_fastrtps_cppExport.cmake
[6.829s] -- Up-to-date: /home/gantry_lattepanda/Ryan_ws/gantry_lidars/install/gantry_lidar_interfaces/share/gantry_lidar_interfaces/cmake/export_gantry_lidar_interfaces__rosidl_typesupport_fastrtps_cppExport-noconfig.cmake
[6.829s] -- Up-to-date: /home/gantry_lattepanda/Ryan_ws/gantry_lidars/install/gantry_lidar_interfaces/share/gantry_lidar_interfaces/cmake/gantry_lidar_interfaces__rosidl_typesupport_introspection_cppExport.cmake
[6.829s] -- Up-to-date: /home/gantry_lattepanda/Ryan_ws/gantry_lidars/install/gantry_lidar_interfaces/share/gantry_lidar_interfaces/cmake/gantry_lidar_interfaces__rosidl_typesupport_introspection_cppExport-noconfig.cmake
[6.829s] -- Up-to-date: /home/gantry_lattepanda/Ryan_ws/gantry_lidars/install/gantry_lidar_interfaces/share/gantry_lidar_interfaces/cmake/gantry_lidar_interfaces__rosidl_typesupport_cppExport.cmake
[6.835s] -- Up-to-date: /home/gantry_lattepanda/Ryan_ws/gantry_lidars/install/gantry_lidar_interfaces/share/gantry_lidar_interfaces/cmake/gantry_lidar_interfaces__rosidl_typesupport_cppExport-noconfig.cmake
[6.835s] -- Up-to-date: /home/gantry_lattepanda/Ryan_ws/gantry_lidars/install/gantry_lidar_interfaces/share/gantry_lidar_interfaces/cmake/export_gantry_lidar_interfaces__rosidl_generator_pyExport.cmake
[6.836s] -- Up-to-date: /home/gantry_lattepanda/Ryan_ws/gantry_lidars/install/gantry_lidar_interfaces/share/gantry_lidar_interfaces/cmake/export_gantry_lidar_interfaces__rosidl_generator_pyExport-noconfig.cmake
[6.836s] Invoked command in '/home/gantry_lattepanda/Ryan_ws/gantry_lidars/build/gantry_lidar_interfaces' returned '0': CMAKE_PREFIX_PATH=${CMAKE_PREFIX_PATH}:/opt/ros/jazzy DEBUGINFOD_URLS=https://debuginfod.ubuntu.com /usr/bin/cmake --install /home/gantry_lattepanda/Ryan_ws/gantry_lidars/build/gantry_lidar_interfaces
