[0.000000] (-) TimerEvent: {}
[0.000355] (gantry_lidars) JobQueued: {'identifier': 'gantry_lidars', 'dependencies': OrderedDict()}
[0.000442] (gantry_services) JobQueued: {'identifier': 'gantry_services', 'dependencies': OrderedDict()}
[0.002544] (gantry_lidars) JobStarted: {'identifier': 'gantry_lidars'}
[0.096999] (gantry_services) JobStarted: {'identifier': 'gantry_services'}
[0.100650] (-) TimerEvent: {}
[0.201027] (-) TimerEvent: {}
[0.301424] (-) TimerEvent: {}
[0.401837] (-) TimerEvent: {}
[0.502260] (-) TimerEvent: {}
[0.602654] (-) TimerEvent: {}
[0.703040] (-) TimerEvent: {}
[0.803895] (-) TimerEvent: {}
[0.904346] (-) TimerEvent: {}
[1.004747] (-) TimerEvent: {}
[1.105418] (-) TimerEvent: {}
[1.205878] (-) TimerEvent: {}
[1.306569] (-) TimerEvent: {}
[1.406977] (-) TimerEvent: {}
[1.507391] (-) TimerEvent: {}
[1.607877] (-) TimerEvent: {}
[1.708336] (-) TimerEvent: {}
[1.808759] (-) TimerEvent: {}
[1.909174] (-) TimerEvent: {}
[2.009585] (-) TimerEvent: {}
[2.110088] (-) TimerEvent: {}
[2.210950] (-) TimerEvent: {}
[2.302744] (gantry_services) StderrLine: {'line': b'Traceback (most recent call last):\n  File "/usr/lib/python3/dist-packages/colcon_core/executor/__init__.py", line 91, in __call__\n    rc = await self.task(*args, **kwargs)\n         ^^^^^^^^^^^^^^^^^^^^^^^^^^^^^^^^\n  File "/usr/lib/python3/dist-packages/colcon_core/task/__init__.py", line 93, in __call__\n    return await task_method(*args, **kwargs)\n           ^^^^^^^^^^^^^^^^^^^^^^^^^^^^^^^^^^\n  File "/usr/lib/python3/dist-packages/colcon_ros/task/ament_python/build.py", line 51, in build\n    setup_py_data = get_setup_data(self.context.pkg, env)\n                    ^^^^^^^^^^^^^^^^^^^^^^^^^^^^^^^^^^^^^\n  File "/usr/lib/python3/dist-packages/colcon_core/task/python/__init__.py", line 20, in get_setup_data\n    return dict(pkg.metadata[key](env))\n                ^^^^^^^^^^^^^^^^^^^^^^\n  File "/usr/lib/python3/dist-packages/colcon_ros/package_augmentation/ros_ament_python.py", line 57, in getter\n    return get_setup_information(\n           ^^^^^^^^^^^^^^^^^^^^^^\n  File "/usr/lib/python3/dist-packages/colcon_python_setup_py/package_identification/python_setup_py.py", line 249, in get_setup_information\n    _setup_information_cache[hashable_env] = _get_setup_information(\n                                             ^^^^^^^^^^^^^^^^^^^^^^^\n  File "/usr/lib/python3/dist-packages/colcon_python_setup_py/package_identification/python_setup_py.py", line 296, in _get_setup_information\n    result = subprocess.run(\n             ^^^^^^^^^^^^^^^\n  File "/usr/lib/python3.12/subprocess.py", line 571, in run\n    raise CalledProcessError(retcode, process.args,\nsubprocess.CalledProcessError: Command \'[\'/usr/bin/python3\', \'-c\', \'import sys;from contextlib import suppress;exec("with suppress(ImportError):    from setuptools.extern.packaging.specifiers    import SpecifierSet");exec("with suppress(ImportError):    from packaging.specifiers import SpecifierSet");from distutils.core import run_setup;dist = run_setup(    \\\'setup.py\\\', script_args=(\\\'--dry-run\\\',), stop_after=\\\'config\\\');skip_keys = (\\\'cmdclass\\\', \\\'distclass\\\', \\\'ext_modules\\\', \\\'metadata\\\');data = {    key: value for key, value in dist.__dict__.items()     if (        not key.startswith(\\\'_\\\') and         not callable(value) and         key not in skip_keys and         key not in dist.display_option_names    )};data[\\\'metadata\\\'] = {    k: v for k, v in dist.metadata.__dict__.items()     if k not in (\\\'license_files\\\', \\\'provides_extras\\\')};sys.stdout.buffer.write(repr(data).encode(\\\'utf-8\\\'))\']\' returned non-zero exit status 1.\n'}
[2.303975] (gantry_services) JobEnded: {'identifier': 'gantry_services', 'rc': 1}
[2.315770] (-) TimerEvent: {}
[2.317632] (gantry_lidars) JobEnded: {'identifier': 'gantry_lidars', 'rc': 'SIGINT'}
[2.330910] (-) EventReactorShutdown: {}
