[3.169s] Invoking command in '/home/gantry_lattepanda/Ryan_ws/gantry_lidars/src/gantry_lidars': DEBUGINFOD_URLS=https://debuginfod.ubuntu.com PYTHONPATH=/home/gantry_lattepanda/Ryan_ws/gantry_lidars/build/gantry_lidars/prefix_override:/usr/lib/python3/dist-packages/colcon_core/task/python/colcon_distutils_commands:/home/gantry_lattepanda/Ryan_ws/gantry_lidars/install/gantry_lidars/lib/python3.12/site-packages:${PYTHONPATH} /usr/bin/python3 -W ignore:setup.py install is deprecated -W ignore:easy_install command is deprecated setup.py egg_info --egg-base ../../build/gantry_lidars build --build-base /home/gantry_lattepanda/Ryan_ws/gantry_lidars/build/gantry_lidars/build install --record /home/gantry_lattepanda/Ryan_ws/gantry_lidars/build/gantry_lidars/install.log --single-version-externally-managed install_data
[4.698s] running egg_info
[4.698s] creating ../../build/gantry_lidars/gantry_lidars.egg-info
[4.797s] writing ../../build/gantry_lidars/gantry_lidars.egg-info/PKG-INFO
[4.805s] writing dependency_links to ../../build/gantry_lidars/gantry_lidars.egg-info/dependency_links.txt
[4.805s] writing entry points to ../../build/gantry_lidars/gantry_lidars.egg-info/entry_points.txt
[4.805s] writing requirements to ../../build/gantry_lidars/gantry_lidars.egg-info/requires.txt
[4.807s] writing top-level names to ../../build/gantry_lidars/gantry_lidars.egg-info/top_level.txt
[4.810s] writing manifest file '../../build/gantry_lidars/gantry_lidars.egg-info/SOURCES.txt'
[5.280s] reading manifest file '../../build/gantry_lidars/gantry_lidars.egg-info/SOURCES.txt'
[5.283s] writing manifest file '../../build/gantry_lidars/gantry_lidars.egg-info/SOURCES.txt'
[5.286s] running build
[5.287s] running build_py
[5.287s] creating /home/gantry_lattepanda/Ryan_ws/gantry_lidars/build/gantry_lidars/build
[5.287s] creating /home/gantry_lattepanda/Ryan_ws/gantry_lidars/build/gantry_lidars/build/lib
[5.288s] creating /home/gantry_lattepanda/Ryan_ws/gantry_lidars/build/gantry_lidars/build/lib/gantry_lidars
[5.288s] copying gantry_lidars/PointCloudMerger.py -> /home/gantry_lattepanda/Ryan_ws/gantry_lidars/build/gantry_lidars/build/lib/gantry_lidars
[5.295s] copying gantry_lidars/__init__.py -> /home/gantry_lattepanda/Ryan_ws/gantry_lidars/build/gantry_lidars/build/lib/gantry_lidars
[5.295s] running install
[5.354s] running install_lib
[5.520s] creating /home/gantry_lattepanda/Ryan_ws/gantry_lidars/install/gantry_lidars/lib/python3.12/site-packages/gantry_lidars
[5.520s] copying /home/gantry_lattepanda/Ryan_ws/gantry_lidars/build/gantry_lidars/build/lib/gantry_lidars/PointCloudMerger.py -> /home/gantry_lattepanda/Ryan_ws/gantry_lidars/install/gantry_lidars/lib/python3.12/site-packages/gantry_lidars
[5.522s] copying /home/gantry_lattepanda/Ryan_ws/gantry_lidars/build/gantry_lidars/build/lib/gantry_lidars/__init__.py -> /home/gantry_lattepanda/Ryan_ws/gantry_lidars/install/gantry_lidars/lib/python3.12/site-packages/gantry_lidars
[5.522s] byte-compiling /home/gantry_lattepanda/Ryan_ws/gantry_lidars/install/gantry_lidars/lib/python3.12/site-packages/gantry_lidars/PointCloudMerger.py to PointCloudMerger.cpython-312.pyc
[5.523s] byte-compiling /home/gantry_lattepanda/Ryan_ws/gantry_lidars/install/gantry_lidars/lib/python3.12/site-packages/gantry_lidars/__init__.py to __init__.cpython-312.pyc
[5.524s] running install_data
[5.524s] creating /home/gantry_lattepanda/Ryan_ws/gantry_lidars/install/gantry_lidars/share/ament_index
[5.524s] creating /home/gantry_lattepanda/Ryan_ws/gantry_lidars/install/gantry_lidars/share/ament_index/resource_index
[5.527s] creating /home/gantry_lattepanda/Ryan_ws/gantry_lidars/install/gantry_lidars/share/ament_index/resource_index/packages
[5.527s] copying resource/gantry_lidars -> /home/gantry_lattepanda/Ryan_ws/gantry_lidars/install/gantry_lidars/share/ament_index/resource_index/packages
[5.529s] copying package.xml -> /home/gantry_lattepanda/Ryan_ws/gantry_lidars/install/gantry_lidars/share/gantry_lidars
[5.529s] running install_egg_info
[5.626s] Copying ../../build/gantry_lidars/gantry_lidars.egg-info to /home/gantry_lattepanda/Ryan_ws/gantry_lidars/install/gantry_lidars/lib/python3.12/site-packages/gantry_lidars-0.0.0-py3.12.egg-info
[5.628s] running install_scripts
[6.232s] Installing gantry_lidars script to /home/gantry_lattepanda/Ryan_ws/gantry_lidars/install/gantry_lidars/lib/gantry_lidars
[6.232s] writing list of installed files to '/home/gantry_lattepanda/Ryan_ws/gantry_lidars/build/gantry_lidars/install.log'
[6.334s] Invoked command in '/home/gantry_lattepanda/Ryan_ws/gantry_lidars/src/gantry_lidars' returned '0': DEBUGINFOD_URLS=https://debuginfod.ubuntu.com PYTHONPATH=/home/gantry_lattepanda/Ryan_ws/gantry_lidars/build/gantry_lidars/prefix_override:/usr/lib/python3/dist-packages/colcon_core/task/python/colcon_distutils_commands:/home/gantry_lattepanda/Ryan_ws/gantry_lidars/install/gantry_lidars/lib/python3.12/site-packages:${PYTHONPATH} /usr/bin/python3 -W ignore:setup.py install is deprecated -W ignore:easy_install command is deprecated setup.py egg_info --egg-base ../../build/gantry_lidars build --build-base /home/gantry_lattepanda/Ryan_ws/gantry_lidars/build/gantry_lidars/build install --record /home/gantry_lattepanda/Ryan_ws/gantry_lidars/build/gantry_lidars/install.log --single-version-externally-managed install_data
