running egg_info
writing ../../build/gantry_lidars/gantry_lidars.egg-info/PKG-INFO
writing dependency_links to ../../build/gantry_lidars/gantry_lidars.egg-info/dependency_links.txt
writing entry points to ../../build/gantry_lidars/gantry_lidars.egg-info/entry_points.txt
writing requirements to ../../build/gantry_lidars/gantry_lidars.egg-info/requires.txt
writing top-level names to ../../build/gantry_lidars/gantry_lidars.egg-info/top_level.txt
reading manifest file '../../build/gantry_lidars/gantry_lidars.egg-info/SOURCES.txt'
writing manifest file '../../build/gantry_lidars/gantry_lidars.egg-info/SOURCES.txt'
running build
running build_py
copying gantry_lidars/PointCloudMerger.py -> /home/gantry_lattepanda/Ryan_ws/gantry_lidars/build/gantry_lidars/build/lib/gantry_lidars
running install
running install_lib
copying /home/gantry_lattepanda/Ryan_ws/gantry_lidars/build/gantry_lidars/build/lib/gantry_lidars/PointCloudMerger.py -> /home/gantry_lattepanda/Ryan_ws/gantry_lidars/install/gantry_lidars/lib/python3.12/site-packages/gantry_lidars
byte-compiling /home/gantry_lattepanda/Ryan_ws/gantry_lidars/install/gantry_lidars/lib/python3.12/site-packages/gantry_lidars/PointCloudMerger.py to PointCloudMerger.cpython-312.pyc
running install_data
running install_egg_info
removing '/home/gantry_lattepanda/Ryan_ws/gantry_lidars/install/gantry_lidars/lib/python3.12/site-packages/gantry_lidars-0.0.0-py3.12.egg-info' (and everything under it)
Copying ../../build/gantry_lidars/gantry_lidars.egg-info to /home/gantry_lattepanda/Ryan_ws/gantry_lidars/install/gantry_lidars/lib/python3.12/site-packages/gantry_lidars-0.0.0-py3.12.egg-info
running install_scripts
Installing gantry_lidars script to /home/gantry_lattepanda/Ryan_ws/gantry_lidars/install/gantry_lidars/lib/gantry_lidars
writing list of installed files to '/home/gantry_lattepanda/Ryan_ws/gantry_lidars/build/gantry_lidars/install.log'
