[0.037s] Invoking command in '/home/gantry_lattepanda/Ryan_ws/gantry_lidars/build/gantry_lidar_interfaces': CMAKE_PREFIX_PATH=${CMAKE_PREFIX_PATH}:/opt/ros/jazzy DEBUGINFOD_URLS=https://debuginfod.ubuntu.com /usr/bin/cmake /home/gantry_lattepanda/Ryan_ws/gantry_lidars/src/gantry_lidar_interfaces -DAMENT_CMAKE_SYMLINK_INSTALL=1 -DCMAKE_INSTALL_PREFIX=/home/gantry_lattepanda/Ryan_ws/gantry_lidars/install/gantry_lidar_interfaces
[0.206s] -- The C compiler identification is GNU 13.3.0
[0.346s] -- The CXX compiler identification is GNU 13.3.0
[0.383s] -- Detecting C compiler ABI info
[0.631s] -- Detecting C compiler ABI info - done
[0.658s] -- Check for working C compiler: /usr/bin/cc - skipped
[0.659s] -- Detecting C compile features
[0.660s] -- Detecting C compile features - done
[0.679s] -- Detecting CXX compiler ABI info
[0.917s] -- Detecting CXX compiler ABI info - done
[0.950s] -- Check for working CXX compiler: /usr/bin/c++ - skipped
[0.952s] -- Detecting CXX compile features
[0.955s] -- Detecting CXX compile features - done
[0.969s] -- Found ament_cmake: 2.5.4 (/opt/ros/jazzy/share/ament_cmake/cmake)
[1.461s] -- Found Python3: /usr/bin/python3 (found version "3.12.3") found components: Interpreter 
[1.664s] -- Override CMake install command with custom implementation using symlinks instead of copying resources
[1.828s] -- Found rosidl_default_generators: 1.6.0 (/opt/ros/jazzy/share/rosidl_default_generators/cmake)
[1.851s] -- Using all available rosidl_typesupport_c: rosidl_typesupport_fastrtps_c;rosidl_typesupport_introspection_c
[2.063s] -- Using all available rosidl_typesupport_cpp: rosidl_typesupport_fastrtps_cpp;rosidl_typesupport_introspection_cpp
[2.230s] -- Found rosidl_adapter: 4.6.5 (/opt/ros/jazzy/share/rosidl_adapter/cmake)
[2.243s] -- Found ament_lint_auto: 0.17.2 (/opt/ros/jazzy/share/ament_lint_auto/cmake)
[4.205s] -- Found ament_cmake_ros: 0.12.0 (/opt/ros/jazzy/share/ament_cmake_ros/cmake)
[5.261s] -- Using all available rosidl_typesupport_c: rosidl_typesupport_fastrtps_c;rosidl_typesupport_introspection_c
[6.696s] -- Using all available rosidl_typesupport_cpp: rosidl_typesupport_fastrtps_cpp;rosidl_typesupport_introspection_cpp
[6.705s] -- Found python_cmake_module: 0.11.1 (/opt/ros/jazzy/share/python_cmake_module/cmake)
[7.051s] -- Found PythonExtra: /usr/bin/python3  
[8.185s] -- Found Python3: /usr/bin/python3 (found version "3.12.3") found components: Interpreter Development NumPy Development.Module Development.Embed 
[8.284s] -- Added test 'lint_cmake' to check CMake code style
[8.290s] -- Added test 'xmllint' to check XML markup files
[8.307s] -- Configuring done (8.2s)
[8.400s] -- Generating done (0.1s)
[8.433s] -- Build files have been written to: /home/gantry_lattepanda/Ryan_ws/gantry_lidars/build/gantry_lidar_interfaces
[8.457s] Invoked command in '/home/gantry_lattepanda/Ryan_ws/gantry_lidars/build/gantry_lidar_interfaces' returned '0': CMAKE_PREFIX_PATH=${CMAKE_PREFIX_PATH}:/opt/ros/jazzy DEBUGINFOD_URLS=https://debuginfod.ubuntu.com /usr/bin/cmake /home/gantry_lattepanda/Ryan_ws/gantry_lidars/src/gantry_lidar_interfaces -DAMENT_CMAKE_SYMLINK_INSTALL=1 -DCMAKE_INSTALL_PREFIX=/home/gantry_lattepanda/Ryan_ws/gantry_lidars/install/gantry_lidar_interfaces
[8.460s] Invoking command in '/home/gantry_lattepanda/Ryan_ws/gantry_lidars/build/gantry_lidar_interfaces': CMAKE_PREFIX_PATH=${CMAKE_PREFIX_PATH}:/opt/ros/jazzy DEBUGINFOD_URLS=https://debuginfod.ubuntu.com /usr/bin/cmake --build /home/gantry_lattepanda/Ryan_ws/gantry_lidars/build/gantry_lidar_interfaces -- -j4 -l4
[8.580s] [  2%] Built target gantry_lidar_interfaces__rosidl_generator_type_description
[8.624s] failed to create symbolic link '/home/gantry_lattepanda/Ryan_ws/gantry_lidars/build/gantry_lidar_interfaces/ament_cmake_python/gantry_lidar_interfaces/gantry_lidar_interfaces' because existing path cannot be removed: Is a directory
[8.629s] gmake[2]: *** [CMakeFiles/ament_cmake_python_symlink_gantry_lidar_interfaces.dir/build.make:70: CMakeFiles/ament_cmake_python_symlink_gantry_lidar_interfaces] Error 1
[8.630s] gmake[1]: *** [CMakeFiles/Makefile2:452: CMakeFiles/ament_cmake_python_symlink_gantry_lidar_interfaces.dir/all] Error 2
[8.630s] gmake: *** [Makefile:146: all] Error 2
[8.634s] Invoked command in '/home/gantry_lattepanda/Ryan_ws/gantry_lidars/build/gantry_lidar_interfaces' returned '2': CMAKE_PREFIX_PATH=${CMAKE_PREFIX_PATH}:/opt/ros/jazzy DEBUGINFOD_URLS=https://debuginfod.ubuntu.com /usr/bin/cmake --build /home/gantry_lattepanda/Ryan_ws/gantry_lidars/build/gantry_lidar_interfaces -- -j4 -l4
