[0.069s] Invoking command in '/home/gantry_lattepanda/Ryan_ws/gantry_lidars/build/gantry_lidar_interfaces': CMAKE_PREFIX_PATH=${CMAKE_PREFIX_PATH}:/home/gantry_lattepanda/Ryan_ws/gantry_lidars/install/gantry_services:/home/gantry_lattepanda/Ryan_ws/gantry_lidars/install/gantry_lidars:/opt/ros/jazzy DEBUGINFOD_URLS=https://debuginfod.ubuntu.com /usr/bin/cmake --build /home/gantry_lattepanda/Ryan_ws/gantry_lidars/build/gantry_lidar_interfaces -- -j4 -l4
[0.258s] [  2%] Built target gantry_lidar_interfaces__rosidl_generator_type_description
[0.382s] [  2%] Built target ament_cmake_python_symlink_gantry_lidar_interfaces
[0.457s] [  5%] Built target gantry_lidar_interfaces__cpp
[1.549s] running egg_info
[1.611s] writing gantry_lidar_interfaces.egg-info/PKG-INFO
[1.614s] writing dependency_links to gantry_lidar_interfaces.egg-info/dependency_links.txt
[1.614s] writing top-level names to gantry_lidar_interfaces.egg-info/top_level.txt
[1.812s] reading manifest file 'gantry_lidar_interfaces.egg-info/SOURCES.txt'
[1.814s] writing manifest file 'gantry_lidar_interfaces.egg-info/SOURCES.txt'
[1.902s] [  5%] Built target ament_cmake_python_build_gantry_lidar_interfaces_egg
[1.987s] [ 20%] Built target gantry_lidar_interfaces__rosidl_generator_c
[2.071s] [ 29%] Built target gantry_lidar_interfaces__rosidl_typesupport_cpp
[2.139s] [ 38%] Built target gantry_lidar_interfaces__rosidl_typesupport_c
[2.200s] [ 47%] Built target gantry_lidar_interfaces__rosidl_typesupport_fastrtps_cpp
[2.287s] [ 55%] Built target gantry_lidar_interfaces__rosidl_typesupport_introspection_cpp
[2.379s] [ 64%] Built target gantry_lidar_interfaces__rosidl_typesupport_introspection_c
[2.456s] [ 73%] Built target gantry_lidar_interfaces__rosidl_typesupport_fastrtps_c
[2.516s] [ 73%] Built target gantry_lidar_interfaces
[2.569s] [ 76%] Built target gantry_lidar_interfaces__py
[2.626s] [ 82%] Built target gantry_lidar_interfaces__rosidl_generator_py
[2.683s] [ 88%] Built target gantry_lidar_interfaces_s__rosidl_typesupport_fastrtps_c
[2.740s] [ 94%] Built target gantry_lidar_interfaces_s__rosidl_typesupport_c
[2.820s] [100%] Built target gantry_lidar_interfaces_s__rosidl_typesupport_introspection_c
[2.862s] Invoked command in '/home/gantry_lattepanda/Ryan_ws/gantry_lidars/build/gantry_lidar_interfaces' returned '0': CMAKE_PREFIX_PATH=${CMAKE_PREFIX_PATH}:/home/gantry_lattepanda/Ryan_ws/gantry_lidars/install/gantry_services:/home/gantry_lattepanda/Ryan_ws/gantry_lidars/install/gantry_lidars:/opt/ros/jazzy DEBUGINFOD_URLS=https://debuginfod.ubuntu.com /usr/bin/cmake --build /home/gantry_lattepanda/Ryan_ws/gantry_lidars/build/gantry_lidar_interfaces -- -j4 -l4
[2.894s] Invoking command in '/home/gantry_lattepanda/Ryan_ws/gantry_lidars/build/gantry_lidar_interfaces': CMAKE_PREFIX_PATH=${CMAKE_PREFIX_PATH}:/home/gantry_lattepanda/Ryan_ws/gantry_lidars/install/gantry_services:/home/gantry_lattepanda/Ryan_ws/gantry_lidars/install/gantry_lidars:/opt/ros/jazzy DEBUGINFOD_URLS=https://debuginfod.ubuntu.com /usr/bin/cmake --install /home/gantry_lattepanda/Ryan_ws/gantry_lidars/build/gantry_lidar_interfaces
[2.918s] -- Install configuration: ""
[2.920s] -- Execute custom install script
[2.921s] -- Up-to-date symlink: /home/gantry_lattepanda/Ryan_ws/gantry_lidars/install/gantry_lidar_interfaces/share/ament_index/resource_index/rosidl_interfaces/gantry_lidar_interfaces
[2.922s] -- Up-to-date symlink: /home/gantry_lattepanda/Ryan_ws/gantry_lidars/install/gantry_lidar_interfaces/share/gantry_lidar_interfaces/srv/Capture.json
[2.924s] -- Up-to-date symlink: /home/gantry_lattepanda/Ryan_ws/gantry_lidars/install/gantry_lidar_interfaces/include/gantry_lidar_interfaces/gantry_lidar_interfaces/msg/rosidl_generator_c__visibility_control.h
[2.925s] -- Up-to-date symlink: /home/gantry_lattepanda/Ryan_ws/gantry_lidars/install/gantry_lidar_interfaces/include/gantry_lidar_interfaces/gantry_lidar_interfaces/srv/capture.h
[2.926s] -- Up-to-date symlink: /home/gantry_lattepanda/Ryan_ws/gantry_lidars/install/gantry_lidar_interfaces/include/gantry_lidar_interfaces/gantry_lidar_interfaces/srv/detail/capture__functions.h
[2.929s] -- Up-to-date symlink: /home/gantry_lattepanda/Ryan_ws/gantry_lidars/install/gantry_lidar_interfaces/include/gantry_lidar_interfaces/gantry_lidar_interfaces/srv/detail/capture__struct.h
[2.930s] -- Up-to-date symlink: /home/gantry_lattepanda/Ryan_ws/gantry_lidars/install/gantry_lidar_interfaces/include/gantry_lidar_interfaces/gantry_lidar_interfaces/srv/detail/capture__type_support.h
[2.930s] -- Up-to-date symlink: /home/gantry_lattepanda/Ryan_ws/gantry_lidars/install/gantry_lidar_interfaces/share/gantry_lidar_interfaces/environment/library_path.sh
[2.930s] -- Up-to-date symlink: /home/gantry_lattepanda/Ryan_ws/gantry_lidars/install/gantry_lidar_interfaces/share/gantry_lidar_interfaces/environment/library_path.dsv
[2.931s] -- Up-to-date symlink: /home/gantry_lattepanda/Ryan_ws/gantry_lidars/install/gantry_lidar_interfaces/include/gantry_lidar_interfaces/gantry_lidar_interfaces/msg/rosidl_typesupport_fastrtps_c__visibility_control.h
[2.932s] -- Up-to-date symlink: /home/gantry_lattepanda/Ryan_ws/gantry_lidars/install/gantry_lidar_interfaces/include/gantry_lidar_interfaces/gantry_lidar_interfaces/srv/detail/capture__rosidl_typesupport_fastrtps_c.h
[2.933s] -- Up-to-date symlink: /home/gantry_lattepanda/Ryan_ws/gantry_lidars/install/gantry_lidar_interfaces/include/gantry_lidar_interfaces/gantry_lidar_interfaces/msg/rosidl_typesupport_introspection_c__visibility_control.h
[2.937s] -- Up-to-date symlink: /home/gantry_lattepanda/Ryan_ws/gantry_lidars/install/gantry_lidar_interfaces/include/gantry_lidar_interfaces/gantry_lidar_interfaces/srv/detail/capture__rosidl_typesupport_introspection_c.h
[2.938s] -- Up-to-date symlink: /home/gantry_lattepanda/Ryan_ws/gantry_lidars/install/gantry_lidar_interfaces/include/gantry_lidar_interfaces/gantry_lidar_interfaces/msg/rosidl_generator_cpp__visibility_control.hpp
[2.938s] -- Up-to-date symlink: /home/gantry_lattepanda/Ryan_ws/gantry_lidars/install/gantry_lidar_interfaces/include/gantry_lidar_interfaces/gantry_lidar_interfaces/srv/capture.hpp
[2.938s] -- Up-to-date symlink: /home/gantry_lattepanda/Ryan_ws/gantry_lidars/install/gantry_lidar_interfaces/include/gantry_lidar_interfaces/gantry_lidar_interfaces/srv/detail/capture__builder.hpp
[2.938s] -- Up-to-date symlink: /home/gantry_lattepanda/Ryan_ws/gantry_lidars/install/gantry_lidar_interfaces/include/gantry_lidar_interfaces/gantry_lidar_interfaces/srv/detail/capture__struct.hpp
[2.938s] -- Up-to-date symlink: /home/gantry_lattepanda/Ryan_ws/gantry_lidars/install/gantry_lidar_interfaces/include/gantry_lidar_interfaces/gantry_lidar_interfaces/srv/detail/capture__traits.hpp
[2.939s] -- Up-to-date symlink: /home/gantry_lattepanda/Ryan_ws/gantry_lidars/install/gantry_lidar_interfaces/include/gantry_lidar_interfaces/gantry_lidar_interfaces/srv/detail/capture__type_support.hpp
[2.941s] -- Up-to-date symlink: /home/gantry_lattepanda/Ryan_ws/gantry_lidars/install/gantry_lidar_interfaces/include/gantry_lidar_interfaces/gantry_lidar_interfaces/msg/rosidl_typesupport_fastrtps_cpp__visibility_control.h
[2.942s] -- Up-to-date symlink: /home/gantry_lattepanda/Ryan_ws/gantry_lidars/install/gantry_lidar_interfaces/include/gantry_lidar_interfaces/gantry_lidar_interfaces/srv/detail/capture__rosidl_typesupport_fastrtps_cpp.hpp
[2.943s] -- Up-to-date symlink: /home/gantry_lattepanda/Ryan_ws/gantry_lidars/install/gantry_lidar_interfaces/include/gantry_lidar_interfaces/gantry_lidar_interfaces/srv/detail/capture__rosidl_typesupport_introspection_cpp.hpp
[2.944s] -- Up-to-date symlink: /home/gantry_lattepanda/Ryan_ws/gantry_lidars/install/gantry_lidar_interfaces/share/gantry_lidar_interfaces/environment/pythonpath.sh
[2.945s] -- Up-to-date symlink: /home/gantry_lattepanda/Ryan_ws/gantry_lidars/install/gantry_lidar_interfaces/share/gantry_lidar_interfaces/environment/pythonpath.dsv
[2.946s] -- Up-to-date symlink: /home/gantry_lattepanda/Ryan_ws/gantry_lidars/install/gantry_lidar_interfaces/lib/python3.12/site-packages/gantry_lidar_interfaces-0.0.0-py3.12.egg-info/PKG-INFO
[2.947s] -- Up-to-date symlink: /home/gantry_lattepanda/Ryan_ws/gantry_lidars/install/gantry_lidar_interfaces/lib/python3.12/site-packages/gantry_lidar_interfaces-0.0.0-py3.12.egg-info/SOURCES.txt
[2.949s] -- Up-to-date symlink: /home/gantry_lattepanda/Ryan_ws/gantry_lidars/install/gantry_lidar_interfaces/lib/python3.12/site-packages/gantry_lidar_interfaces-0.0.0-py3.12.egg-info/dependency_links.txt
[2.950s] -- Up-to-date symlink: /home/gantry_lattepanda/Ryan_ws/gantry_lidars/install/gantry_lidar_interfaces/lib/python3.12/site-packages/gantry_lidar_interfaces-0.0.0-py3.12.egg-info/top_level.txt
[2.950s] -- Up-to-date symlink: /home/gantry_lattepanda/Ryan_ws/gantry_lidars/install/gantry_lidar_interfaces/lib/python3.12/site-packages/gantry_lidar_interfaces/__init__.py
[2.953s] -- Up-to-date symlink: /home/gantry_lattepanda/Ryan_ws/gantry_lidars/install/gantry_lidar_interfaces/lib/python3.12/site-packages/gantry_lidar_interfaces/_gantry_lidar_interfaces_s.ep.rosidl_typesupport_c.c
[2.954s] -- Up-to-date symlink: /home/gantry_lattepanda/Ryan_ws/gantry_lidars/install/gantry_lidar_interfaces/lib/python3.12/site-packages/gantry_lidar_interfaces/_gantry_lidar_interfaces_s.ep.rosidl_typesupport_fastrtps_c.c
[2.954s] -- Up-to-date symlink: /home/gantry_lattepanda/Ryan_ws/gantry_lidars/install/gantry_lidar_interfaces/lib/python3.12/site-packages/gantry_lidar_interfaces/_gantry_lidar_interfaces_s.ep.rosidl_typesupport_introspection_c.c
[2.955s] -- Up-to-date symlink: /home/gantry_lattepanda/Ryan_ws/gantry_lidars/install/gantry_lidar_interfaces/lib/python3.12/site-packages/gantry_lidar_interfaces/gantry_lidar_interfaces_s__rosidl_typesupport_c.so
[2.958s] -- Up-to-date symlink: /home/gantry_lattepanda/Ryan_ws/gantry_lidars/install/gantry_lidar_interfaces/lib/python3.12/site-packages/gantry_lidar_interfaces/gantry_lidar_interfaces_s__rosidl_typesupport_fastrtps_c.so
[2.958s] -- Up-to-date symlink: /home/gantry_lattepanda/Ryan_ws/gantry_lidars/install/gantry_lidar_interfaces/lib/python3.12/site-packages/gantry_lidar_interfaces/gantry_lidar_interfaces_s__rosidl_typesupport_introspection_c.so
[2.958s] -- Up-to-date symlink: /home/gantry_lattepanda/Ryan_ws/gantry_lidars/install/gantry_lidar_interfaces/lib/python3.12/site-packages/gantry_lidar_interfaces/srv/__init__.py
[2.958s] -- Up-to-date symlink: /home/gantry_lattepanda/Ryan_ws/gantry_lidars/install/gantry_lidar_interfaces/lib/python3.12/site-packages/gantry_lidar_interfaces/srv/_capture.py
[2.958s] -- Up-to-date symlink: /home/gantry_lattepanda/Ryan_ws/gantry_lidars/install/gantry_lidar_interfaces/lib/python3.12/site-packages/gantry_lidar_interfaces/srv/_capture_s.c
[2.959s] -- Up-to-date symlink: /home/gantry_lattepanda/Ryan_ws/gantry_lidars/install/gantry_lidar_interfaces/lib/python3.12/site-packages/gantry_lidar_interfaces/gantry_lidar_interfaces_s__rosidl_typesupport_fastrtps_c.so
[2.961s] -- Up-to-date symlink: /home/gantry_lattepanda/Ryan_ws/gantry_lidars/install/gantry_lidar_interfaces/lib/python3.12/site-packages/gantry_lidar_interfaces/gantry_lidar_interfaces_s__rosidl_typesupport_introspection_c.so
[2.962s] -- Up-to-date symlink: /home/gantry_lattepanda/Ryan_ws/gantry_lidars/install/gantry_lidar_interfaces/lib/python3.12/site-packages/gantry_lidar_interfaces/gantry_lidar_interfaces_s__rosidl_typesupport_c.so
[2.963s] -- Up-to-date symlink: /home/gantry_lattepanda/Ryan_ws/gantry_lidars/install/gantry_lidar_interfaces/share/gantry_lidar_interfaces/srv/Capture.idl
[2.964s] -- Up-to-date symlink: /home/gantry_lattepanda/Ryan_ws/gantry_lidars/install/gantry_lidar_interfaces/share/gantry_lidar_interfaces/srv/Capture.srv
[2.965s] -- Up-to-date symlink: /home/gantry_lattepanda/Ryan_ws/gantry_lidars/install/gantry_lidar_interfaces/share/ament_index/resource_index/package_run_dependencies/gantry_lidar_interfaces
[2.968s] -- Up-to-date symlink: /home/gantry_lattepanda/Ryan_ws/gantry_lidars/install/gantry_lidar_interfaces/share/ament_index/resource_index/parent_prefix_path/gantry_lidar_interfaces
[2.969s] -- Up-to-date symlink: /home/gantry_lattepanda/Ryan_ws/gantry_lidars/install/gantry_lidar_interfaces/share/gantry_lidar_interfaces/environment/ament_prefix_path.sh
[2.969s] -- Up-to-date symlink: /home/gantry_lattepanda/Ryan_ws/gantry_lidars/install/gantry_lidar_interfaces/share/gantry_lidar_interfaces/environment/ament_prefix_path.dsv
[2.972s] -- Up-to-date symlink: /home/gantry_lattepanda/Ryan_ws/gantry_lidars/install/gantry_lidar_interfaces/share/gantry_lidar_interfaces/environment/path.sh
[2.973s] -- Up-to-date symlink: /home/gantry_lattepanda/Ryan_ws/gantry_lidars/install/gantry_lidar_interfaces/share/gantry_lidar_interfaces/environment/path.dsv
[2.973s] -- Up-to-date symlink: /home/gantry_lattepanda/Ryan_ws/gantry_lidars/install/gantry_lidar_interfaces/share/gantry_lidar_interfaces/local_setup.bash
[2.973s] -- Up-to-date symlink: /home/gantry_lattepanda/Ryan_ws/gantry_lidars/install/gantry_lidar_interfaces/share/gantry_lidar_interfaces/local_setup.sh
[2.973s] -- Up-to-date symlink: /home/gantry_lattepanda/Ryan_ws/gantry_lidars/install/gantry_lidar_interfaces/share/gantry_lidar_interfaces/local_setup.zsh
[2.973s] -- Up-to-date symlink: /home/gantry_lattepanda/Ryan_ws/gantry_lidars/install/gantry_lidar_interfaces/share/gantry_lidar_interfaces/local_setup.dsv
[2.974s] -- Symlinking: /home/gantry_lattepanda/Ryan_ws/gantry_lidars/install/gantry_lidar_interfaces/share/gantry_lidar_interfaces/package.dsv
[3.002s] -- Up-to-date symlink: /home/gantry_lattepanda/Ryan_ws/gantry_lidars/install/gantry_lidar_interfaces/share/ament_index/resource_index/packages/gantry_lidar_interfaces
[3.003s] -- Up-to-date symlink: /home/gantry_lattepanda/Ryan_ws/gantry_lidars/install/gantry_lidar_interfaces/share/gantry_lidar_interfaces/cmake/rosidl_cmake-extras.cmake
[3.004s] -- Up-to-date symlink: /home/gantry_lattepanda/Ryan_ws/gantry_lidars/install/gantry_lidar_interfaces/share/gantry_lidar_interfaces/cmake/ament_cmake_export_dependencies-extras.cmake
[3.005s] -- Up-to-date symlink: /home/gantry_lattepanda/Ryan_ws/gantry_lidars/install/gantry_lidar_interfaces/share/gantry_lidar_interfaces/cmake/ament_cmake_export_include_directories-extras.cmake
[3.008s] -- Up-to-date symlink: /home/gantry_lattepanda/Ryan_ws/gantry_lidars/install/gantry_lidar_interfaces/share/gantry_lidar_interfaces/cmake/ament_cmake_export_libraries-extras.cmake
[3.009s] -- Up-to-date symlink: /home/gantry_lattepanda/Ryan_ws/gantry_lidars/install/gantry_lidar_interfaces/share/gantry_lidar_interfaces/cmake/ament_cmake_export_targets-extras.cmake
[3.009s] -- Up-to-date symlink: /home/gantry_lattepanda/Ryan_ws/gantry_lidars/install/gantry_lidar_interfaces/share/gantry_lidar_interfaces/cmake/rosidl_cmake_export_typesupport_targets-extras.cmake
[3.009s] -- Up-to-date symlink: /home/gantry_lattepanda/Ryan_ws/gantry_lidars/install/gantry_lidar_interfaces/share/gantry_lidar_interfaces/cmake/rosidl_cmake_export_typesupport_libraries-extras.cmake
[3.009s] -- Up-to-date symlink: /home/gantry_lattepanda/Ryan_ws/gantry_lidars/install/gantry_lidar_interfaces/share/gantry_lidar_interfaces/cmake/gantry_lidar_interfacesConfig.cmake
[3.009s] -- Up-to-date symlink: /home/gantry_lattepanda/Ryan_ws/gantry_lidars/install/gantry_lidar_interfaces/share/gantry_lidar_interfaces/cmake/gantry_lidar_interfacesConfig-version.cmake
[3.010s] -- Up-to-date symlink: /home/gantry_lattepanda/Ryan_ws/gantry_lidars/install/gantry_lidar_interfaces/share/gantry_lidar_interfaces/package.xml
[3.011s] -- Up-to-date: /home/gantry_lattepanda/Ryan_ws/gantry_lidars/install/gantry_lidar_interfaces/lib/libgantry_lidar_interfaces__rosidl_generator_c.so
[3.012s] -- Up-to-date: /home/gantry_lattepanda/Ryan_ws/gantry_lidars/install/gantry_lidar_interfaces/lib/libgantry_lidar_interfaces__rosidl_typesupport_fastrtps_c.so
[3.014s] -- Up-to-date: /home/gantry_lattepanda/Ryan_ws/gantry_lidars/install/gantry_lidar_interfaces/lib/libgantry_lidar_interfaces__rosidl_typesupport_introspection_c.so
[3.015s] -- Up-to-date: /home/gantry_lattepanda/Ryan_ws/gantry_lidars/install/gantry_lidar_interfaces/lib/libgantry_lidar_interfaces__rosidl_typesupport_c.so
[3.019s] -- Up-to-date: /home/gantry_lattepanda/Ryan_ws/gantry_lidars/install/gantry_lidar_interfaces/lib/libgantry_lidar_interfaces__rosidl_typesupport_fastrtps_cpp.so
[3.020s] -- Up-to-date: /home/gantry_lattepanda/Ryan_ws/gantry_lidars/install/gantry_lidar_interfaces/lib/libgantry_lidar_interfaces__rosidl_typesupport_introspection_cpp.so
[3.021s] -- Up-to-date: /home/gantry_lattepanda/Ryan_ws/gantry_lidars/install/gantry_lidar_interfaces/lib/libgantry_lidar_interfaces__rosidl_typesupport_cpp.so
[3.162s] Listing '/home/gantry_lattepanda/Ryan_ws/gantry_lidars/install/gantry_lidar_interfaces/lib/python3.12/site-packages/gantry_lidar_interfaces'...
[3.162s] Listing '/home/gantry_lattepanda/Ryan_ws/gantry_lidars/install/gantry_lidar_interfaces/lib/python3.12/site-packages/gantry_lidar_interfaces/srv'...
[3.195s] -- Up-to-date: /home/gantry_lattepanda/Ryan_ws/gantry_lidars/install/gantry_lidar_interfaces/lib/libgantry_lidar_interfaces__rosidl_generator_py.so
[3.196s] -- Up-to-date: /home/gantry_lattepanda/Ryan_ws/gantry_lidars/install/gantry_lidar_interfaces/share/gantry_lidar_interfaces/cmake/export_gantry_lidar_interfaces__rosidl_generator_cExport.cmake
[3.196s] -- Up-to-date: /home/gantry_lattepanda/Ryan_ws/gantry_lidars/install/gantry_lidar_interfaces/share/gantry_lidar_interfaces/cmake/export_gantry_lidar_interfaces__rosidl_generator_cExport-noconfig.cmake
[3.197s] -- Up-to-date: /home/gantry_lattepanda/Ryan_ws/gantry_lidars/install/gantry_lidar_interfaces/share/gantry_lidar_interfaces/cmake/export_gantry_lidar_interfaces__rosidl_typesupport_fastrtps_cExport.cmake
[3.197s] -- Up-to-date: /home/gantry_lattepanda/Ryan_ws/gantry_lidars/install/gantry_lidar_interfaces/share/gantry_lidar_interfaces/cmake/export_gantry_lidar_interfaces__rosidl_typesupport_fastrtps_cExport-noconfig.cmake
[3.198s] -- Up-to-date: /home/gantry_lattepanda/Ryan_ws/gantry_lidars/install/gantry_lidar_interfaces/share/gantry_lidar_interfaces/cmake/gantry_lidar_interfaces__rosidl_typesupport_introspection_cExport.cmake
[3.198s] -- Up-to-date: /home/gantry_lattepanda/Ryan_ws/gantry_lidars/install/gantry_lidar_interfaces/share/gantry_lidar_interfaces/cmake/gantry_lidar_interfaces__rosidl_typesupport_introspection_cExport-noconfig.cmake
[3.198s] -- Up-to-date: /home/gantry_lattepanda/Ryan_ws/gantry_lidars/install/gantry_lidar_interfaces/share/gantry_lidar_interfaces/cmake/gantry_lidar_interfaces__rosidl_typesupport_cExport.cmake
[3.199s] -- Up-to-date: /home/gantry_lattepanda/Ryan_ws/gantry_lidars/install/gantry_lidar_interfaces/share/gantry_lidar_interfaces/cmake/gantry_lidar_interfaces__rosidl_typesupport_cExport-noconfig.cmake
[3.199s] -- Up-to-date: /home/gantry_lattepanda/Ryan_ws/gantry_lidars/install/gantry_lidar_interfaces/share/gantry_lidar_interfaces/cmake/export_gantry_lidar_interfaces__rosidl_generator_cppExport.cmake
[3.200s] -- Up-to-date: /home/gantry_lattepanda/Ryan_ws/gantry_lidars/install/gantry_lidar_interfaces/share/gantry_lidar_interfaces/cmake/export_gantry_lidar_interfaces__rosidl_typesupport_fastrtps_cppExport.cmake
[3.200s] -- Up-to-date: /home/gantry_lattepanda/Ryan_ws/gantry_lidars/install/gantry_lidar_interfaces/share/gantry_lidar_interfaces/cmake/export_gantry_lidar_interfaces__rosidl_typesupport_fastrtps_cppExport-noconfig.cmake
[3.206s] -- Up-to-date: /home/gantry_lattepanda/Ryan_ws/gantry_lidars/install/gantry_lidar_interfaces/share/gantry_lidar_interfaces/cmake/gantry_lidar_interfaces__rosidl_typesupport_introspection_cppExport.cmake
[3.206s] -- Up-to-date: /home/gantry_lattepanda/Ryan_ws/gantry_lidars/install/gantry_lidar_interfaces/share/gantry_lidar_interfaces/cmake/gantry_lidar_interfaces__rosidl_typesupport_introspection_cppExport-noconfig.cmake
[3.206s] -- Up-to-date: /home/gantry_lattepanda/Ryan_ws/gantry_lidars/install/gantry_lidar_interfaces/share/gantry_lidar_interfaces/cmake/gantry_lidar_interfaces__rosidl_typesupport_cppExport.cmake
[3.206s] -- Up-to-date: /home/gantry_lattepanda/Ryan_ws/gantry_lidars/install/gantry_lidar_interfaces/share/gantry_lidar_interfaces/cmake/gantry_lidar_interfaces__rosidl_typesupport_cppExport-noconfig.cmake
[3.206s] -- Up-to-date: /home/gantry_lattepanda/Ryan_ws/gantry_lidars/install/gantry_lidar_interfaces/share/gantry_lidar_interfaces/cmake/export_gantry_lidar_interfaces__rosidl_generator_pyExport.cmake
[3.207s] -- Up-to-date: /home/gantry_lattepanda/Ryan_ws/gantry_lidars/install/gantry_lidar_interfaces/share/gantry_lidar_interfaces/cmake/export_gantry_lidar_interfaces__rosidl_generator_pyExport-noconfig.cmake
[3.221s] Invoked command in '/home/gantry_lattepanda/Ryan_ws/gantry_lidars/build/gantry_lidar_interfaces' returned '0': CMAKE_PREFIX_PATH=${CMAKE_PREFIX_PATH}:/home/gantry_lattepanda/Ryan_ws/gantry_lidars/install/gantry_services:/home/gantry_lattepanda/Ryan_ws/gantry_lidars/install/gantry_lidars:/opt/ros/jazzy DEBUGINFOD_URLS=https://debuginfod.ubuntu.com /usr/bin/cmake --install /home/gantry_lattepanda/Ryan_ws/gantry_lidars/build/gantry_lidar_interfaces
