running egg_info
creating ../../build/gantry_lidars/gantry_lidars.egg-info
writing ../../build/gantry_lidars/gantry_lidars.egg-info/PKG-INFO
writing dependency_links to ../../build/gantry_lidars/gantry_lidars.egg-info/dependency_links.txt
writing entry points to ../../build/gantry_lidars/gantry_lidars.egg-info/entry_points.txt
writing requirements to ../../build/gantry_lidars/gantry_lidars.egg-info/requires.txt
writing top-level names to ../../build/gantry_lidars/gantry_lidars.egg-info/top_level.txt
writing manifest file '../../build/gantry_lidars/gantry_lidars.egg-info/SOURCES.txt'
reading manifest file '../../build/gantry_lidars/gantry_lidars.egg-info/SOURCES.txt'
writing manifest file '../../build/gantry_lidars/gantry_lidars.egg-info/SOURCES.txt'
running build
running build_py
creating /home/gantry_lattepanda/Ryan_ws/gantry_lidars/build/gantry_lidars/build
creating /home/gantry_lattepanda/Ryan_ws/gantry_lidars/build/gantry_lidars/build/lib
creating /home/gantry_lattepanda/Ryan_ws/gantry_lidars/build/gantry_lidars/build/lib/gantry_lidars
copying gantry_lidars/PointCloudMerger.py -> /home/gantry_lattepanda/Ryan_ws/gantry_lidars/build/gantry_lidars/build/lib/gantry_lidars
copying gantry_lidars/__init__.py -> /home/gantry_lattepanda/Ryan_ws/gantry_lidars/build/gantry_lidars/build/lib/gantry_lidars
running install
running install_lib
creating /home/gantry_lattepanda/Ryan_ws/gantry_lidars/install/gantry_lidars/lib/python3.12/site-packages/gantry_lidars
copying /home/gantry_lattepanda/Ryan_ws/gantry_lidars/build/gantry_lidars/build/lib/gantry_lidars/PointCloudMerger.py -> /home/gantry_lattepanda/Ryan_ws/gantry_lidars/install/gantry_lidars/lib/python3.12/site-packages/gantry_lidars
copying /home/gantry_lattepanda/Ryan_ws/gantry_lidars/build/gantry_lidars/build/lib/gantry_lidars/__init__.py -> /home/gantry_lattepanda/Ryan_ws/gantry_lidars/install/gantry_lidars/lib/python3.12/site-packages/gantry_lidars
byte-compiling /home/gantry_lattepanda/Ryan_ws/gantry_lidars/install/gantry_lidars/lib/python3.12/site-packages/gantry_lidars/PointCloudMerger.py to PointCloudMerger.cpython-312.pyc
byte-compiling /home/gantry_lattepanda/Ryan_ws/gantry_lidars/install/gantry_lidars/lib/python3.12/site-packages/gantry_lidars/__init__.py to __init__.cpython-312.pyc
running install_data
creating /home/gantry_lattepanda/Ryan_ws/gantry_lidars/install/gantry_lidars/share/ament_index
creating /home/gantry_lattepanda/Ryan_ws/gantry_lidars/install/gantry_lidars/share/ament_index/resource_index
creating /home/gantry_lattepanda/Ryan_ws/gantry_lidars/install/gantry_lidars/share/ament_index/resource_index/packages
copying resource/gantry_lidars -> /home/gantry_lattepanda/Ryan_ws/gantry_lidars/install/gantry_lidars/share/ament_index/resource_index/packages
copying package.xml -> /home/gantry_lattepanda/Ryan_ws/gantry_lidars/install/gantry_lidars/share/gantry_lidars
running install_egg_info
Copying ../../build/gantry_lidars/gantry_lidars.egg-info to /home/gantry_lattepanda/Ryan_ws/gantry_lidars/install/gantry_lidars/lib/python3.12/site-packages/gantry_lidars-0.0.0-py3.12.egg-info
running install_scripts
Installing gantry_lidars script to /home/gantry_lattepanda/Ryan_ws/gantry_lidars/install/gantry_lidars/lib/gantry_lidars
writing list of installed files to '/home/gantry_lattepanda/Ryan_ws/gantry_lidars/build/gantry_lidars/install.log'
