[0.070s] Invoking command in '/home/gantry_lattepanda/Ryan_ws/gantry_lidars/build/gantry_lidar_interfaces': CMAKE_PREFIX_PATH=${CMAKE_PREFIX_PATH}:/home/gantry_lattepanda/Ryan_ws/gantry_lidars/install/gantry_services:/home/gantry_lattepanda/Ryan_ws/gantry_lidars/install/gantry_lidars:/opt/ros/jazzy DEBUGINFOD_URLS=https://debuginfod.ubuntu.com /usr/bin/cmake /home/gantry_lattepanda/Ryan_ws/gantry_lidars/src/gantry_lidar_interfaces -DCMAKE_INSTALL_PREFIX=/home/gantry_lattepanda/Ryan_ws/gantry_lidars/install/gantry_lidar_interfaces
[0.465s] -- The C compiler identification is GNU 13.3.0
[0.972s] -- The CXX compiler identification is GNU 13.3.0
[1.079s] -- Detecting C compiler ABI info
[1.509s] -- Detecting C compiler ABI info - done
[1.598s] -- Check for working C compiler: /usr/bin/cc - skipped
[1.613s] -- Detecting C compile features
[1.614s] -- Detecting C compile features - done
[1.681s] -- Detecting CXX compiler ABI info
[2.124s] -- Detecting CXX compiler ABI info - done
[2.252s] -- Check for working CXX compiler: /usr/bin/c++ - skipped
[2.254s] -- Detecting CXX compile features
[2.254s] -- Detecting CXX compile features - done
[2.283s] -- Found ament_cmake: 2.5.4 (/opt/ros/jazzy/share/ament_cmake/cmake)
[2.833s] -- Found Python3: /usr/bin/python3 (found version "3.12.3") found components: Interpreter 
[3.435s] -- Found ament_lint_auto: 0.17.2 (/opt/ros/jazzy/share/ament_lint_auto/cmake)
[3.907s] [31mCMake Error at CMakeLists.txt:26 (rosidl_generate_interfaces):
[3.907s]   Unknown CMake command "rosidl_generate_interfaces".
[3.907s] 
[3.908s] [0m
[3.909s] -- Configuring incomplete, errors occurred!
[3.920s] Invoked command in '/home/gantry_lattepanda/Ryan_ws/gantry_lidars/build/gantry_lidar_interfaces' returned '1': CMAKE_PREFIX_PATH=${CMAKE_PREFIX_PATH}:/home/gantry_lattepanda/Ryan_ws/gantry_lidars/install/gantry_services:/home/gantry_lattepanda/Ryan_ws/gantry_lidars/install/gantry_lidars:/opt/ros/jazzy DEBUGINFOD_URLS=https://debuginfod.ubuntu.com /usr/bin/cmake /home/gantry_lattepanda/Ryan_ws/gantry_lidars/src/gantry_lidar_interfaces -DCMAKE_INSTALL_PREFIX=/home/gantry_lattepanda/Ryan_ws/gantry_lidars/install/gantry_lidar_interfaces
