[3.145s] Invoking command in '/home/gantry_lattepanda/Ryan_ws/gantry_lidars/src/gantry_services': AMENT_PREFIX_PATH=/home/gantry_lattepanda/Ryan_ws/gantry_lidars/install/gantry_lidar_interfaces:${AMENT_PREFIX_PATH} CMAKE_PREFIX_PATH=/home/gantry_lattepanda/Ryan_ws/gantry_lidars/install/gantry_lidar_interfaces:${CMAKE_PREFIX_PATH} DEBUGINFOD_URLS=https://debuginfod.ubuntu.com LD_LIBRARY_PATH=/home/gantry_lattepanda/Ryan_ws/gantry_lidars/install/gantry_lidar_interfaces/lib:${LD_LIBRARY_PATH} PYTHONPATH=/home/gantry_lattepanda/Ryan_ws/gantry_lidars/build/gantry_services/prefix_override:/usr/lib/python3/dist-packages/colcon_core/task/python/colcon_distutils_commands:/home/gantry_lattepanda/Ryan_ws/gantry_lidars/install/gantry_services/lib/python3.12/site-packages:/home/gantry_lattepanda/Ryan_ws/gantry_lidars/install/gantry_lidar_interfaces/lib/python3.12/site-packages:${PYTHONPATH} /usr/bin/python3 -W ignore:setup.py install is deprecated -W ignore:easy_install command is deprecated setup.py egg_info --egg-base ../../build/gantry_services build --build-base /home/gantry_lattepanda/Ryan_ws/gantry_lidars/build/gantry_services/build install --record /home/gantry_lattepanda/Ryan_ws/gantry_lidars/build/gantry_services/install.log --single-version-externally-managed install_data
[4.014s] running egg_info
[4.015s] creating ../../build/gantry_services/gantry_services.egg-info
[4.073s] writing ../../build/gantry_services/gantry_services.egg-info/PKG-INFO
[4.079s] writing dependency_links to ../../build/gantry_services/gantry_services.egg-info/dependency_links.txt
[4.080s] writing entry points to ../../build/gantry_services/gantry_services.egg-info/entry_points.txt
[4.080s] writing requirements to ../../build/gantry_services/gantry_services.egg-info/requires.txt
[4.080s] writing top-level names to ../../build/gantry_services/gantry_services.egg-info/top_level.txt
[4.080s] writing manifest file '../../build/gantry_services/gantry_services.egg-info/SOURCES.txt'
[4.197s] reading manifest file '../../build/gantry_services/gantry_services.egg-info/SOURCES.txt'
[4.198s] writing manifest file '../../build/gantry_services/gantry_services.egg-info/SOURCES.txt'
[4.199s] running build
[4.199s] running build_py
[4.200s] creating /home/gantry_lattepanda/Ryan_ws/gantry_lidars/build/gantry_services/build
[4.201s] creating /home/gantry_lattepanda/Ryan_ws/gantry_lidars/build/gantry_services/build/lib
[4.201s] creating /home/gantry_lattepanda/Ryan_ws/gantry_lidars/build/gantry_services/build/lib/gantry_services
[4.206s] copying gantry_services/GantryCaptureService.py -> /home/gantry_lattepanda/Ryan_ws/gantry_lidars/build/gantry_services/build/lib/gantry_services
[4.206s] copying gantry_services/__init__.py -> /home/gantry_lattepanda/Ryan_ws/gantry_lidars/build/gantry_services/build/lib/gantry_services
[4.207s] running install
[4.216s] running install_lib
[4.280s] creating /home/gantry_lattepanda/Ryan_ws/gantry_lidars/install/gantry_services/lib/python3.12/site-packages/gantry_services
[4.280s] copying /home/gantry_lattepanda/Ryan_ws/gantry_lidars/build/gantry_services/build/lib/gantry_services/GantryCaptureService.py -> /home/gantry_lattepanda/Ryan_ws/gantry_lidars/install/gantry_services/lib/python3.12/site-packages/gantry_services
[4.280s] copying /home/gantry_lattepanda/Ryan_ws/gantry_lidars/build/gantry_services/build/lib/gantry_services/__init__.py -> /home/gantry_lattepanda/Ryan_ws/gantry_lidars/install/gantry_services/lib/python3.12/site-packages/gantry_services
[4.282s] byte-compiling /home/gantry_lattepanda/Ryan_ws/gantry_lidars/install/gantry_services/lib/python3.12/site-packages/gantry_services/GantryCaptureService.py to GantryCaptureService.cpython-312.pyc
[4.286s] byte-compiling /home/gantry_lattepanda/Ryan_ws/gantry_lidars/install/gantry_services/lib/python3.12/site-packages/gantry_services/__init__.py to __init__.cpython-312.pyc
[4.290s] running install_data
[4.293s] creating /home/gantry_lattepanda/Ryan_ws/gantry_lidars/install/gantry_services/share/ament_index
[4.293s] creating /home/gantry_lattepanda/Ryan_ws/gantry_lidars/install/gantry_services/share/ament_index/resource_index
[4.293s] creating /home/gantry_lattepanda/Ryan_ws/gantry_lidars/install/gantry_services/share/ament_index/resource_index/packages
[4.293s] copying resource/gantry_services -> /home/gantry_lattepanda/Ryan_ws/gantry_lidars/install/gantry_services/share/ament_index/resource_index/packages
[4.293s] copying package.xml -> /home/gantry_lattepanda/Ryan_ws/gantry_lidars/install/gantry_services/share/gantry_services
[4.293s] running install_egg_info
[4.351s] Copying ../../build/gantry_services/gantry_services.egg-info to /home/gantry_lattepanda/Ryan_ws/gantry_lidars/install/gantry_services/lib/python3.12/site-packages/gantry_services-0.0.0-py3.12.egg-info
[4.353s] running install_scripts
[4.744s] Installing gantry_capture_service script to /home/gantry_lattepanda/Ryan_ws/gantry_lidars/install/gantry_services/lib/gantry_services
[4.744s] writing list of installed files to '/home/gantry_lattepanda/Ryan_ws/gantry_lidars/build/gantry_services/install.log'
[4.830s] Invoked command in '/home/gantry_lattepanda/Ryan_ws/gantry_lidars/src/gantry_services' returned '0': AMENT_PREFIX_PATH=/home/gantry_lattepanda/Ryan_ws/gantry_lidars/install/gantry_lidar_interfaces:${AMENT_PREFIX_PATH} CMAKE_PREFIX_PATH=/home/gantry_lattepanda/Ryan_ws/gantry_lidars/install/gantry_lidar_interfaces:${CMAKE_PREFIX_PATH} DEBUGINFOD_URLS=https://debuginfod.ubuntu.com LD_LIBRARY_PATH=/home/gantry_lattepanda/Ryan_ws/gantry_lidars/install/gantry_lidar_interfaces/lib:${LD_LIBRARY_PATH} PYTHONPATH=/home/gantry_lattepanda/Ryan_ws/gantry_lidars/build/gantry_services/prefix_override:/usr/lib/python3/dist-packages/colcon_core/task/python/colcon_distutils_commands:/home/gantry_lattepanda/Ryan_ws/gantry_lidars/install/gantry_services/lib/python3.12/site-packages:/home/gantry_lattepanda/Ryan_ws/gantry_lidars/install/gantry_lidar_interfaces/lib/python3.12/site-packages:${PYTHONPATH} /usr/bin/python3 -W ignore:setup.py install is deprecated -W ignore:easy_install command is deprecated setup.py egg_info --egg-base ../../build/gantry_services build --build-base /home/gantry_lattepanda/Ryan_ws/gantry_lidars/build/gantry_services/build install --record /home/gantry_lattepanda/Ryan_ws/gantry_lidars/build/gantry_services/install.log --single-version-externally-managed install_data
