[0.048s] Invoking command in '/home/gantry_lattepanda/Ryan_ws/gantry_lidars/build/gantry_lidar_interfaces': CMAKE_PREFIX_PATH=${CMAKE_PREFIX_PATH}:/opt/ros/jazzy DEBUGINFOD_URLS=https://debuginfod.ubuntu.com /usr/bin/cmake /home/gantry_lattepanda/Ryan_ws/gantry_lidars/src/gantry_lidar_interfaces -DAMENT_CMAKE_SYMLINK_INSTALL=1 -DCMAKE_INSTALL_PREFIX=/home/gantry_lattepanda/Ryan_ws/gantry_lidars/install/gantry_lidar_interfaces
[0.095s] -- Found ament_cmake: 2.5.4 (/opt/ros/jazzy/share/ament_cmake/cmake)
[0.182s] -- Found Python3: /usr/bin/python3 (found version "3.12.3") found components: Interpreter 
[0.384s] -- Override CMake install command with custom implementation using symlinks instead of copying resources
[0.404s] -- Found rosidl_default_generators: 1.6.0 (/opt/ros/jazzy/share/rosidl_default_generators/cmake)
[0.411s] -- Using all available rosidl_typesupport_c: rosidl_typesupport_fastrtps_c;rosidl_typesupport_introspection_c
[0.562s] -- Using all available rosidl_typesupport_cpp: rosidl_typesupport_fastrtps_cpp;rosidl_typesupport_introspection_cpp
[0.681s] -- Found rosidl_adapter: 4.6.5 (/opt/ros/jazzy/share/rosidl_adapter/cmake)
[0.687s] -- Found ament_lint_auto: 0.17.2 (/opt/ros/jazzy/share/ament_lint_auto/cmake)
[1.797s] -- Found ament_cmake_ros: 0.12.0 (/opt/ros/jazzy/share/ament_cmake_ros/cmake)
[2.082s] -- Using all available rosidl_typesupport_c: rosidl_typesupport_fastrtps_c;rosidl_typesupport_introspection_c
[2.487s] -- Using all available rosidl_typesupport_cpp: rosidl_typesupport_fastrtps_cpp;rosidl_typesupport_introspection_cpp
[2.491s] -- Found python_cmake_module: 0.11.1 (/opt/ros/jazzy/share/python_cmake_module/cmake)
[3.455s] -- Found Python3: /usr/bin/python3 (found version "3.12.3") found components: Interpreter Development NumPy Development.Module Development.Embed 
[3.509s] -- Added test 'lint_cmake' to check CMake code style
[3.513s] -- Added test 'xmllint' to check XML markup files
[3.540s] -- Configuring done (3.5s)
[3.643s] -- Generating done (0.1s)
[3.681s] -- Build files have been written to: /home/gantry_lattepanda/Ryan_ws/gantry_lidars/build/gantry_lidar_interfaces
[3.695s] Invoked command in '/home/gantry_lattepanda/Ryan_ws/gantry_lidars/build/gantry_lidar_interfaces' returned '0': CMAKE_PREFIX_PATH=${CMAKE_PREFIX_PATH}:/opt/ros/jazzy DEBUGINFOD_URLS=https://debuginfod.ubuntu.com /usr/bin/cmake /home/gantry_lattepanda/Ryan_ws/gantry_lidars/src/gantry_lidar_interfaces -DAMENT_CMAKE_SYMLINK_INSTALL=1 -DCMAKE_INSTALL_PREFIX=/home/gantry_lattepanda/Ryan_ws/gantry_lidars/install/gantry_lidar_interfaces
[3.699s] Invoking command in '/home/gantry_lattepanda/Ryan_ws/gantry_lidars/build/gantry_lidar_interfaces': CMAKE_PREFIX_PATH=${CMAKE_PREFIX_PATH}:/opt/ros/jazzy DEBUGINFOD_URLS=https://debuginfod.ubuntu.com /usr/bin/cmake --build /home/gantry_lattepanda/Ryan_ws/gantry_lidars/build/gantry_lidar_interfaces -- -j4 -l4
[3.847s] [  2%] Built target gantry_lidar_interfaces__rosidl_generator_type_description
[3.894s] failed to create symbolic link '/home/gantry_lattepanda/Ryan_ws/gantry_lidars/build/gantry_lidar_interfaces/ament_cmake_python/gantry_lidar_interfaces/gantry_lidar_interfaces' because existing path cannot be removed: Is a directory
[3.896s] gmake[2]: *** [CMakeFiles/ament_cmake_python_symlink_gantry_lidar_interfaces.dir/build.make:70: CMakeFiles/ament_cmake_python_symlink_gantry_lidar_interfaces] Error 1
[3.897s] gmake[1]: *** [CMakeFiles/Makefile2:452: CMakeFiles/ament_cmake_python_symlink_gantry_lidar_interfaces.dir/all] Error 2
[3.897s] gmake: *** [Makefile:146: all] Error 2
[3.904s] Invoked command in '/home/gantry_lattepanda/Ryan_ws/gantry_lidars/build/gantry_lidar_interfaces' returned '2': CMAKE_PREFIX_PATH=${CMAKE_PREFIX_PATH}:/opt/ros/jazzy DEBUGINFOD_URLS=https://debuginfod.ubuntu.com /usr/bin/cmake --build /home/gantry_lattepanda/Ryan_ws/gantry_lidars/build/gantry_lidar_interfaces -- -j4 -l4
