[4.740s] Invoking command in '/home/gantry_lattepanda/Ryan_ws/gantry_lidars/src/gantry_lidars': DEBUGINFOD_URLS=https://debuginfod.ubuntu.com PYTHONPATH=/home/gantry_lattepanda/Ryan_ws/gantry_lidars/build/gantry_lidars/prefix_override:/usr/lib/python3/dist-packages/colcon_core/task/python/colcon_distutils_commands:/home/gantry_lattepanda/Ryan_ws/gantry_lidars/install/gantry_lidars/lib/python3.12/site-packages:${PYTHONPATH} /usr/bin/python3 -W ignore:setup.py install is deprecated -W ignore:easy_install command is deprecated setup.py egg_info --egg-base ../../build/gantry_lidars build --build-base /home/gantry_lattepanda/Ryan_ws/gantry_lidars/build/gantry_lidars/build install --record /home/gantry_lattepanda/Ryan_ws/gantry_lidars/build/gantry_lidars/install.log --single-version-externally-managed install_data
[5.917s] running egg_info
[5.999s] writing ../../build/gantry_lidars/gantry_lidars.egg-info/PKG-INFO
[6.002s] writing dependency_links to ../../build/gantry_lidars/gantry_lidars.egg-info/dependency_links.txt
[6.003s] writing entry points to ../../build/gantry_lidars/gantry_lidars.egg-info/entry_points.txt
[6.003s] writing requirements to ../../build/gantry_lidars/gantry_lidars.egg-info/requires.txt
[6.004s] writing top-level names to ../../build/gantry_lidars/gantry_lidars.egg-info/top_level.txt
[6.187s] reading manifest file '../../build/gantry_lidars/gantry_lidars.egg-info/SOURCES.txt'
[6.196s] writing manifest file '../../build/gantry_lidars/gantry_lidars.egg-info/SOURCES.txt'
[6.197s] running build
[6.198s] running build_py
[6.205s] running install
[6.224s] running install_lib
[6.327s] running install_data
[6.330s] running install_egg_info
[6.428s] removing '/home/gantry_lattepanda/Ryan_ws/gantry_lidars/install/gantry_lidars/lib/python3.12/site-packages/gantry_lidars-0.0.0-py3.12.egg-info' (and everything under it)
[6.434s] Copying ../../build/gantry_lidars/gantry_lidars.egg-info to /home/gantry_lattepanda/Ryan_ws/gantry_lidars/install/gantry_lidars/lib/python3.12/site-packages/gantry_lidars-0.0.0-py3.12.egg-info
[6.448s] running install_scripts
[6.972s] Installing gantry_lidars script to /home/gantry_lattepanda/Ryan_ws/gantry_lidars/install/gantry_lidars/lib/gantry_lidars
[6.983s] writing list of installed files to '/home/gantry_lattepanda/Ryan_ws/gantry_lidars/build/gantry_lidars/install.log'
[7.091s] Invoked command in '/home/gantry_lattepanda/Ryan_ws/gantry_lidars/src/gantry_lidars' returned '0': DEBUGINFOD_URLS=https://debuginfod.ubuntu.com PYTHONPATH=/home/gantry_lattepanda/Ryan_ws/gantry_lidars/build/gantry_lidars/prefix_override:/usr/lib/python3/dist-packages/colcon_core/task/python/colcon_distutils_commands:/home/gantry_lattepanda/Ryan_ws/gantry_lidars/install/gantry_lidars/lib/python3.12/site-packages:${PYTHONPATH} /usr/bin/python3 -W ignore:setup.py install is deprecated -W ignore:easy_install command is deprecated setup.py egg_info --egg-base ../../build/gantry_lidars build --build-base /home/gantry_lattepanda/Ryan_ws/gantry_lidars/build/gantry_lidars/build install --record /home/gantry_lattepanda/Ryan_ws/gantry_lidars/build/gantry_lidars/install.log --single-version-externally-managed install_data
