[3.346s] Invoking command in '/home/gantry_lattepanda/Ryan_ws/gantry_lidars/src/gantry_lidars': DEBUGINFOD_URLS=https://debuginfod.ubuntu.com PYTHONPATH=/home/gantry_lattepanda/Ryan_ws/gantry_lidars/build/gantry_lidars/prefix_override:/usr/lib/python3/dist-packages/colcon_core/task/python/colcon_distutils_commands:/home/gantry_lattepanda/Ryan_ws/gantry_lidars/install/gantry_lidars/lib/python3.12/site-packages:${PYTHONPATH} /usr/bin/python3 -W ignore:setup.py install is deprecated -W ignore:easy_install command is deprecated setup.py egg_info --egg-base ../../build/gantry_lidars build --build-base /home/gantry_lattepanda/Ryan_ws/gantry_lidars/build/gantry_lidars/build install --record /home/gantry_lattepanda/Ryan_ws/gantry_lidars/build/gantry_lidars/install.log --single-version-externally-managed install_data
[4.266s] running egg_info
[4.326s] writing ../../build/gantry_lidars/gantry_lidars.egg-info/PKG-INFO
[4.332s] writing dependency_links to ../../build/gantry_lidars/gantry_lidars.egg-info/dependency_links.txt
[4.332s] writing entry points to ../../build/gantry_lidars/gantry_lidars.egg-info/entry_points.txt
[4.332s] writing requirements to ../../build/gantry_lidars/gantry_lidars.egg-info/requires.txt
[4.332s] writing top-level names to ../../build/gantry_lidars/gantry_lidars.egg-info/top_level.txt
[4.467s] reading manifest file '../../build/gantry_lidars/gantry_lidars.egg-info/SOURCES.txt'
[4.468s] writing manifest file '../../build/gantry_lidars/gantry_lidars.egg-info/SOURCES.txt'
[4.471s] running build
[4.472s] running build_py
[4.472s] running install
[4.486s] running install_lib
[4.560s] running install_data
[4.560s] running install_egg_info
[4.634s] removing '/home/gantry_lattepanda/Ryan_ws/gantry_lidars/install/gantry_lidars/lib/python3.12/site-packages/gantry_lidars-0.0.0-py3.12.egg-info' (and everything under it)
[4.636s] Copying ../../build/gantry_lidars/gantry_lidars.egg-info to /home/gantry_lattepanda/Ryan_ws/gantry_lidars/install/gantry_lidars/lib/python3.12/site-packages/gantry_lidars-0.0.0-py3.12.egg-info
[4.636s] running install_scripts
[5.211s] Installing gantry_lidars script to /home/gantry_lattepanda/Ryan_ws/gantry_lidars/install/gantry_lidars/lib/gantry_lidars
[5.220s] writing list of installed files to '/home/gantry_lattepanda/Ryan_ws/gantry_lidars/build/gantry_lidars/install.log'
[5.389s] Invoked command in '/home/gantry_lattepanda/Ryan_ws/gantry_lidars/src/gantry_lidars' returned '0': DEBUGINFOD_URLS=https://debuginfod.ubuntu.com PYTHONPATH=/home/gantry_lattepanda/Ryan_ws/gantry_lidars/build/gantry_lidars/prefix_override:/usr/lib/python3/dist-packages/colcon_core/task/python/colcon_distutils_commands:/home/gantry_lattepanda/Ryan_ws/gantry_lidars/install/gantry_lidars/lib/python3.12/site-packages:${PYTHONPATH} /usr/bin/python3 -W ignore:setup.py install is deprecated -W ignore:easy_install command is deprecated setup.py egg_info --egg-base ../../build/gantry_lidars build --build-base /home/gantry_lattepanda/Ryan_ws/gantry_lidars/build/gantry_lidars/build install --record /home/gantry_lattepanda/Ryan_ws/gantry_lidars/build/gantry_lidars/install.log --single-version-externally-managed install_data
