[3.712s] Invoking command in '/home/gantry_lattepanda/Ryan_ws/gantry_lidars/src/gantry_services': DEBUGINFOD_URLS=https://debuginfod.ubuntu.com PYTHONPATH=/home/gantry_lattepanda/Ryan_ws/gantry_lidars/build/gantry_services/prefix_override:/usr/lib/python3/dist-packages/colcon_core/task/python/colcon_distutils_commands:/home/gantry_lattepanda/Ryan_ws/gantry_lidars/install/gantry_services/lib/python3.12/site-packages:/home/gantry_lattepanda/Ryan_ws/gantry_lidars/install/gantry_lidar_interfaces/lib/python3.12/site-packages:/home/gantry_lattepanda/Ryan_ws/gantry_lidars/install/gantry_services/lib/python3.12/site-packages:/home/gantry_lattepanda/Ryan_ws/gantry_lidars/install/gantry_lidars/lib/python3.12/site-packages:/m3_robotics/gantry_control/ros/install/gantry_teleop/lib/python3.12/site-packages:/m3_robotics/gantry_control/ros/install/gantry_interfaces/lib/python3.12/site-packages:/m3_robotics/gantry_control/ros/install/gantry_cameras/lib/python3.12/site-packages:/home/gantry_lattepanda/realsense-ros-4.51.1/install/realsense2_camera_msgs/lib/python3.12/site-packages:/home/gantry_lattepanda/ros2_ws/install/realsense2_camera_msgs/lib/python3.12/site-packages:/opt/ros/jazzy/lib/python3.12/site-packages /usr/bin/python3 -W ignore:setup.py install is deprecated -W ignore:easy_install command is deprecated setup.py egg_info --egg-base ../../build/gantry_services build --build-base /home/gantry_lattepanda/Ryan_ws/gantry_lidars/build/gantry_services/build install --record /home/gantry_lattepanda/Ryan_ws/gantry_lidars/build/gantry_services/install.log --single-version-externally-managed install_data
[5.118s] running egg_info
[5.207s] writing ../../build/gantry_services/gantry_services.egg-info/PKG-INFO
[5.208s] writing dependency_links to ../../build/gantry_services/gantry_services.egg-info/dependency_links.txt
[5.209s] writing entry points to ../../build/gantry_services/gantry_services.egg-info/entry_points.txt
[5.209s] writing requirements to ../../build/gantry_services/gantry_services.egg-info/requires.txt
[5.210s] writing top-level names to ../../build/gantry_services/gantry_services.egg-info/top_level.txt
[5.384s] reading manifest file '../../build/gantry_services/gantry_services.egg-info/SOURCES.txt'
[5.387s] writing manifest file '../../build/gantry_services/gantry_services.egg-info/SOURCES.txt'
[5.387s] running build
[5.388s] running build_py
[5.388s] copying gantry_services/GantryCaptureService.py -> /home/gantry_lattepanda/Ryan_ws/gantry_lidars/build/gantry_services/build/lib/gantry_services
[5.390s] running install
[5.406s] running install_lib
[5.495s] copying /home/gantry_lattepanda/Ryan_ws/gantry_lidars/build/gantry_services/build/lib/gantry_services/GantryCaptureService.py -> /home/gantry_lattepanda/Ryan_ws/gantry_lidars/install/gantry_services/lib/python3.12/site-packages/gantry_services
[5.497s] byte-compiling /home/gantry_lattepanda/Ryan_ws/gantry_lidars/install/gantry_services/lib/python3.12/site-packages/gantry_services/GantryCaptureService.py to GantryCaptureService.cpython-312.pyc
[5.504s] running install_data
[5.505s] running install_egg_info
[5.591s] removing '/home/gantry_lattepanda/Ryan_ws/gantry_lidars/install/gantry_services/lib/python3.12/site-packages/gantry_services-0.0.0-py3.12.egg-info' (and everything under it)
[5.593s] Copying ../../build/gantry_services/gantry_services.egg-info to /home/gantry_lattepanda/Ryan_ws/gantry_lidars/install/gantry_services/lib/python3.12/site-packages/gantry_services-0.0.0-py3.12.egg-info
[5.597s] running install_scripts
[6.199s] Installing gantry_capture_service script to /home/gantry_lattepanda/Ryan_ws/gantry_lidars/install/gantry_services/lib/gantry_services
[6.202s] writing list of installed files to '/home/gantry_lattepanda/Ryan_ws/gantry_lidars/build/gantry_services/install.log'
[6.311s] Invoked command in '/home/gantry_lattepanda/Ryan_ws/gantry_lidars/src/gantry_services' returned '0': DEBUGINFOD_URLS=https://debuginfod.ubuntu.com PYTHONPATH=/home/gantry_lattepanda/Ryan_ws/gantry_lidars/build/gantry_services/prefix_override:/usr/lib/python3/dist-packages/colcon_core/task/python/colcon_distutils_commands:/home/gantry_lattepanda/Ryan_ws/gantry_lidars/install/gantry_services/lib/python3.12/site-packages:/home/gantry_lattepanda/Ryan_ws/gantry_lidars/install/gantry_lidar_interfaces/lib/python3.12/site-packages:/home/gantry_lattepanda/Ryan_ws/gantry_lidars/install/gantry_services/lib/python3.12/site-packages:/home/gantry_lattepanda/Ryan_ws/gantry_lidars/install/gantry_lidars/lib/python3.12/site-packages:/m3_robotics/gantry_control/ros/install/gantry_teleop/lib/python3.12/site-packages:/m3_robotics/gantry_control/ros/install/gantry_interfaces/lib/python3.12/site-packages:/m3_robotics/gantry_control/ros/install/gantry_cameras/lib/python3.12/site-packages:/home/gantry_lattepanda/realsense-ros-4.51.1/install/realsense2_camera_msgs/lib/python3.12/site-packages:/home/gantry_lattepanda/ros2_ws/install/realsense2_camera_msgs/lib/python3.12/site-packages:/opt/ros/jazzy/lib/python3.12/site-packages /usr/bin/python3 -W ignore:setup.py install is deprecated -W ignore:easy_install command is deprecated setup.py egg_info --egg-base ../../build/gantry_services build --build-base /home/gantry_lattepanda/Ryan_ws/gantry_lidars/build/gantry_services/build install --record /home/gantry_lattepanda/Ryan_ws/gantry_lidars/build/gantry_services/install.log --single-version-externally-managed install_data
