[3.172s] Invoking command in '/home/gantry_lattepanda/Ryan_ws/gantry_lidars/src/gantry_services': DEBUGINFOD_URLS=https://debuginfod.ubuntu.com PYTHONPATH=/home/gantry_lattepanda/Ryan_ws/gantry_lidars/build/gantry_services/prefix_override:/usr/lib/python3/dist-packages/colcon_core/task/python/colcon_distutils_commands:/home/gantry_lattepanda/Ryan_ws/gantry_lidars/install/gantry_services/lib/python3.12/site-packages:${PYTHONPATH} /usr/bin/python3 -W ignore:setup.py install is deprecated -W ignore:easy_install command is deprecated setup.py egg_info --egg-base ../../build/gantry_services build --build-base /home/gantry_lattepanda/Ryan_ws/gantry_lidars/build/gantry_services/build install --record /home/gantry_lattepanda/Ryan_ws/gantry_lidars/build/gantry_services/install.log --single-version-externally-managed install_data
[4.010s] running egg_info
[4.011s] creating ../../build/gantry_services/gantry_services.egg-info
[4.075s] writing ../../build/gantry_services/gantry_services.egg-info/PKG-INFO
[4.076s] writing dependency_links to ../../build/gantry_services/gantry_services.egg-info/dependency_links.txt
[4.076s] writing entry points to ../../build/gantry_services/gantry_services.egg-info/entry_points.txt
[4.077s] writing requirements to ../../build/gantry_services/gantry_services.egg-info/requires.txt
[4.077s] writing top-level names to ../../build/gantry_services/gantry_services.egg-info/top_level.txt
[4.077s] writing manifest file '../../build/gantry_services/gantry_services.egg-info/SOURCES.txt'
[4.208s] reading manifest file '../../build/gantry_services/gantry_services.egg-info/SOURCES.txt'
[4.209s] writing manifest file '../../build/gantry_services/gantry_services.egg-info/SOURCES.txt'
[4.211s] running build
[4.212s] running build_py
[4.213s] creating /home/gantry_lattepanda/Ryan_ws/gantry_lidars/build/gantry_services/build
[4.213s] creating /home/gantry_lattepanda/Ryan_ws/gantry_lidars/build/gantry_services/build/lib
[4.214s] creating /home/gantry_lattepanda/Ryan_ws/gantry_lidars/build/gantry_services/build/lib/gantry_services
[4.214s] copying gantry_services/GantryCaptureService.py -> /home/gantry_lattepanda/Ryan_ws/gantry_lidars/build/gantry_services/build/lib/gantry_services
[4.214s] copying gantry_services/__init__.py -> /home/gantry_lattepanda/Ryan_ws/gantry_lidars/build/gantry_services/build/lib/gantry_services
[4.215s] running install
[4.232s] running install_lib
[4.303s] creating /home/gantry_lattepanda/Ryan_ws/gantry_lidars/install/gantry_services/lib/python3.12/site-packages/gantry_services
[4.303s] copying /home/gantry_lattepanda/Ryan_ws/gantry_lidars/build/gantry_services/build/lib/gantry_services/GantryCaptureService.py -> /home/gantry_lattepanda/Ryan_ws/gantry_lidars/install/gantry_services/lib/python3.12/site-packages/gantry_services
[4.306s] copying /home/gantry_lattepanda/Ryan_ws/gantry_lidars/build/gantry_services/build/lib/gantry_services/__init__.py -> /home/gantry_lattepanda/Ryan_ws/gantry_lidars/install/gantry_services/lib/python3.12/site-packages/gantry_services
[4.307s] byte-compiling /home/gantry_lattepanda/Ryan_ws/gantry_lidars/install/gantry_services/lib/python3.12/site-packages/gantry_services/GantryCaptureService.py to GantryCaptureService.cpython-312.pyc
[4.309s] byte-compiling /home/gantry_lattepanda/Ryan_ws/gantry_lidars/install/gantry_services/lib/python3.12/site-packages/gantry_services/__init__.py to __init__.cpython-312.pyc
[4.310s] running install_data
[4.311s] creating /home/gantry_lattepanda/Ryan_ws/gantry_lidars/install/gantry_services/share/ament_index
[4.314s] creating /home/gantry_lattepanda/Ryan_ws/gantry_lidars/install/gantry_services/share/ament_index/resource_index
[4.314s] creating /home/gantry_lattepanda/Ryan_ws/gantry_lidars/install/gantry_services/share/ament_index/resource_index/packages
[4.315s] copying resource/gantry_services -> /home/gantry_lattepanda/Ryan_ws/gantry_lidars/install/gantry_services/share/ament_index/resource_index/packages
[4.315s] copying package.xml -> /home/gantry_lattepanda/Ryan_ws/gantry_lidars/install/gantry_services/share/gantry_services
[4.315s] running install_egg_info
[4.389s] Copying ../../build/gantry_services/gantry_services.egg-info to /home/gantry_lattepanda/Ryan_ws/gantry_lidars/install/gantry_services/lib/python3.12/site-packages/gantry_services-0.0.0-py3.12.egg-info
[4.389s] running install_scripts
[4.861s] Installing gantry_capture_service script to /home/gantry_lattepanda/Ryan_ws/gantry_lidars/install/gantry_services/lib/gantry_services
[4.863s] writing list of installed files to '/home/gantry_lattepanda/Ryan_ws/gantry_lidars/build/gantry_services/install.log'
[4.941s] Invoked command in '/home/gantry_lattepanda/Ryan_ws/gantry_lidars/src/gantry_services' returned '0': DEBUGINFOD_URLS=https://debuginfod.ubuntu.com PYTHONPATH=/home/gantry_lattepanda/Ryan_ws/gantry_lidars/build/gantry_services/prefix_override:/usr/lib/python3/dist-packages/colcon_core/task/python/colcon_distutils_commands:/home/gantry_lattepanda/Ryan_ws/gantry_lidars/install/gantry_services/lib/python3.12/site-packages:${PYTHONPATH} /usr/bin/python3 -W ignore:setup.py install is deprecated -W ignore:easy_install command is deprecated setup.py egg_info --egg-base ../../build/gantry_services build --build-base /home/gantry_lattepanda/Ryan_ws/gantry_lidars/build/gantry_services/build install --record /home/gantry_lattepanda/Ryan_ws/gantry_lidars/build/gantry_services/install.log --single-version-externally-managed install_data
