[3.489s] Invoking command in '/home/gantry_lattepanda/Ryan_ws/gantry_lidars/src/gantry_lidars': DEBUGINFOD_URLS=https://debuginfod.ubuntu.com PYTHONPATH=/home/gantry_lattepanda/Ryan_ws/gantry_lidars/build/gantry_lidars/prefix_override:/usr/lib/python3/dist-packages/colcon_core/task/python/colcon_distutils_commands:/home/gantry_lattepanda/Ryan_ws/gantry_lidars/install/gantry_lidars/lib/python3.12/site-packages:${PYTHONPATH} /usr/bin/python3 -W ignore:setup.py install is deprecated -W ignore:easy_install command is deprecated setup.py egg_info --egg-base ../../build/gantry_lidars build --build-base /home/gantry_lattepanda/Ryan_ws/gantry_lidars/build/gantry_lidars/build install --record /home/gantry_lattepanda/Ryan_ws/gantry_lidars/build/gantry_lidars/install.log --single-version-externally-managed install_data
[4.514s] running egg_info
[4.515s] creating ../../build/gantry_lidars/gantry_lidars.egg-info
[4.583s] writing ../../build/gantry_lidars/gantry_lidars.egg-info/PKG-INFO
[4.584s] writing dependency_links to ../../build/gantry_lidars/gantry_lidars.egg-info/dependency_links.txt
[4.584s] writing entry points to ../../build/gantry_lidars/gantry_lidars.egg-info/entry_points.txt
[4.586s] writing requirements to ../../build/gantry_lidars/gantry_lidars.egg-info/requires.txt
[4.586s] writing top-level names to ../../build/gantry_lidars/gantry_lidars.egg-info/top_level.txt
[4.586s] writing manifest file '../../build/gantry_lidars/gantry_lidars.egg-info/SOURCES.txt'
[4.722s] reading manifest file '../../build/gantry_lidars/gantry_lidars.egg-info/SOURCES.txt'
[4.724s] writing manifest file '../../build/gantry_lidars/gantry_lidars.egg-info/SOURCES.txt'
[4.727s] running build
[4.727s] running build_py
[4.727s] creating /home/gantry_lattepanda/Ryan_ws/gantry_lidars/build/gantry_lidars/build
[4.728s] creating /home/gantry_lattepanda/Ryan_ws/gantry_lidars/build/gantry_lidars/build/lib
[4.729s] creating /home/gantry_lattepanda/Ryan_ws/gantry_lidars/build/gantry_lidars/build/lib/gantry_lidars
[4.730s] copying gantry_lidars/PointCloudMerger.py -> /home/gantry_lattepanda/Ryan_ws/gantry_lidars/build/gantry_lidars/build/lib/gantry_lidars
[4.731s] copying gantry_lidars/__init__.py -> /home/gantry_lattepanda/Ryan_ws/gantry_lidars/build/gantry_lidars/build/lib/gantry_lidars
[4.731s] running install
[4.742s] running install_lib
[4.887s] creating /home/gantry_lattepanda/Ryan_ws/gantry_lidars/install/gantry_lidars/lib/python3.12/site-packages/gantry_lidars
[4.887s] copying /home/gantry_lattepanda/Ryan_ws/gantry_lidars/build/gantry_lidars/build/lib/gantry_lidars/PointCloudMerger.py -> /home/gantry_lattepanda/Ryan_ws/gantry_lidars/install/gantry_lidars/lib/python3.12/site-packages/gantry_lidars
[4.888s] copying /home/gantry_lattepanda/Ryan_ws/gantry_lidars/build/gantry_lidars/build/lib/gantry_lidars/__init__.py -> /home/gantry_lattepanda/Ryan_ws/gantry_lidars/install/gantry_lidars/lib/python3.12/site-packages/gantry_lidars
[4.889s] byte-compiling /home/gantry_lattepanda/Ryan_ws/gantry_lidars/install/gantry_lidars/lib/python3.12/site-packages/gantry_lidars/PointCloudMerger.py to PointCloudMerger.cpython-312.pyc
[4.893s] byte-compiling /home/gantry_lattepanda/Ryan_ws/gantry_lidars/install/gantry_lidars/lib/python3.12/site-packages/gantry_lidars/__init__.py to __init__.cpython-312.pyc
[4.894s] running install_data
[4.895s] creating /home/gantry_lattepanda/Ryan_ws/gantry_lidars/install/gantry_lidars/share/ament_index
[4.895s] creating /home/gantry_lattepanda/Ryan_ws/gantry_lidars/install/gantry_lidars/share/ament_index/resource_index
[4.895s] creating /home/gantry_lattepanda/Ryan_ws/gantry_lidars/install/gantry_lidars/share/ament_index/resource_index/packages
[4.897s] copying resource/gantry_lidars -> /home/gantry_lattepanda/Ryan_ws/gantry_lidars/install/gantry_lidars/share/ament_index/resource_index/packages
[4.898s] copying package.xml -> /home/gantry_lattepanda/Ryan_ws/gantry_lidars/install/gantry_lidars/share/gantry_lidars
[4.898s] running install_egg_info
[5.019s] Copying ../../build/gantry_lidars/gantry_lidars.egg-info to /home/gantry_lattepanda/Ryan_ws/gantry_lidars/install/gantry_lidars/lib/python3.12/site-packages/gantry_lidars-0.0.0-py3.12.egg-info
[5.022s] running install_scripts
[5.636s] Installing gantry_lidars script to /home/gantry_lattepanda/Ryan_ws/gantry_lidars/install/gantry_lidars/lib/gantry_lidars
[5.638s] writing list of installed files to '/home/gantry_lattepanda/Ryan_ws/gantry_lidars/build/gantry_lidars/install.log'
[5.841s] Invoked command in '/home/gantry_lattepanda/Ryan_ws/gantry_lidars/src/gantry_lidars' returned '0': DEBUGINFOD_URLS=https://debuginfod.ubuntu.com PYTHONPATH=/home/gantry_lattepanda/Ryan_ws/gantry_lidars/build/gantry_lidars/prefix_override:/usr/lib/python3/dist-packages/colcon_core/task/python/colcon_distutils_commands:/home/gantry_lattepanda/Ryan_ws/gantry_lidars/install/gantry_lidars/lib/python3.12/site-packages:${PYTHONPATH} /usr/bin/python3 -W ignore:setup.py install is deprecated -W ignore:easy_install command is deprecated setup.py egg_info --egg-base ../../build/gantry_lidars build --build-base /home/gantry_lattepanda/Ryan_ws/gantry_lidars/build/gantry_lidars/build install --record /home/gantry_lattepanda/Ryan_ws/gantry_lidars/build/gantry_lidars/install.log --single-version-externally-managed install_data
