[3.154s] Invoking command in '/home/gantry_lattepanda/Ryan_ws/gantry_lidars/src/gantry_lidars': DEBUGINFOD_URLS=https://debuginfod.ubuntu.com PYTHONPATH=/home/gantry_lattepanda/Ryan_ws/gantry_lidars/build/gantry_lidars/prefix_override:/usr/lib/python3/dist-packages/colcon_core/task/python/colcon_distutils_commands:/home/gantry_lattepanda/Ryan_ws/gantry_lidars/install/gantry_lidars/lib/python3.12/site-packages:${PYTHONPATH} /usr/bin/python3 -W ignore:setup.py install is deprecated -W ignore:easy_install command is deprecated setup.py egg_info --egg-base ../../build/gantry_lidars build --build-base /home/gantry_lattepanda/Ryan_ws/gantry_lidars/build/gantry_lidars/build install --record /home/gantry_lattepanda/Ryan_ws/gantry_lidars/build/gantry_lidars/install.log --single-version-externally-managed install_data
[4.467s] running egg_info
[4.469s] creating ../../build/gantry_lidars/gantry_lidars.egg-info
[4.588s] writing ../../build/gantry_lidars/gantry_lidars.egg-info/PKG-INFO
[4.591s] writing dependency_links to ../../build/gantry_lidars/gantry_lidars.egg-info/dependency_links.txt
[4.592s] writing entry points to ../../build/gantry_lidars/gantry_lidars.egg-info/entry_points.txt
[4.594s] writing requirements to ../../build/gantry_lidars/gantry_lidars.egg-info/requires.txt
[4.595s] writing top-level names to ../../build/gantry_lidars/gantry_lidars.egg-info/top_level.txt
[4.597s] writing manifest file '../../build/gantry_lidars/gantry_lidars.egg-info/SOURCES.txt'
[4.777s] reading manifest file '../../build/gantry_lidars/gantry_lidars.egg-info/SOURCES.txt'
[4.780s] writing manifest file '../../build/gantry_lidars/gantry_lidars.egg-info/SOURCES.txt'
[4.781s] running build
[4.782s] running build_py
[4.783s] creating /home/gantry_lattepanda/Ryan_ws/gantry_lidars/build/gantry_lidars/build
[4.783s] creating /home/gantry_lattepanda/Ryan_ws/gantry_lidars/build/gantry_lidars/build/lib
[4.784s] creating /home/gantry_lattepanda/Ryan_ws/gantry_lidars/build/gantry_lidars/build/lib/gantry_lidars
[4.785s] copying gantry_lidars/PointCloudMerger.py -> /home/gantry_lattepanda/Ryan_ws/gantry_lidars/build/gantry_lidars/build/lib/gantry_lidars
[4.786s] copying gantry_lidars/__init__.py -> /home/gantry_lattepanda/Ryan_ws/gantry_lidars/build/gantry_lidars/build/lib/gantry_lidars
[4.787s] running install
[4.805s] running install_lib
[4.889s] creating /home/gantry_lattepanda/Ryan_ws/gantry_lidars/install/gantry_lidars/lib/python3.12/site-packages/gantry_lidars
[4.890s] copying /home/gantry_lattepanda/Ryan_ws/gantry_lidars/build/gantry_lidars/build/lib/gantry_lidars/PointCloudMerger.py -> /home/gantry_lattepanda/Ryan_ws/gantry_lidars/install/gantry_lidars/lib/python3.12/site-packages/gantry_lidars
[4.891s] copying /home/gantry_lattepanda/Ryan_ws/gantry_lidars/build/gantry_lidars/build/lib/gantry_lidars/__init__.py -> /home/gantry_lattepanda/Ryan_ws/gantry_lidars/install/gantry_lidars/lib/python3.12/site-packages/gantry_lidars
[4.894s] byte-compiling /home/gantry_lattepanda/Ryan_ws/gantry_lidars/install/gantry_lidars/lib/python3.12/site-packages/gantry_lidars/PointCloudMerger.py to PointCloudMerger.cpython-312.pyc
[4.898s] byte-compiling /home/gantry_lattepanda/Ryan_ws/gantry_lidars/install/gantry_lidars/lib/python3.12/site-packages/gantry_lidars/__init__.py to __init__.cpython-312.pyc
[4.899s] running install_data
[4.901s] creating /home/gantry_lattepanda/Ryan_ws/gantry_lidars/install/gantry_lidars/share/ament_index
[4.902s] creating /home/gantry_lattepanda/Ryan_ws/gantry_lidars/install/gantry_lidars/share/ament_index/resource_index
[4.902s] creating /home/gantry_lattepanda/Ryan_ws/gantry_lidars/install/gantry_lidars/share/ament_index/resource_index/packages
[4.903s] copying resource/gantry_lidars -> /home/gantry_lattepanda/Ryan_ws/gantry_lidars/install/gantry_lidars/share/ament_index/resource_index/packages
[4.903s] copying package.xml -> /home/gantry_lattepanda/Ryan_ws/gantry_lidars/install/gantry_lidars/share/gantry_lidars
[4.906s] running install_egg_info
[4.992s] Copying ../../build/gantry_lidars/gantry_lidars.egg-info to /home/gantry_lattepanda/Ryan_ws/gantry_lidars/install/gantry_lidars/lib/python3.12/site-packages/gantry_lidars-0.0.0-py3.12.egg-info
[4.996s] running install_scripts
[5.568s] Installing gantry_lidars script to /home/gantry_lattepanda/Ryan_ws/gantry_lidars/install/gantry_lidars/lib/gantry_lidars
[5.568s] writing list of installed files to '/home/gantry_lattepanda/Ryan_ws/gantry_lidars/build/gantry_lidars/install.log'
