-- The C compiler identification is GNU 13.3.0
-- The CXX compiler identification is GNU 13.3.0
-- Detecting C compiler ABI info
-- Detecting C compiler ABI info - done
-- Check for working C compiler: /usr/bin/cc - skipped
-- Detecting C compile features
-- Detecting C compile features - done
-- Detecting CXX compiler ABI info
-- Detecting CXX compiler ABI info - done
-- Check for working CXX compiler: /usr/bin/c++ - skipped
-- Detecting CXX compile features
-- Detecting CXX compile features - done
-- Found ament_cmake: 2.5.4 (/opt/ros/jazzy/share/ament_cmake/cmake)
-- Found Python3: /usr/bin/python3 (found version "3.12.3") found components: Interpreter 
-- Found rosidl_default_generators: 1.6.0 (/opt/ros/jazzy/share/rosidl_default_generators/cmake)
-- Using all available rosidl_typesupport_c: rosidl_typesupport_fastrtps_c;rosidl_typesupport_introspection_c
-- Using all available rosidl_typesupport_cpp: rosidl_typesupport_fastrtps_cpp;rosidl_typesupport_introspection_cpp
-- Found rosidl_adapter: 4.6.5 (/opt/ros/jazzy/share/rosidl_adapter/cmake)
-- Found ament_lint_auto: 0.17.2 (/opt/ros/jazzy/share/ament_lint_auto/cmake)
-- Found ament_cmake_ros: 0.12.0 (/opt/ros/jazzy/share/ament_cmake_ros/cmake)
-- Using all available rosidl_typesupport_c: rosidl_typesupport_fastrtps_c;rosidl_typesupport_introspection_c
-- Using all available rosidl_typesupport_cpp: rosidl_typesupport_fastrtps_cpp;rosidl_typesupport_introspection_cpp
-- Found python_cmake_module: 0.11.1 (/opt/ros/jazzy/share/python_cmake_module/cmake)
-- Found PythonExtra: /usr/bin/python3  
-- Found Python3: /usr/bin/python3 (found version "3.12.3") found components: Interpreter Development NumPy Development.Module Development.Embed 
-- Added test 'lint_cmake' to check CMake code style
-- Added test 'xmllint' to check XML markup files
-- Configuring done (11.0s)
-- Generating done (0.1s)
-- Build files have been written to: /home/gantry_lattepanda/Ryan_ws/gantry_lidars/build/gantry_lidar_interfaces
[  2%] [34m[1mGenerating type hashes for ROS interfaces[0m
[  2%] Built target gantry_lidar_interfaces__rosidl_generator_type_description
[  2%] Built target ament_cmake_python_copy_gantry_lidar_interfaces
[  5%] [34m[1mGenerating C code for ROS interfaces[0m
[  8%] [32mBuilding C object CMakeFiles/gantry_lidar_interfaces__rosidl_generator_c.dir/rosidl_generator_c/gantry_lidar_interfaces/srv/detail/capture__description.c.o[0m
[ 11%] [32mBuilding C object CMakeFiles/gantry_lidar_interfaces__rosidl_generator_c.dir/rosidl_generator_c/gantry_lidar_interfaces/srv/detail/capture__functions.c.o[0m
[ 14%] [32mBuilding C object CMakeFiles/gantry_lidar_interfaces__rosidl_generator_c.dir/rosidl_generator_c/gantry_lidar_interfaces/srv/detail/capture__type_support.c.o[0m
[ 17%] [32m[1mLinking C shared library libgantry_lidar_interfaces__rosidl_generator_c.so[0m
[ 17%] Built target gantry_lidar_interfaces__rosidl_generator_c
running egg_info
creating gantry_lidar_interfaces.egg-info
writing gantry_lidar_interfaces.egg-info/PKG-INFO
writing dependency_links to gantry_lidar_interfaces.egg-info/dependency_links.txt
writing top-level names to gantry_lidar_interfaces.egg-info/top_level.txt
writing manifest file 'gantry_lidar_interfaces.egg-info/SOURCES.txt'
reading manifest file 'gantry_lidar_interfaces.egg-info/SOURCES.txt'
writing manifest file 'gantry_lidar_interfaces.egg-info/SOURCES.txt'
[ 17%] Built target ament_cmake_python_build_gantry_lidar_interfaces_egg
[ 20%] [34m[1mGenerating C introspection for ROS interfaces[0m
[ 23%] [32mBuilding C object CMakeFiles/gantry_lidar_interfaces__rosidl_typesupport_introspection_c.dir/rosidl_typesupport_introspection_c/gantry_lidar_interfaces/srv/detail/capture__type_support.c.o[0m
[ 26%] [32m[1mLinking C shared library libgantry_lidar_interfaces__rosidl_typesupport_introspection_c.so[0m
[ 26%] Built target gantry_lidar_interfaces__rosidl_typesupport_introspection_c
[ 29%] [34m[1mGenerating C type support dispatch for ROS interfaces[0m
[ 32%] [32mBuilding CXX object CMakeFiles/gantry_lidar_interfaces__rosidl_typesupport_c.dir/rosidl_typesupport_c/gantry_lidar_interfaces/srv/capture__type_support.cpp.o[0m
[ 35%] [32m[1mLinking CXX shared library libgantry_lidar_interfaces__rosidl_typesupport_c.so[0m
[ 35%] Built target gantry_lidar_interfaces__rosidl_typesupport_c
[ 38%] [34m[1mGenerating C type support for eProsima Fast-RTPS[0m
[ 41%] [32mBuilding CXX object CMakeFiles/gantry_lidar_interfaces__rosidl_typesupport_fastrtps_c.dir/rosidl_typesupport_fastrtps_c/gantry_lidar_interfaces/srv/detail/capture__type_support_c.cpp.o[0m
[ 44%] [32m[1mLinking CXX shared library libgantry_lidar_interfaces__rosidl_typesupport_fastrtps_c.so[0m
[ 44%] Built target gantry_lidar_interfaces__rosidl_typesupport_fastrtps_c
[ 47%] [34m[1mGenerating C++ code for ROS interfaces[0m
[ 47%] Built target gantry_lidar_interfaces__cpp
[ 50%] [34m[1mGenerating C++ type support dispatch for ROS interfaces[0m
[ 52%] [32mBuilding CXX object CMakeFiles/gantry_lidar_interfaces__rosidl_typesupport_cpp.dir/rosidl_typesupport_cpp/gantry_lidar_interfaces/srv/capture__type_support.cpp.o[0m
[ 55%] [32m[1mLinking CXX shared library libgantry_lidar_interfaces__rosidl_typesupport_cpp.so[0m
[ 55%] Built target gantry_lidar_interfaces__rosidl_typesupport_cpp
[ 58%] [34m[1mGenerating C++ introspection for ROS interfaces[0m
[ 61%] [32mBuilding CXX object CMakeFiles/gantry_lidar_interfaces__rosidl_typesupport_introspection_cpp.dir/rosidl_typesupport_introspection_cpp/gantry_lidar_interfaces/srv/detail/capture__type_support.cpp.o[0m
[ 64%] [32m[1mLinking CXX shared library libgantry_lidar_interfaces__rosidl_typesupport_introspection_cpp.so[0m
[ 64%] Built target gantry_lidar_interfaces__rosidl_typesupport_introspection_cpp
[ 67%] [34m[1mGenerating C++ type support for eProsima Fast-RTPS[0m
[ 70%] [32mBuilding CXX object CMakeFiles/gantry_lidar_interfaces__rosidl_typesupport_fastrtps_cpp.dir/rosidl_typesupport_fastrtps_cpp/gantry_lidar_interfaces/srv/detail/dds_fastrtps/capture__type_support.cpp.o[0m
[ 73%] [32m[1mLinking CXX shared library libgantry_lidar_interfaces__rosidl_typesupport_fastrtps_cpp.so[0m
[ 73%] Built target gantry_lidar_interfaces__rosidl_typesupport_fastrtps_cpp
[ 73%] Built target gantry_lidar_interfaces
[ 76%] [34m[1mGenerating Python code for ROS interfaces[0m
[ 76%] Built target gantry_lidar_interfaces__py
[ 79%] [32mBuilding C object CMakeFiles/gantry_lidar_interfaces__rosidl_generator_py.dir/rosidl_generator_py/gantry_lidar_interfaces/srv/_capture_s.c.o[0m
[ 82%] [32m[1mLinking C shared library libgantry_lidar_interfaces__rosidl_generator_py.so[0m
[ 82%] Built target gantry_lidar_interfaces__rosidl_generator_py
[ 85%] [32mBuilding C object CMakeFiles/gantry_lidar_interfaces_s__rosidl_typesupport_fastrtps_c.dir/rosidl_generator_py/gantry_lidar_interfaces/_gantry_lidar_interfaces_s.ep.rosidl_typesupport_fastrtps_c.c.o[0m
[ 88%] [32m[1mLinking C shared module rosidl_generator_py/gantry_lidar_interfaces/gantry_lidar_interfaces_s__rosidl_typesupport_fastrtps_c.so[0m
[ 88%] Built target gantry_lidar_interfaces_s__rosidl_typesupport_fastrtps_c
[ 91%] [32mBuilding C object CMakeFiles/gantry_lidar_interfaces_s__rosidl_typesupport_c.dir/rosidl_generator_py/gantry_lidar_interfaces/_gantry_lidar_interfaces_s.ep.rosidl_typesupport_c.c.o[0m
[ 94%] [32m[1mLinking C shared module rosidl_generator_py/gantry_lidar_interfaces/gantry_lidar_interfaces_s__rosidl_typesupport_c.so[0m
[ 94%] Built target gantry_lidar_interfaces_s__rosidl_typesupport_c
[ 97%] [32mBuilding C object CMakeFiles/gantry_lidar_interfaces_s__rosidl_typesupport_introspection_c.dir/rosidl_generator_py/gantry_lidar_interfaces/_gantry_lidar_interfaces_s.ep.rosidl_typesupport_introspection_c.c.o[0m
[100%] [32m[1mLinking C shared module rosidl_generator_py/gantry_lidar_interfaces/gantry_lidar_interfaces_s__rosidl_typesupport_introspection_c.so[0m
[100%] Built target gantry_lidar_interfaces_s__rosidl_typesupport_introspection_c
-- Install configuration: ""
-- Installing: /home/gantry_lattepanda/Ryan_ws/gantry_lidars/install/gantry_lidar_interfaces/share/ament_index/resource_index/rosidl_interfaces/gantry_lidar_interfaces
-- Installing: /home/gantry_lattepanda/Ryan_ws/gantry_lidars/install/gantry_lidar_interfaces/share/gantry_lidar_interfaces/srv/Capture.json
-- Installing: /home/gantry_lattepanda/Ryan_ws/gantry_lidars/install/gantry_lidar_interfaces/include/gantry_lidar_interfaces/gantry_lidar_interfaces
-- Installing: /home/gantry_lattepanda/Ryan_ws/gantry_lidars/install/gantry_lidar_interfaces/include/gantry_lidar_interfaces/gantry_lidar_interfaces/msg
-- Installing: /home/gantry_lattepanda/Ryan_ws/gantry_lidars/install/gantry_lidar_interfaces/include/gantry_lidar_interfaces/gantry_lidar_interfaces/msg/rosidl_generator_c__visibility_control.h
-- Installing: /home/gantry_lattepanda/Ryan_ws/gantry_lidars/install/gantry_lidar_interfaces/include/gantry_lidar_interfaces/gantry_lidar_interfaces/srv
-- Installing: /home/gantry_lattepanda/Ryan_ws/gantry_lidars/install/gantry_lidar_interfaces/include/gantry_lidar_interfaces/gantry_lidar_interfaces/srv/capture.h
-- Installing: /home/gantry_lattepanda/Ryan_ws/gantry_lidars/install/gantry_lidar_interfaces/include/gantry_lidar_interfaces/gantry_lidar_interfaces/srv/detail
-- Installing: /home/gantry_lattepanda/Ryan_ws/gantry_lidars/install/gantry_lidar_interfaces/include/gantry_lidar_interfaces/gantry_lidar_interfaces/srv/detail/capture__type_support.c
-- Installing: /home/gantry_lattepanda/Ryan_ws/gantry_lidars/install/gantry_lidar_interfaces/include/gantry_lidar_interfaces/gantry_lidar_interfaces/srv/detail/capture__struct.h
-- Installing: /home/gantry_lattepanda/Ryan_ws/gantry_lidars/install/gantry_lidar_interfaces/include/gantry_lidar_interfaces/gantry_lidar_interfaces/srv/detail/capture__functions.c
-- Installing: /home/gantry_lattepanda/Ryan_ws/gantry_lidars/install/gantry_lidar_interfaces/include/gantry_lidar_interfaces/gantry_lidar_interfaces/srv/detail/capture__description.c
-- Installing: /home/gantry_lattepanda/Ryan_ws/gantry_lidars/install/gantry_lidar_interfaces/include/gantry_lidar_interfaces/gantry_lidar_interfaces/srv/detail/capture__type_support.h
-- Installing: /home/gantry_lattepanda/Ryan_ws/gantry_lidars/install/gantry_lidar_interfaces/include/gantry_lidar_interfaces/gantry_lidar_interfaces/srv/detail/capture__functions.h
-- Installing: /home/gantry_lattepanda/Ryan_ws/gantry_lidars/install/gantry_lidar_interfaces/share/gantry_lidar_interfaces/environment/library_path.sh
-- Installing: /home/gantry_lattepanda/Ryan_ws/gantry_lidars/install/gantry_lidar_interfaces/share/gantry_lidar_interfaces/environment/library_path.dsv
-- Installing: /home/gantry_lattepanda/Ryan_ws/gantry_lidars/install/gantry_lidar_interfaces/lib/libgantry_lidar_interfaces__rosidl_generator_c.so
-- Set non-toolchain portion of runtime path of "/home/gantry_lattepanda/Ryan_ws/gantry_lidars/install/gantry_lidar_interfaces/lib/libgantry_lidar_interfaces__rosidl_generator_c.so" to ""
-- Up-to-date: /home/gantry_lattepanda/Ryan_ws/gantry_lidars/install/gantry_lidar_interfaces/include/gantry_lidar_interfaces/gantry_lidar_interfaces
-- Up-to-date: /home/gantry_lattepanda/Ryan_ws/gantry_lidars/install/gantry_lidar_interfaces/include/gantry_lidar_interfaces/gantry_lidar_interfaces/msg
-- Installing: /home/gantry_lattepanda/Ryan_ws/gantry_lidars/install/gantry_lidar_interfaces/include/gantry_lidar_interfaces/gantry_lidar_interfaces/msg/rosidl_typesupport_fastrtps_c__visibility_control.h
-- Up-to-date: /home/gantry_lattepanda/Ryan_ws/gantry_lidars/install/gantry_lidar_interfaces/include/gantry_lidar_interfaces/gantry_lidar_interfaces/srv
-- Up-to-date: /home/gantry_lattepanda/Ryan_ws/gantry_lidars/install/gantry_lidar_interfaces/include/gantry_lidar_interfaces/gantry_lidar_interfaces/srv/detail
-- Installing: /home/gantry_lattepanda/Ryan_ws/gantry_lidars/install/gantry_lidar_interfaces/include/gantry_lidar_interfaces/gantry_lidar_interfaces/srv/detail/capture__rosidl_typesupport_fastrtps_c.h
-- Installing: /home/gantry_lattepanda/Ryan_ws/gantry_lidars/install/gantry_lidar_interfaces/lib/libgantry_lidar_interfaces__rosidl_typesupport_fastrtps_c.so
-- Set non-toolchain portion of runtime path of "/home/gantry_lattepanda/Ryan_ws/gantry_lidars/install/gantry_lidar_interfaces/lib/libgantry_lidar_interfaces__rosidl_typesupport_fastrtps_c.so" to ""
-- Up-to-date: /home/gantry_lattepanda/Ryan_ws/gantry_lidars/install/gantry_lidar_interfaces/include/gantry_lidar_interfaces/gantry_lidar_interfaces
-- Up-to-date: /home/gantry_lattepanda/Ryan_ws/gantry_lidars/install/gantry_lidar_interfaces/include/gantry_lidar_interfaces/gantry_lidar_interfaces/msg
-- Installing: /home/gantry_lattepanda/Ryan_ws/gantry_lidars/install/gantry_lidar_interfaces/include/gantry_lidar_interfaces/gantry_lidar_interfaces/msg/rosidl_typesupport_introspection_c__visibility_control.h
-- Up-to-date: /home/gantry_lattepanda/Ryan_ws/gantry_lidars/install/gantry_lidar_interfaces/include/gantry_lidar_interfaces/gantry_lidar_interfaces/srv
-- Up-to-date: /home/gantry_lattepanda/Ryan_ws/gantry_lidars/install/gantry_lidar_interfaces/include/gantry_lidar_interfaces/gantry_lidar_interfaces/srv/detail
-- Installing: /home/gantry_lattepanda/Ryan_ws/gantry_lidars/install/gantry_lidar_interfaces/include/gantry_lidar_interfaces/gantry_lidar_interfaces/srv/detail/capture__type_support.c
-- Installing: /home/gantry_lattepanda/Ryan_ws/gantry_lidars/install/gantry_lidar_interfaces/include/gantry_lidar_interfaces/gantry_lidar_interfaces/srv/detail/capture__rosidl_typesupport_introspection_c.h
-- Installing: /home/gantry_lattepanda/Ryan_ws/gantry_lidars/install/gantry_lidar_interfaces/lib/libgantry_lidar_interfaces__rosidl_typesupport_introspection_c.so
-- Set non-toolchain portion of runtime path of "/home/gantry_lattepanda/Ryan_ws/gantry_lidars/install/gantry_lidar_interfaces/lib/libgantry_lidar_interfaces__rosidl_typesupport_introspection_c.so" to ""
-- Installing: /home/gantry_lattepanda/Ryan_ws/gantry_lidars/install/gantry_lidar_interfaces/lib/libgantry_lidar_interfaces__rosidl_typesupport_c.so
-- Set non-toolchain portion of runtime path of "/home/gantry_lattepanda/Ryan_ws/gantry_lidars/install/gantry_lidar_interfaces/lib/libgantry_lidar_interfaces__rosidl_typesupport_c.so" to ""
-- Up-to-date: /home/gantry_lattepanda/Ryan_ws/gantry_lidars/install/gantry_lidar_interfaces/include/gantry_lidar_interfaces/gantry_lidar_interfaces
-- Up-to-date: /home/gantry_lattepanda/Ryan_ws/gantry_lidars/install/gantry_lidar_interfaces/include/gantry_lidar_interfaces/gantry_lidar_interfaces/msg
-- Installing: /home/gantry_lattepanda/Ryan_ws/gantry_lidars/install/gantry_lidar_interfaces/include/gantry_lidar_interfaces/gantry_lidar_interfaces/msg/rosidl_generator_cpp__visibility_control.hpp
-- Up-to-date: /home/gantry_lattepanda/Ryan_ws/gantry_lidars/install/gantry_lidar_interfaces/include/gantry_lidar_interfaces/gantry_lidar_interfaces/srv
-- Installing: /home/gantry_lattepanda/Ryan_ws/gantry_lidars/install/gantry_lidar_interfaces/include/gantry_lidar_interfaces/gantry_lidar_interfaces/srv/capture.hpp
-- Up-to-date: /home/gantry_lattepanda/Ryan_ws/gantry_lidars/install/gantry_lidar_interfaces/include/gantry_lidar_interfaces/gantry_lidar_interfaces/srv/detail
-- Installing: /home/gantry_lattepanda/Ryan_ws/gantry_lidars/install/gantry_lidar_interfaces/include/gantry_lidar_interfaces/gantry_lidar_interfaces/srv/detail/capture__traits.hpp
-- Installing: /home/gantry_lattepanda/Ryan_ws/gantry_lidars/install/gantry_lidar_interfaces/include/gantry_lidar_interfaces/gantry_lidar_interfaces/srv/detail/capture__builder.hpp
-- Installing: /home/gantry_lattepanda/Ryan_ws/gantry_lidars/install/gantry_lidar_interfaces/include/gantry_lidar_interfaces/gantry_lidar_interfaces/srv/detail/capture__struct.hpp
-- Installing: /home/gantry_lattepanda/Ryan_ws/gantry_lidars/install/gantry_lidar_interfaces/include/gantry_lidar_interfaces/gantry_lidar_interfaces/srv/detail/capture__type_support.hpp
-- Up-to-date: /home/gantry_lattepanda/Ryan_ws/gantry_lidars/install/gantry_lidar_interfaces/include/gantry_lidar_interfaces/gantry_lidar_interfaces
-- Up-to-date: /home/gantry_lattepanda/Ryan_ws/gantry_lidars/install/gantry_lidar_interfaces/include/gantry_lidar_interfaces/gantry_lidar_interfaces/msg
-- Installing: /home/gantry_lattepanda/Ryan_ws/gantry_lidars/install/gantry_lidar_interfaces/include/gantry_lidar_interfaces/gantry_lidar_interfaces/msg/rosidl_typesupport_fastrtps_cpp__visibility_control.h
-- Up-to-date: /home/gantry_lattepanda/Ryan_ws/gantry_lidars/install/gantry_lidar_interfaces/include/gantry_lidar_interfaces/gantry_lidar_interfaces/srv
-- Up-to-date: /home/gantry_lattepanda/Ryan_ws/gantry_lidars/install/gantry_lidar_interfaces/include/gantry_lidar_interfaces/gantry_lidar_interfaces/srv/detail
-- Installing: /home/gantry_lattepanda/Ryan_ws/gantry_lidars/install/gantry_lidar_interfaces/include/gantry_lidar_interfaces/gantry_lidar_interfaces/srv/detail/dds_fastrtps
-- Installing: /home/gantry_lattepanda/Ryan_ws/gantry_lidars/install/gantry_lidar_interfaces/include/gantry_lidar_interfaces/gantry_lidar_interfaces/srv/detail/capture__rosidl_typesupport_fastrtps_cpp.hpp
-- Installing: /home/gantry_lattepanda/Ryan_ws/gantry_lidars/install/gantry_lidar_interfaces/lib/libgantry_lidar_interfaces__rosidl_typesupport_fastrtps_cpp.so
-- Set non-toolchain portion of runtime path of "/home/gantry_lattepanda/Ryan_ws/gantry_lidars/install/gantry_lidar_interfaces/lib/libgantry_lidar_interfaces__rosidl_typesupport_fastrtps_cpp.so" to ""
-- Up-to-date: /home/gantry_lattepanda/Ryan_ws/gantry_lidars/install/gantry_lidar_interfaces/include/gantry_lidar_interfaces/gantry_lidar_interfaces
-- Up-to-date: /home/gantry_lattepanda/Ryan_ws/gantry_lidars/install/gantry_lidar_interfaces/include/gantry_lidar_interfaces/gantry_lidar_interfaces/srv
-- Up-to-date: /home/gantry_lattepanda/Ryan_ws/gantry_lidars/install/gantry_lidar_interfaces/include/gantry_lidar_interfaces/gantry_lidar_interfaces/srv/detail
-- Installing: /home/gantry_lattepanda/Ryan_ws/gantry_lidars/install/gantry_lidar_interfaces/include/gantry_lidar_interfaces/gantry_lidar_interfaces/srv/detail/capture__rosidl_typesupport_introspection_cpp.hpp
-- Installing: /home/gantry_lattepanda/Ryan_ws/gantry_lidars/install/gantry_lidar_interfaces/include/gantry_lidar_interfaces/gantry_lidar_interfaces/srv/detail/capture__type_support.cpp
-- Installing: /home/gantry_lattepanda/Ryan_ws/gantry_lidars/install/gantry_lidar_interfaces/lib/libgantry_lidar_interfaces__rosidl_typesupport_introspection_cpp.so
-- Set non-toolchain portion of runtime path of "/home/gantry_lattepanda/Ryan_ws/gantry_lidars/install/gantry_lidar_interfaces/lib/libgantry_lidar_interfaces__rosidl_typesupport_introspection_cpp.so" to ""
-- Installing: /home/gantry_lattepanda/Ryan_ws/gantry_lidars/install/gantry_lidar_interfaces/lib/libgantry_lidar_interfaces__rosidl_typesupport_cpp.so
-- Set non-toolchain portion of runtime path of "/home/gantry_lattepanda/Ryan_ws/gantry_lidars/install/gantry_lidar_interfaces/lib/libgantry_lidar_interfaces__rosidl_typesupport_cpp.so" to ""
-- Installing: /home/gantry_lattepanda/Ryan_ws/gantry_lidars/install/gantry_lidar_interfaces/share/gantry_lidar_interfaces/environment/pythonpath.sh
-- Installing: /home/gantry_lattepanda/Ryan_ws/gantry_lidars/install/gantry_lidar_interfaces/share/gantry_lidar_interfaces/environment/pythonpath.dsv
-- Installing: /home/gantry_lattepanda/Ryan_ws/gantry_lidars/install/gantry_lidar_interfaces/lib/python3.12/site-packages/gantry_lidar_interfaces-0.0.0-py3.12.egg-info
-- Installing: /home/gantry_lattepanda/Ryan_ws/gantry_lidars/install/gantry_lidar_interfaces/lib/python3.12/site-packages/gantry_lidar_interfaces-0.0.0-py3.12.egg-info/PKG-INFO
-- Installing: /home/gantry_lattepanda/Ryan_ws/gantry_lidars/install/gantry_lidar_interfaces/lib/python3.12/site-packages/gantry_lidar_interfaces-0.0.0-py3.12.egg-info/dependency_links.txt
-- Installing: /home/gantry_lattepanda/Ryan_ws/gantry_lidars/install/gantry_lidar_interfaces/lib/python3.12/site-packages/gantry_lidar_interfaces-0.0.0-py3.12.egg-info/SOURCES.txt
-- Installing: /home/gantry_lattepanda/Ryan_ws/gantry_lidars/install/gantry_lidar_interfaces/lib/python3.12/site-packages/gantry_lidar_interfaces-0.0.0-py3.12.egg-info/top_level.txt
-- Installing: /home/gantry_lattepanda/Ryan_ws/gantry_lidars/install/gantry_lidar_interfaces/lib/python3.12/site-packages/gantry_lidar_interfaces
-- Installing: /home/gantry_lattepanda/Ryan_ws/gantry_lidars/install/gantry_lidar_interfaces/lib/python3.12/site-packages/gantry_lidar_interfaces/_gantry_lidar_interfaces_s.ep.rosidl_typesupport_c.c
-- Installing: /home/gantry_lattepanda/Ryan_ws/gantry_lidars/install/gantry_lidar_interfaces/lib/python3.12/site-packages/gantry_lidar_interfaces/gantry_lidar_interfaces_s__rosidl_typesupport_c.so
-- Installing: /home/gantry_lattepanda/Ryan_ws/gantry_lidars/install/gantry_lidar_interfaces/lib/python3.12/site-packages/gantry_lidar_interfaces/gantry_lidar_interfaces_s__rosidl_typesupport_fastrtps_c.so
-- Installing: /home/gantry_lattepanda/Ryan_ws/gantry_lidars/install/gantry_lidar_interfaces/lib/python3.12/site-packages/gantry_lidar_interfaces/_gantry_lidar_interfaces_s.ep.rosidl_typesupport_introspection_c.c
-- Installing: /home/gantry_lattepanda/Ryan_ws/gantry_lidars/install/gantry_lidar_interfaces/lib/python3.12/site-packages/gantry_lidar_interfaces/_gantry_lidar_interfaces_s.ep.rosidl_typesupport_fastrtps_c.c
-- Installing: /home/gantry_lattepanda/Ryan_ws/gantry_lidars/install/gantry_lidar_interfaces/lib/python3.12/site-packages/gantry_lidar_interfaces/srv
-- Installing: /home/gantry_lattepanda/Ryan_ws/gantry_lidars/install/gantry_lidar_interfaces/lib/python3.12/site-packages/gantry_lidar_interfaces/srv/_capture.py
-- Installing: /home/gantry_lattepanda/Ryan_ws/gantry_lidars/install/gantry_lidar_interfaces/lib/python3.12/site-packages/gantry_lidar_interfaces/srv/_capture_s.c
-- Installing: /home/gantry_lattepanda/Ryan_ws/gantry_lidars/install/gantry_lidar_interfaces/lib/python3.12/site-packages/gantry_lidar_interfaces/srv/__init__.py
-- Installing: /home/gantry_lattepanda/Ryan_ws/gantry_lidars/install/gantry_lidar_interfaces/lib/python3.12/site-packages/gantry_lidar_interfaces/gantry_lidar_interfaces_s__rosidl_typesupport_introspection_c.so
-- Installing: /home/gantry_lattepanda/Ryan_ws/gantry_lidars/install/gantry_lidar_interfaces/lib/python3.12/site-packages/gantry_lidar_interfaces/__init__.py
Listing '/home/gantry_lattepanda/Ryan_ws/gantry_lidars/install/gantry_lidar_interfaces/lib/python3.12/site-packages/gantry_lidar_interfaces'...
Compiling '/home/gantry_lattepanda/Ryan_ws/gantry_lidars/install/gantry_lidar_interfaces/lib/python3.12/site-packages/gantry_lidar_interfaces/__init__.py'...
Listing '/home/gantry_lattepanda/Ryan_ws/gantry_lidars/install/gantry_lidar_interfaces/lib/python3.12/site-packages/gantry_lidar_interfaces/srv'...
Compiling '/home/gantry_lattepanda/Ryan_ws/gantry_lidars/install/gantry_lidar_interfaces/lib/python3.12/site-packages/gantry_lidar_interfaces/srv/__init__.py'...
Compiling '/home/gantry_lattepanda/Ryan_ws/gantry_lidars/install/gantry_lidar_interfaces/lib/python3.12/site-packages/gantry_lidar_interfaces/srv/_capture.py'...
-- Installing: /home/gantry_lattepanda/Ryan_ws/gantry_lidars/install/gantry_lidar_interfaces/lib/python3.12/site-packages/gantry_lidar_interfaces/gantry_lidar_interfaces_s__rosidl_typesupport_fastrtps_c.so
-- Set non-toolchain portion of runtime path of "/home/gantry_lattepanda/Ryan_ws/gantry_lidars/install/gantry_lidar_interfaces/lib/python3.12/site-packages/gantry_lidar_interfaces/gantry_lidar_interfaces_s__rosidl_typesupport_fastrtps_c.so" to ""
-- Installing: /home/gantry_lattepanda/Ryan_ws/gantry_lidars/install/gantry_lidar_interfaces/lib/python3.12/site-packages/gantry_lidar_interfaces/gantry_lidar_interfaces_s__rosidl_typesupport_introspection_c.so
-- Set non-toolchain portion of runtime path of "/home/gantry_lattepanda/Ryan_ws/gantry_lidars/install/gantry_lidar_interfaces/lib/python3.12/site-packages/gantry_lidar_interfaces/gantry_lidar_interfaces_s__rosidl_typesupport_introspection_c.so" to ""
-- Installing: /home/gantry_lattepanda/Ryan_ws/gantry_lidars/install/gantry_lidar_interfaces/lib/python3.12/site-packages/gantry_lidar_interfaces/gantry_lidar_interfaces_s__rosidl_typesupport_c.so
-- Set non-toolchain portion of runtime path of "/home/gantry_lattepanda/Ryan_ws/gantry_lidars/install/gantry_lidar_interfaces/lib/python3.12/site-packages/gantry_lidar_interfaces/gantry_lidar_interfaces_s__rosidl_typesupport_c.so" to ""
-- Installing: /home/gantry_lattepanda/Ryan_ws/gantry_lidars/install/gantry_lidar_interfaces/lib/libgantry_lidar_interfaces__rosidl_generator_py.so
-- Set non-toolchain portion of runtime path of "/home/gantry_lattepanda/Ryan_ws/gantry_lidars/install/gantry_lidar_interfaces/lib/libgantry_lidar_interfaces__rosidl_generator_py.so" to ""
-- Installing: /home/gantry_lattepanda/Ryan_ws/gantry_lidars/install/gantry_lidar_interfaces/share/gantry_lidar_interfaces/srv/Capture.idl
-- Installing: /home/gantry_lattepanda/Ryan_ws/gantry_lidars/install/gantry_lidar_interfaces/share/gantry_lidar_interfaces/srv/Capture.srv
-- Installing: /home/gantry_lattepanda/Ryan_ws/gantry_lidars/install/gantry_lidar_interfaces/share/ament_index/resource_index/package_run_dependencies/gantry_lidar_interfaces
-- Installing: /home/gantry_lattepanda/Ryan_ws/gantry_lidars/install/gantry_lidar_interfaces/share/ament_index/resource_index/parent_prefix_path/gantry_lidar_interfaces
-- Installing: /home/gantry_lattepanda/Ryan_ws/gantry_lidars/install/gantry_lidar_interfaces/share/gantry_lidar_interfaces/environment/ament_prefix_path.sh
-- Installing: /home/gantry_lattepanda/Ryan_ws/gantry_lidars/install/gantry_lidar_interfaces/share/gantry_lidar_interfaces/environment/ament_prefix_path.dsv
-- Installing: /home/gantry_lattepanda/Ryan_ws/gantry_lidars/install/gantry_lidar_interfaces/share/gantry_lidar_interfaces/environment/path.sh
-- Installing: /home/gantry_lattepanda/Ryan_ws/gantry_lidars/install/gantry_lidar_interfaces/share/gantry_lidar_interfaces/environment/path.dsv
-- Installing: /home/gantry_lattepanda/Ryan_ws/gantry_lidars/install/gantry_lidar_interfaces/share/gantry_lidar_interfaces/local_setup.bash
-- Installing: /home/gantry_lattepanda/Ryan_ws/gantry_lidars/install/gantry_lidar_interfaces/share/gantry_lidar_interfaces/local_setup.sh
-- Installing: /home/gantry_lattepanda/Ryan_ws/gantry_lidars/install/gantry_lidar_interfaces/share/gantry_lidar_interfaces/local_setup.zsh
-- Installing: /home/gantry_lattepanda/Ryan_ws/gantry_lidars/install/gantry_lidar_interfaces/share/gantry_lidar_interfaces/local_setup.dsv
-- Installing: /home/gantry_lattepanda/Ryan_ws/gantry_lidars/install/gantry_lidar_interfaces/share/gantry_lidar_interfaces/package.dsv
-- Installing: /home/gantry_lattepanda/Ryan_ws/gantry_lidars/install/gantry_lidar_interfaces/share/ament_index/resource_index/packages/gantry_lidar_interfaces
-- Installing: /home/gantry_lattepanda/Ryan_ws/gantry_lidars/install/gantry_lidar_interfaces/share/gantry_lidar_interfaces/cmake/export_gantry_lidar_interfaces__rosidl_generator_cExport.cmake
-- Installing: /home/gantry_lattepanda/Ryan_ws/gantry_lidars/install/gantry_lidar_interfaces/share/gantry_lidar_interfaces/cmake/export_gantry_lidar_interfaces__rosidl_generator_cExport-noconfig.cmake
-- Installing: /home/gantry_lattepanda/Ryan_ws/gantry_lidars/install/gantry_lidar_interfaces/share/gantry_lidar_interfaces/cmake/export_gantry_lidar_interfaces__rosidl_typesupport_fastrtps_cExport.cmake
-- Installing: /home/gantry_lattepanda/Ryan_ws/gantry_lidars/install/gantry_lidar_interfaces/share/gantry_lidar_interfaces/cmake/export_gantry_lidar_interfaces__rosidl_typesupport_fastrtps_cExport-noconfig.cmake
-- Installing: /home/gantry_lattepanda/Ryan_ws/gantry_lidars/install/gantry_lidar_interfaces/share/gantry_lidar_interfaces/cmake/gantry_lidar_interfaces__rosidl_typesupport_introspection_cExport.cmake
-- Installing: /home/gantry_lattepanda/Ryan_ws/gantry_lidars/install/gantry_lidar_interfaces/share/gantry_lidar_interfaces/cmake/gantry_lidar_interfaces__rosidl_typesupport_introspection_cExport-noconfig.cmake
-- Installing: /home/gantry_lattepanda/Ryan_ws/gantry_lidars/install/gantry_lidar_interfaces/share/gantry_lidar_interfaces/cmake/gantry_lidar_interfaces__rosidl_typesupport_cExport.cmake
-- Installing: /home/gantry_lattepanda/Ryan_ws/gantry_lidars/install/gantry_lidar_interfaces/share/gantry_lidar_interfaces/cmake/gantry_lidar_interfaces__rosidl_typesupport_cExport-noconfig.cmake
-- Installing: /home/gantry_lattepanda/Ryan_ws/gantry_lidars/install/gantry_lidar_interfaces/share/gantry_lidar_interfaces/cmake/export_gantry_lidar_interfaces__rosidl_generator_cppExport.cmake
-- Installing: /home/gantry_lattepanda/Ryan_ws/gantry_lidars/install/gantry_lidar_interfaces/share/gantry_lidar_interfaces/cmake/export_gantry_lidar_interfaces__rosidl_typesupport_fastrtps_cppExport.cmake
-- Installing: /home/gantry_lattepanda/Ryan_ws/gantry_lidars/install/gantry_lidar_interfaces/share/gantry_lidar_interfaces/cmake/export_gantry_lidar_interfaces__rosidl_typesupport_fastrtps_cppExport-noconfig.cmake
-- Installing: /home/gantry_lattepanda/Ryan_ws/gantry_lidars/install/gantry_lidar_interfaces/share/gantry_lidar_interfaces/cmake/gantry_lidar_interfaces__rosidl_typesupport_introspection_cppExport.cmake
-- Installing: /home/gantry_lattepanda/Ryan_ws/gantry_lidars/install/gantry_lidar_interfaces/share/gantry_lidar_interfaces/cmake/gantry_lidar_interfaces__rosidl_typesupport_introspection_cppExport-noconfig.cmake
-- Installing: /home/gantry_lattepanda/Ryan_ws/gantry_lidars/install/gantry_lidar_interfaces/share/gantry_lidar_interfaces/cmake/gantry_lidar_interfaces__rosidl_typesupport_cppExport.cmake
-- Installing: /home/gantry_lattepanda/Ryan_ws/gantry_lidars/install/gantry_lidar_interfaces/share/gantry_lidar_interfaces/cmake/gantry_lidar_interfaces__rosidl_typesupport_cppExport-noconfig.cmake
-- Installing: /home/gantry_lattepanda/Ryan_ws/gantry_lidars/install/gantry_lidar_interfaces/share/gantry_lidar_interfaces/cmake/export_gantry_lidar_interfaces__rosidl_generator_pyExport.cmake
-- Installing: /home/gantry_lattepanda/Ryan_ws/gantry_lidars/install/gantry_lidar_interfaces/share/gantry_lidar_interfaces/cmake/export_gantry_lidar_interfaces__rosidl_generator_pyExport-noconfig.cmake
-- Installing: /home/gantry_lattepanda/Ryan_ws/gantry_lidars/install/gantry_lidar_interfaces/share/gantry_lidar_interfaces/cmake/rosidl_cmake-extras.cmake
-- Installing: /home/gantry_lattepanda/Ryan_ws/gantry_lidars/install/gantry_lidar_interfaces/share/gantry_lidar_interfaces/cmake/ament_cmake_export_dependencies-extras.cmake
-- Installing: /home/gantry_lattepanda/Ryan_ws/gantry_lidars/install/gantry_lidar_interfaces/share/gantry_lidar_interfaces/cmake/ament_cmake_export_include_directories-extras.cmake
-- Installing: /home/gantry_lattepanda/Ryan_ws/gantry_lidars/install/gantry_lidar_interfaces/share/gantry_lidar_interfaces/cmake/ament_cmake_export_libraries-extras.cmake
-- Installing: /home/gantry_lattepanda/Ryan_ws/gantry_lidars/install/gantry_lidar_interfaces/share/gantry_lidar_interfaces/cmake/ament_cmake_export_targets-extras.cmake
-- Installing: /home/gantry_lattepanda/Ryan_ws/gantry_lidars/install/gantry_lidar_interfaces/share/gantry_lidar_interfaces/cmake/rosidl_cmake_export_typesupport_targets-extras.cmake
-- Installing: /home/gantry_lattepanda/Ryan_ws/gantry_lidars/install/gantry_lidar_interfaces/share/gantry_lidar_interfaces/cmake/rosidl_cmake_export_typesupport_libraries-extras.cmake
-- Installing: /home/gantry_lattepanda/Ryan_ws/gantry_lidars/install/gantry_lidar_interfaces/share/gantry_lidar_interfaces/cmake/gantry_lidar_interfacesConfig.cmake
-- Installing: /home/gantry_lattepanda/Ryan_ws/gantry_lidars/install/gantry_lidar_interfaces/share/gantry_lidar_interfaces/cmake/gantry_lidar_interfacesConfig-version.cmake
-- Installing: /home/gantry_lattepanda/Ryan_ws/gantry_lidars/install/gantry_lidar_interfaces/share/gantry_lidar_interfaces/package.xml
