[0.116s] Invoking command in '/home/gantry_lattepanda/Ryan_ws/gantry_lidars/build/gantry_lidar_interfaces': CMAKE_PREFIX_PATH=${CMAKE_PREFIX_PATH}:/home/gantry_lattepanda/Ryan_ws/gantry_lidars/install/gantry_services:/home/gantry_lattepanda/Ryan_ws/gantry_lidars/install/gantry_lidars:/opt/ros/jazzy DEBUGINFOD_URLS=https://debuginfod.ubuntu.com /usr/bin/cmake /home/gantry_lattepanda/Ryan_ws/gantry_lidars/src/gantry_lidar_interfaces -DCMAKE_INSTALL_PREFIX=/home/gantry_lattepanda/Ryan_ws/gantry_lidars/install/gantry_lidar_interfaces
[0.382s] -- The C compiler identification is GNU 13.3.0
[0.534s] -- The CXX compiler identification is GNU 13.3.0
[0.572s] -- Detecting C compiler ABI info
[0.930s] -- Detecting C compiler ABI info - done
[1.008s] -- Check for working C compiler: /usr/bin/cc - skipped
[1.009s] -- Detecting C compile features
[1.010s] -- Detecting C compile features - done
[1.060s] -- Detecting CXX compiler ABI info
[1.467s] -- Detecting CXX compiler ABI info - done
[1.524s] -- Check for working CXX compiler: /usr/bin/c++ - skipped
[1.524s] -- Detecting CXX compile features
[1.528s] -- Detecting CXX compile features - done
[1.554s] -- Found ament_cmake: 2.5.4 (/opt/ros/jazzy/share/ament_cmake/cmake)
[2.241s] -- Found Python3: /usr/bin/python3 (found version "3.12.3") found components: Interpreter 
[2.655s] -- Found rosidl_default_generators: 1.6.0 (/opt/ros/jazzy/share/rosidl_default_generators/cmake)
[2.690s] -- Using all available rosidl_typesupport_c: rosidl_typesupport_fastrtps_c;rosidl_typesupport_introspection_c
[2.921s] -- Using all available rosidl_typesupport_cpp: rosidl_typesupport_fastrtps_cpp;rosidl_typesupport_introspection_cpp
[3.120s] -- Found rosidl_adapter: 4.6.5 (/opt/ros/jazzy/share/rosidl_adapter/cmake)
[3.131s] -- Found ament_lint_auto: 0.17.2 (/opt/ros/jazzy/share/ament_lint_auto/cmake)
[5.531s] -- Found ament_cmake_ros: 0.12.0 (/opt/ros/jazzy/share/ament_cmake_ros/cmake)
[6.916s] -- Using all available rosidl_typesupport_c: rosidl_typesupport_fastrtps_c;rosidl_typesupport_introspection_c
[8.298s] -- Using all available rosidl_typesupport_cpp: rosidl_typesupport_fastrtps_cpp;rosidl_typesupport_introspection_cpp
[8.312s] -- Found python_cmake_module: 0.11.1 (/opt/ros/jazzy/share/python_cmake_module/cmake)
[8.735s] -- Found PythonExtra: /usr/bin/python3  
[9.999s] -- Found Python3: /usr/bin/python3 (found version "3.12.3") found components: Interpreter Development NumPy Development.Module Development.Embed 
[10.094s] -- Added test 'lint_cmake' to check CMake code style
[10.097s] -- Added test 'xmllint' to check XML markup files
[10.111s] -- Configuring done (10.0s)
[10.200s] -- Generating done (0.1s)
[10.235s] -- Build files have been written to: /home/gantry_lattepanda/Ryan_ws/gantry_lidars/build/gantry_lidar_interfaces
[10.260s] Invoked command in '/home/gantry_lattepanda/Ryan_ws/gantry_lidars/build/gantry_lidar_interfaces' returned '0': CMAKE_PREFIX_PATH=${CMAKE_PREFIX_PATH}:/home/gantry_lattepanda/Ryan_ws/gantry_lidars/install/gantry_services:/home/gantry_lattepanda/Ryan_ws/gantry_lidars/install/gantry_lidars:/opt/ros/jazzy DEBUGINFOD_URLS=https://debuginfod.ubuntu.com /usr/bin/cmake /home/gantry_lattepanda/Ryan_ws/gantry_lidars/src/gantry_lidar_interfaces -DCMAKE_INSTALL_PREFIX=/home/gantry_lattepanda/Ryan_ws/gantry_lidars/install/gantry_lidar_interfaces
[10.265s] Invoking command in '/home/gantry_lattepanda/Ryan_ws/gantry_lidars/build/gantry_lidar_interfaces': CMAKE_PREFIX_PATH=${CMAKE_PREFIX_PATH}:/home/gantry_lattepanda/Ryan_ws/gantry_lidars/install/gantry_services:/home/gantry_lattepanda/Ryan_ws/gantry_lidars/install/gantry_lidars:/opt/ros/jazzy DEBUGINFOD_URLS=https://debuginfod.ubuntu.com /usr/bin/cmake --build /home/gantry_lattepanda/Ryan_ws/gantry_lidars/build/gantry_lidar_interfaces -- -j4 -l4
[10.403s] [  2%] [34m[1mGenerating type hashes for ROS interfaces[0m
[10.937s] [  2%] Built target gantry_lidar_interfaces__rosidl_generator_type_description
[11.003s] [  2%] Built target ament_cmake_python_copy_gantry_lidar_interfaces
[11.028s] [  5%] [34m[1mGenerating C code for ROS interfaces[0m
[12.049s] [  8%] [32mBuilding C object CMakeFiles/gantry_lidar_interfaces__rosidl_generator_c.dir/rosidl_generator_c/gantry_lidar_interfaces/srv/detail/capture__description.c.o[0m
[12.187s] [ 11%] [32mBuilding C object CMakeFiles/gantry_lidar_interfaces__rosidl_generator_c.dir/rosidl_generator_c/gantry_lidar_interfaces/srv/detail/capture__functions.c.o[0m
[12.407s] [ 14%] [32mBuilding C object CMakeFiles/gantry_lidar_interfaces__rosidl_generator_c.dir/rosidl_generator_c/gantry_lidar_interfaces/srv/detail/capture__type_support.c.o[0m
[12.510s] [ 17%] [32m[1mLinking C shared library libgantry_lidar_interfaces__rosidl_generator_c.so[0m
[12.630s] [ 17%] Built target gantry_lidar_interfaces__rosidl_generator_c
[13.295s] running egg_info
[13.301s] creating gantry_lidar_interfaces.egg-info
[13.359s] writing gantry_lidar_interfaces.egg-info/PKG-INFO
[13.363s] writing dependency_links to gantry_lidar_interfaces.egg-info/dependency_links.txt
[13.363s] writing top-level names to gantry_lidar_interfaces.egg-info/top_level.txt
[13.363s] writing manifest file 'gantry_lidar_interfaces.egg-info/SOURCES.txt'
[13.599s] reading manifest file 'gantry_lidar_interfaces.egg-info/SOURCES.txt'
[13.600s] writing manifest file 'gantry_lidar_interfaces.egg-info/SOURCES.txt'
[13.682s] [ 17%] Built target ament_cmake_python_build_gantry_lidar_interfaces_egg
[13.709s] [ 20%] [34m[1mGenerating C introspection for ROS interfaces[0m
[14.434s] [ 23%] [32mBuilding C object CMakeFiles/gantry_lidar_interfaces__rosidl_typesupport_introspection_c.dir/rosidl_typesupport_introspection_c/gantry_lidar_interfaces/srv/detail/capture__type_support.c.o[0m
[14.591s] [ 26%] [32m[1mLinking C shared library libgantry_lidar_interfaces__rosidl_typesupport_introspection_c.so[0m
[14.682s] [ 26%] Built target gantry_lidar_interfaces__rosidl_typesupport_introspection_c
[14.723s] [ 29%] [34m[1mGenerating C type support dispatch for ROS interfaces[0m
[15.531s] [ 32%] [32mBuilding CXX object CMakeFiles/gantry_lidar_interfaces__rosidl_typesupport_c.dir/rosidl_typesupport_c/gantry_lidar_interfaces/srv/capture__type_support.cpp.o[0m
[15.657s] [ 35%] [32m[1mLinking CXX shared library libgantry_lidar_interfaces__rosidl_typesupport_c.so[0m
[15.780s] [ 35%] Built target gantry_lidar_interfaces__rosidl_typesupport_c
[15.813s] [ 38%] [34m[1mGenerating C type support for eProsima Fast-RTPS[0m
[16.655s] [ 41%] [32mBuilding CXX object CMakeFiles/gantry_lidar_interfaces__rosidl_typesupport_fastrtps_c.dir/rosidl_typesupport_fastrtps_c/gantry_lidar_interfaces/srv/detail/capture__type_support_c.cpp.o[0m
[18.343s] [ 44%] [32m[1mLinking CXX shared library libgantry_lidar_interfaces__rosidl_typesupport_fastrtps_c.so[0m
[18.597s] [ 44%] Built target gantry_lidar_interfaces__rosidl_typesupport_fastrtps_c
[18.658s] [ 47%] [34m[1mGenerating C++ code for ROS interfaces[0m
[19.683s] [ 47%] Built target gantry_lidar_interfaces__cpp
[19.709s] [ 50%] [34m[1mGenerating C++ type support for eProsima Fast-RTPS[0m
[20.663s] [ 52%] [32mBuilding CXX object CMakeFiles/gantry_lidar_interfaces__rosidl_typesupport_fastrtps_cpp.dir/rosidl_typesupport_fastrtps_cpp/gantry_lidar_interfaces/srv/detail/dds_fastrtps/capture__type_support.cpp.o[0m
[22.276s] [ 55%] [32m[1mLinking CXX shared library libgantry_lidar_interfaces__rosidl_typesupport_fastrtps_cpp.so[0m
[22.512s] [ 55%] Built target gantry_lidar_interfaces__rosidl_typesupport_fastrtps_cpp
[22.546s] [ 58%] [34m[1mGenerating C++ type support dispatch for ROS interfaces[0m
[23.415s] [ 61%] [32mBuilding CXX object CMakeFiles/gantry_lidar_interfaces__rosidl_typesupport_cpp.dir/rosidl_typesupport_cpp/gantry_lidar_interfaces/srv/capture__type_support.cpp.o[0m
[24.635s] [ 64%] [32m[1mLinking CXX shared library libgantry_lidar_interfaces__rosidl_typesupport_cpp.so[0m
[24.865s] [ 64%] Built target gantry_lidar_interfaces__rosidl_typesupport_cpp
[24.897s] [ 67%] [34m[1mGenerating C++ introspection for ROS interfaces[0m
[25.785s] [ 70%] [32mBuilding CXX object CMakeFiles/gantry_lidar_interfaces__rosidl_typesupport_introspection_cpp.dir/rosidl_typesupport_introspection_cpp/gantry_lidar_interfaces/srv/detail/capture__type_support.cpp.o[0m
[27.030s] [ 73%] [32m[1mLinking CXX shared library libgantry_lidar_interfaces__rosidl_typesupport_introspection_cpp.so[0m
[27.221s] [ 73%] Built target gantry_lidar_interfaces__rosidl_typesupport_introspection_cpp
[27.273s] [ 73%] Built target gantry_lidar_interfaces
[27.328s] [ 76%] [34m[1mGenerating Python code for ROS interfaces[0m
[28.495s] [ 76%] Built target gantry_lidar_interfaces__py
[28.548s] [ 79%] [32mBuilding C object CMakeFiles/gantry_lidar_interfaces__rosidl_generator_py.dir/rosidl_generator_py/gantry_lidar_interfaces/srv/_capture_s.c.o[0m
[28.965s] [ 82%] [32m[1mLinking C shared library libgantry_lidar_interfaces__rosidl_generator_py.so[0m
[29.086s] [ 82%] Built target gantry_lidar_interfaces__rosidl_generator_py
[29.135s] [ 85%] [32mBuilding C object CMakeFiles/gantry_lidar_interfaces_s__rosidl_typesupport_fastrtps_c.dir/rosidl_generator_py/gantry_lidar_interfaces/_gantry_lidar_interfaces_s.ep.rosidl_typesupport_fastrtps_c.c.o[0m
[29.415s] [ 88%] [32m[1mLinking C shared module rosidl_generator_py/gantry_lidar_interfaces/gantry_lidar_interfaces_s__rosidl_typesupport_fastrtps_c.so[0m
[29.500s] [ 88%] Built target gantry_lidar_interfaces_s__rosidl_typesupport_fastrtps_c
[29.558s] [ 91%] [32mBuilding C object CMakeFiles/gantry_lidar_interfaces_s__rosidl_typesupport_c.dir/rosidl_generator_py/gantry_lidar_interfaces/_gantry_lidar_interfaces_s.ep.rosidl_typesupport_c.c.o[0m
[29.929s] [ 94%] [32m[1mLinking C shared module rosidl_generator_py/gantry_lidar_interfaces/gantry_lidar_interfaces_s__rosidl_typesupport_c.so[0m
[30.044s] [ 94%] Built target gantry_lidar_interfaces_s__rosidl_typesupport_c
[30.096s] [ 97%] [32mBuilding C object CMakeFiles/gantry_lidar_interfaces_s__rosidl_typesupport_introspection_c.dir/rosidl_generator_py/gantry_lidar_interfaces/_gantry_lidar_interfaces_s.ep.rosidl_typesupport_introspection_c.c.o[0m
[30.374s] [100%] [32m[1mLinking C shared module rosidl_generator_py/gantry_lidar_interfaces/gantry_lidar_interfaces_s__rosidl_typesupport_introspection_c.so[0m
[30.455s] [100%] Built target gantry_lidar_interfaces_s__rosidl_typesupport_introspection_c
[30.483s] Invoked command in '/home/gantry_lattepanda/Ryan_ws/gantry_lidars/build/gantry_lidar_interfaces' returned '0': CMAKE_PREFIX_PATH=${CMAKE_PREFIX_PATH}:/home/gantry_lattepanda/Ryan_ws/gantry_lidars/install/gantry_services:/home/gantry_lattepanda/Ryan_ws/gantry_lidars/install/gantry_lidars:/opt/ros/jazzy DEBUGINFOD_URLS=https://debuginfod.ubuntu.com /usr/bin/cmake --build /home/gantry_lattepanda/Ryan_ws/gantry_lidars/build/gantry_lidar_interfaces -- -j4 -l4
[30.509s] Invoking command in '/home/gantry_lattepanda/Ryan_ws/gantry_lidars/build/gantry_lidar_interfaces': CMAKE_PREFIX_PATH=${CMAKE_PREFIX_PATH}:/home/gantry_lattepanda/Ryan_ws/gantry_lidars/install/gantry_services:/home/gantry_lattepanda/Ryan_ws/gantry_lidars/install/gantry_lidars:/opt/ros/jazzy DEBUGINFOD_URLS=https://debuginfod.ubuntu.com /usr/bin/cmake --install /home/gantry_lattepanda/Ryan_ws/gantry_lidars/build/gantry_lidar_interfaces
[30.532s] -- Install configuration: ""
[30.533s] -- Installing: /home/gantry_lattepanda/Ryan_ws/gantry_lidars/install/gantry_lidar_interfaces/share/ament_index/resource_index/rosidl_interfaces/gantry_lidar_interfaces
[30.534s] -- Installing: /home/gantry_lattepanda/Ryan_ws/gantry_lidars/install/gantry_lidar_interfaces/share/gantry_lidar_interfaces/srv/Capture.json
[30.535s] -- Installing: /home/gantry_lattepanda/Ryan_ws/gantry_lidars/install/gantry_lidar_interfaces/include/gantry_lidar_interfaces/gantry_lidar_interfaces
[30.536s] -- Installing: /home/gantry_lattepanda/Ryan_ws/gantry_lidars/install/gantry_lidar_interfaces/include/gantry_lidar_interfaces/gantry_lidar_interfaces/msg
[30.537s] -- Installing: /home/gantry_lattepanda/Ryan_ws/gantry_lidars/install/gantry_lidar_interfaces/include/gantry_lidar_interfaces/gantry_lidar_interfaces/msg/rosidl_generator_c__visibility_control.h
[30.537s] -- Installing: /home/gantry_lattepanda/Ryan_ws/gantry_lidars/install/gantry_lidar_interfaces/include/gantry_lidar_interfaces/gantry_lidar_interfaces/srv
[30.538s] -- Installing: /home/gantry_lattepanda/Ryan_ws/gantry_lidars/install/gantry_lidar_interfaces/include/gantry_lidar_interfaces/gantry_lidar_interfaces/srv/capture.h
[30.538s] -- Installing: /home/gantry_lattepanda/Ryan_ws/gantry_lidars/install/gantry_lidar_interfaces/include/gantry_lidar_interfaces/gantry_lidar_interfaces/srv/detail
[30.539s] -- Installing: /home/gantry_lattepanda/Ryan_ws/gantry_lidars/install/gantry_lidar_interfaces/include/gantry_lidar_interfaces/gantry_lidar_interfaces/srv/detail/capture__type_support.c
[30.540s] -- Installing: /home/gantry_lattepanda/Ryan_ws/gantry_lidars/install/gantry_lidar_interfaces/include/gantry_lidar_interfaces/gantry_lidar_interfaces/srv/detail/capture__struct.h
[30.540s] -- Installing: /home/gantry_lattepanda/Ryan_ws/gantry_lidars/install/gantry_lidar_interfaces/include/gantry_lidar_interfaces/gantry_lidar_interfaces/srv/detail/capture__functions.c
[30.541s] -- Installing: /home/gantry_lattepanda/Ryan_ws/gantry_lidars/install/gantry_lidar_interfaces/include/gantry_lidar_interfaces/gantry_lidar_interfaces/srv/detail/capture__description.c
[30.541s] -- Installing: /home/gantry_lattepanda/Ryan_ws/gantry_lidars/install/gantry_lidar_interfaces/include/gantry_lidar_interfaces/gantry_lidar_interfaces/srv/detail/capture__type_support.h
[30.543s] -- Installing: /home/gantry_lattepanda/Ryan_ws/gantry_lidars/install/gantry_lidar_interfaces/include/gantry_lidar_interfaces/gantry_lidar_interfaces/srv/detail/capture__functions.h
[30.543s] -- Installing: /home/gantry_lattepanda/Ryan_ws/gantry_lidars/install/gantry_lidar_interfaces/share/gantry_lidar_interfaces/environment/library_path.sh
[30.544s] -- Installing: /home/gantry_lattepanda/Ryan_ws/gantry_lidars/install/gantry_lidar_interfaces/share/gantry_lidar_interfaces/environment/library_path.dsv
[30.544s] -- Installing: /home/gantry_lattepanda/Ryan_ws/gantry_lidars/install/gantry_lidar_interfaces/lib/libgantry_lidar_interfaces__rosidl_generator_c.so
[30.546s] -- Set non-toolchain portion of runtime path of "/home/gantry_lattepanda/Ryan_ws/gantry_lidars/install/gantry_lidar_interfaces/lib/libgantry_lidar_interfaces__rosidl_generator_c.so" to ""
[30.546s] -- Up-to-date: /home/gantry_lattepanda/Ryan_ws/gantry_lidars/install/gantry_lidar_interfaces/include/gantry_lidar_interfaces/gantry_lidar_interfaces
[30.547s] -- Up-to-date: /home/gantry_lattepanda/Ryan_ws/gantry_lidars/install/gantry_lidar_interfaces/include/gantry_lidar_interfaces/gantry_lidar_interfaces/msg
[30.547s] -- Installing: /home/gantry_lattepanda/Ryan_ws/gantry_lidars/install/gantry_lidar_interfaces/include/gantry_lidar_interfaces/gantry_lidar_interfaces/msg/rosidl_typesupport_fastrtps_c__visibility_control.h
[30.548s] -- Up-to-date: /home/gantry_lattepanda/Ryan_ws/gantry_lidars/install/gantry_lidar_interfaces/include/gantry_lidar_interfaces/gantry_lidar_interfaces/srv
[30.548s] -- Up-to-date: /home/gantry_lattepanda/Ryan_ws/gantry_lidars/install/gantry_lidar_interfaces/include/gantry_lidar_interfaces/gantry_lidar_interfaces/srv/detail
[30.549s] -- Installing: /home/gantry_lattepanda/Ryan_ws/gantry_lidars/install/gantry_lidar_interfaces/include/gantry_lidar_interfaces/gantry_lidar_interfaces/srv/detail/capture__rosidl_typesupport_fastrtps_c.h
[30.550s] -- Installing: /home/gantry_lattepanda/Ryan_ws/gantry_lidars/install/gantry_lidar_interfaces/lib/libgantry_lidar_interfaces__rosidl_typesupport_fastrtps_c.so
[30.551s] -- Set non-toolchain portion of runtime path of "/home/gantry_lattepanda/Ryan_ws/gantry_lidars/install/gantry_lidar_interfaces/lib/libgantry_lidar_interfaces__rosidl_typesupport_fastrtps_c.so" to ""
[30.551s] -- Up-to-date: /home/gantry_lattepanda/Ryan_ws/gantry_lidars/install/gantry_lidar_interfaces/include/gantry_lidar_interfaces/gantry_lidar_interfaces
[30.552s] -- Up-to-date: /home/gantry_lattepanda/Ryan_ws/gantry_lidars/install/gantry_lidar_interfaces/include/gantry_lidar_interfaces/gantry_lidar_interfaces/msg
[30.552s] -- Installing: /home/gantry_lattepanda/Ryan_ws/gantry_lidars/install/gantry_lidar_interfaces/include/gantry_lidar_interfaces/gantry_lidar_interfaces/msg/rosidl_typesupport_introspection_c__visibility_control.h
[30.553s] -- Up-to-date: /home/gantry_lattepanda/Ryan_ws/gantry_lidars/install/gantry_lidar_interfaces/include/gantry_lidar_interfaces/gantry_lidar_interfaces/srv
[30.554s] -- Up-to-date: /home/gantry_lattepanda/Ryan_ws/gantry_lidars/install/gantry_lidar_interfaces/include/gantry_lidar_interfaces/gantry_lidar_interfaces/srv/detail
[30.554s] -- Installing: /home/gantry_lattepanda/Ryan_ws/gantry_lidars/install/gantry_lidar_interfaces/include/gantry_lidar_interfaces/gantry_lidar_interfaces/srv/detail/capture__type_support.c
[30.557s] -- Installing: /home/gantry_lattepanda/Ryan_ws/gantry_lidars/install/gantry_lidar_interfaces/include/gantry_lidar_interfaces/gantry_lidar_interfaces/srv/detail/capture__rosidl_typesupport_introspection_c.h
[30.557s] -- Installing: /home/gantry_lattepanda/Ryan_ws/gantry_lidars/install/gantry_lidar_interfaces/lib/libgantry_lidar_interfaces__rosidl_typesupport_introspection_c.so
[30.561s] -- Set non-toolchain portion of runtime path of "/home/gantry_lattepanda/Ryan_ws/gantry_lidars/install/gantry_lidar_interfaces/lib/libgantry_lidar_interfaces__rosidl_typesupport_introspection_c.so" to ""
[30.563s] -- Installing: /home/gantry_lattepanda/Ryan_ws/gantry_lidars/install/gantry_lidar_interfaces/lib/libgantry_lidar_interfaces__rosidl_typesupport_c.so
[30.563s] -- Set non-toolchain portion of runtime path of "/home/gantry_lattepanda/Ryan_ws/gantry_lidars/install/gantry_lidar_interfaces/lib/libgantry_lidar_interfaces__rosidl_typesupport_c.so" to ""
[30.564s] -- Up-to-date: /home/gantry_lattepanda/Ryan_ws/gantry_lidars/install/gantry_lidar_interfaces/include/gantry_lidar_interfaces/gantry_lidar_interfaces
[30.565s] -- Up-to-date: /home/gantry_lattepanda/Ryan_ws/gantry_lidars/install/gantry_lidar_interfaces/include/gantry_lidar_interfaces/gantry_lidar_interfaces/msg
[30.565s] -- Installing: /home/gantry_lattepanda/Ryan_ws/gantry_lidars/install/gantry_lidar_interfaces/include/gantry_lidar_interfaces/gantry_lidar_interfaces/msg/rosidl_generator_cpp__visibility_control.hpp
[30.566s] -- Up-to-date: /home/gantry_lattepanda/Ryan_ws/gantry_lidars/install/gantry_lidar_interfaces/include/gantry_lidar_interfaces/gantry_lidar_interfaces/srv
[30.566s] -- Installing: /home/gantry_lattepanda/Ryan_ws/gantry_lidars/install/gantry_lidar_interfaces/include/gantry_lidar_interfaces/gantry_lidar_interfaces/srv/capture.hpp
[30.567s] -- Up-to-date: /home/gantry_lattepanda/Ryan_ws/gantry_lidars/install/gantry_lidar_interfaces/include/gantry_lidar_interfaces/gantry_lidar_interfaces/srv/detail
[30.568s] -- Installing: /home/gantry_lattepanda/Ryan_ws/gantry_lidars/install/gantry_lidar_interfaces/include/gantry_lidar_interfaces/gantry_lidar_interfaces/srv/detail/capture__traits.hpp
[30.568s] -- Installing: /home/gantry_lattepanda/Ryan_ws/gantry_lidars/install/gantry_lidar_interfaces/include/gantry_lidar_interfaces/gantry_lidar_interfaces/srv/detail/capture__builder.hpp
[30.569s] -- Installing: /home/gantry_lattepanda/Ryan_ws/gantry_lidars/install/gantry_lidar_interfaces/include/gantry_lidar_interfaces/gantry_lidar_interfaces/srv/detail/capture__struct.hpp
[30.570s] -- Installing: /home/gantry_lattepanda/Ryan_ws/gantry_lidars/install/gantry_lidar_interfaces/include/gantry_lidar_interfaces/gantry_lidar_interfaces/srv/detail/capture__type_support.hpp
[30.571s] -- Up-to-date: /home/gantry_lattepanda/Ryan_ws/gantry_lidars/install/gantry_lidar_interfaces/include/gantry_lidar_interfaces/gantry_lidar_interfaces
[30.571s] -- Up-to-date: /home/gantry_lattepanda/Ryan_ws/gantry_lidars/install/gantry_lidar_interfaces/include/gantry_lidar_interfaces/gantry_lidar_interfaces/msg
[30.573s] -- Installing: /home/gantry_lattepanda/Ryan_ws/gantry_lidars/install/gantry_lidar_interfaces/include/gantry_lidar_interfaces/gantry_lidar_interfaces/msg/rosidl_typesupport_fastrtps_cpp__visibility_control.h
[30.573s] -- Up-to-date: /home/gantry_lattepanda/Ryan_ws/gantry_lidars/install/gantry_lidar_interfaces/include/gantry_lidar_interfaces/gantry_lidar_interfaces/srv
[30.573s] -- Up-to-date: /home/gantry_lattepanda/Ryan_ws/gantry_lidars/install/gantry_lidar_interfaces/include/gantry_lidar_interfaces/gantry_lidar_interfaces/srv/detail
[30.575s] -- Installing: /home/gantry_lattepanda/Ryan_ws/gantry_lidars/install/gantry_lidar_interfaces/include/gantry_lidar_interfaces/gantry_lidar_interfaces/srv/detail/dds_fastrtps
[30.575s] -- Installing: /home/gantry_lattepanda/Ryan_ws/gantry_lidars/install/gantry_lidar_interfaces/include/gantry_lidar_interfaces/gantry_lidar_interfaces/srv/detail/capture__rosidl_typesupport_fastrtps_cpp.hpp
[30.576s] -- Installing: /home/gantry_lattepanda/Ryan_ws/gantry_lidars/install/gantry_lidar_interfaces/lib/libgantry_lidar_interfaces__rosidl_typesupport_fastrtps_cpp.so
[30.577s] -- Set non-toolchain portion of runtime path of "/home/gantry_lattepanda/Ryan_ws/gantry_lidars/install/gantry_lidar_interfaces/lib/libgantry_lidar_interfaces__rosidl_typesupport_fastrtps_cpp.so" to ""
[30.577s] -- Up-to-date: /home/gantry_lattepanda/Ryan_ws/gantry_lidars/install/gantry_lidar_interfaces/include/gantry_lidar_interfaces/gantry_lidar_interfaces
[30.577s] -- Up-to-date: /home/gantry_lattepanda/Ryan_ws/gantry_lidars/install/gantry_lidar_interfaces/include/gantry_lidar_interfaces/gantry_lidar_interfaces/srv
[30.578s] -- Up-to-date: /home/gantry_lattepanda/Ryan_ws/gantry_lidars/install/gantry_lidar_interfaces/include/gantry_lidar_interfaces/gantry_lidar_interfaces/srv/detail
[30.578s] -- Installing: /home/gantry_lattepanda/Ryan_ws/gantry_lidars/install/gantry_lidar_interfaces/include/gantry_lidar_interfaces/gantry_lidar_interfaces/srv/detail/capture__rosidl_typesupport_introspection_cpp.hpp
[30.579s] -- Installing: /home/gantry_lattepanda/Ryan_ws/gantry_lidars/install/gantry_lidar_interfaces/include/gantry_lidar_interfaces/gantry_lidar_interfaces/srv/detail/capture__type_support.cpp
[30.580s] -- Installing: /home/gantry_lattepanda/Ryan_ws/gantry_lidars/install/gantry_lidar_interfaces/lib/libgantry_lidar_interfaces__rosidl_typesupport_introspection_cpp.so
[30.581s] -- Set non-toolchain portion of runtime path of "/home/gantry_lattepanda/Ryan_ws/gantry_lidars/install/gantry_lidar_interfaces/lib/libgantry_lidar_interfaces__rosidl_typesupport_introspection_cpp.so" to ""
[30.582s] -- Installing: /home/gantry_lattepanda/Ryan_ws/gantry_lidars/install/gantry_lidar_interfaces/lib/libgantry_lidar_interfaces__rosidl_typesupport_cpp.so
[30.583s] -- Set non-toolchain portion of runtime path of "/home/gantry_lattepanda/Ryan_ws/gantry_lidars/install/gantry_lidar_interfaces/lib/libgantry_lidar_interfaces__rosidl_typesupport_cpp.so" to ""
[30.583s] -- Installing: /home/gantry_lattepanda/Ryan_ws/gantry_lidars/install/gantry_lidar_interfaces/share/gantry_lidar_interfaces/environment/pythonpath.sh
[30.584s] -- Installing: /home/gantry_lattepanda/Ryan_ws/gantry_lidars/install/gantry_lidar_interfaces/share/gantry_lidar_interfaces/environment/pythonpath.dsv
[30.585s] -- Installing: /home/gantry_lattepanda/Ryan_ws/gantry_lidars/install/gantry_lidar_interfaces/lib/python3.12/site-packages/gantry_lidar_interfaces-0.0.0-py3.12.egg-info
[30.586s] -- Installing: /home/gantry_lattepanda/Ryan_ws/gantry_lidars/install/gantry_lidar_interfaces/lib/python3.12/site-packages/gantry_lidar_interfaces-0.0.0-py3.12.egg-info/PKG-INFO
[30.586s] -- Installing: /home/gantry_lattepanda/Ryan_ws/gantry_lidars/install/gantry_lidar_interfaces/lib/python3.12/site-packages/gantry_lidar_interfaces-0.0.0-py3.12.egg-info/dependency_links.txt
[30.587s] -- Installing: /home/gantry_lattepanda/Ryan_ws/gantry_lidars/install/gantry_lidar_interfaces/lib/python3.12/site-packages/gantry_lidar_interfaces-0.0.0-py3.12.egg-info/SOURCES.txt
[30.587s] -- Installing: /home/gantry_lattepanda/Ryan_ws/gantry_lidars/install/gantry_lidar_interfaces/lib/python3.12/site-packages/gantry_lidar_interfaces-0.0.0-py3.12.egg-info/top_level.txt
[30.588s] -- Installing: /home/gantry_lattepanda/Ryan_ws/gantry_lidars/install/gantry_lidar_interfaces/lib/python3.12/site-packages/gantry_lidar_interfaces
[30.589s] -- Installing: /home/gantry_lattepanda/Ryan_ws/gantry_lidars/install/gantry_lidar_interfaces/lib/python3.12/site-packages/gantry_lidar_interfaces/_gantry_lidar_interfaces_s.ep.rosidl_typesupport_c.c
[30.589s] -- Installing: /home/gantry_lattepanda/Ryan_ws/gantry_lidars/install/gantry_lidar_interfaces/lib/python3.12/site-packages/gantry_lidar_interfaces/gantry_lidar_interfaces_s__rosidl_typesupport_c.so
[30.590s] -- Installing: /home/gantry_lattepanda/Ryan_ws/gantry_lidars/install/gantry_lidar_interfaces/lib/python3.12/site-packages/gantry_lidar_interfaces/gantry_lidar_interfaces_s__rosidl_typesupport_fastrtps_c.so
[30.591s] -- Installing: /home/gantry_lattepanda/Ryan_ws/gantry_lidars/install/gantry_lidar_interfaces/lib/python3.12/site-packages/gantry_lidar_interfaces/_gantry_lidar_interfaces_s.ep.rosidl_typesupport_introspection_c.c
[30.592s] -- Installing: /home/gantry_lattepanda/Ryan_ws/gantry_lidars/install/gantry_lidar_interfaces/lib/python3.12/site-packages/gantry_lidar_interfaces/_gantry_lidar_interfaces_s.ep.rosidl_typesupport_fastrtps_c.c
[30.592s] -- Installing: /home/gantry_lattepanda/Ryan_ws/gantry_lidars/install/gantry_lidar_interfaces/lib/python3.12/site-packages/gantry_lidar_interfaces/srv
[30.593s] -- Installing: /home/gantry_lattepanda/Ryan_ws/gantry_lidars/install/gantry_lidar_interfaces/lib/python3.12/site-packages/gantry_lidar_interfaces/srv/_capture.py
[30.594s] -- Installing: /home/gantry_lattepanda/Ryan_ws/gantry_lidars/install/gantry_lidar_interfaces/lib/python3.12/site-packages/gantry_lidar_interfaces/srv/_capture_s.c
[30.594s] -- Installing: /home/gantry_lattepanda/Ryan_ws/gantry_lidars/install/gantry_lidar_interfaces/lib/python3.12/site-packages/gantry_lidar_interfaces/srv/__init__.py
[30.595s] -- Installing: /home/gantry_lattepanda/Ryan_ws/gantry_lidars/install/gantry_lidar_interfaces/lib/python3.12/site-packages/gantry_lidar_interfaces/gantry_lidar_interfaces_s__rosidl_typesupport_introspection_c.so
[30.597s] -- Installing: /home/gantry_lattepanda/Ryan_ws/gantry_lidars/install/gantry_lidar_interfaces/lib/python3.12/site-packages/gantry_lidar_interfaces/__init__.py
[30.705s] Listing '/home/gantry_lattepanda/Ryan_ws/gantry_lidars/install/gantry_lidar_interfaces/lib/python3.12/site-packages/gantry_lidar_interfaces'...
[30.705s] Compiling '/home/gantry_lattepanda/Ryan_ws/gantry_lidars/install/gantry_lidar_interfaces/lib/python3.12/site-packages/gantry_lidar_interfaces/__init__.py'...
[30.705s] Listing '/home/gantry_lattepanda/Ryan_ws/gantry_lidars/install/gantry_lidar_interfaces/lib/python3.12/site-packages/gantry_lidar_interfaces/srv'...
[30.705s] Compiling '/home/gantry_lattepanda/Ryan_ws/gantry_lidars/install/gantry_lidar_interfaces/lib/python3.12/site-packages/gantry_lidar_interfaces/srv/__init__.py'...
[30.706s] Compiling '/home/gantry_lattepanda/Ryan_ws/gantry_lidars/install/gantry_lidar_interfaces/lib/python3.12/site-packages/gantry_lidar_interfaces/srv/_capture.py'...
[30.725s] -- Installing: /home/gantry_lattepanda/Ryan_ws/gantry_lidars/install/gantry_lidar_interfaces/lib/python3.12/site-packages/gantry_lidar_interfaces/gantry_lidar_interfaces_s__rosidl_typesupport_fastrtps_c.so
[30.727s] -- Set non-toolchain portion of runtime path of "/home/gantry_lattepanda/Ryan_ws/gantry_lidars/install/gantry_lidar_interfaces/lib/python3.12/site-packages/gantry_lidar_interfaces/gantry_lidar_interfaces_s__rosidl_typesupport_fastrtps_c.so" to ""
[30.729s] -- Installing: /home/gantry_lattepanda/Ryan_ws/gantry_lidars/install/gantry_lidar_interfaces/lib/python3.12/site-packages/gantry_lidar_interfaces/gantry_lidar_interfaces_s__rosidl_typesupport_introspection_c.so
[30.729s] -- Set non-toolchain portion of runtime path of "/home/gantry_lattepanda/Ryan_ws/gantry_lidars/install/gantry_lidar_interfaces/lib/python3.12/site-packages/gantry_lidar_interfaces/gantry_lidar_interfaces_s__rosidl_typesupport_introspection_c.so" to ""
[30.730s] -- Installing: /home/gantry_lattepanda/Ryan_ws/gantry_lidars/install/gantry_lidar_interfaces/lib/python3.12/site-packages/gantry_lidar_interfaces/gantry_lidar_interfaces_s__rosidl_typesupport_c.so
[30.732s] -- Set non-toolchain portion of runtime path of "/home/gantry_lattepanda/Ryan_ws/gantry_lidars/install/gantry_lidar_interfaces/lib/python3.12/site-packages/gantry_lidar_interfaces/gantry_lidar_interfaces_s__rosidl_typesupport_c.so" to ""
[30.733s] -- Installing: /home/gantry_lattepanda/Ryan_ws/gantry_lidars/install/gantry_lidar_interfaces/lib/libgantry_lidar_interfaces__rosidl_generator_py.so
[30.734s] -- Set non-toolchain portion of runtime path of "/home/gantry_lattepanda/Ryan_ws/gantry_lidars/install/gantry_lidar_interfaces/lib/libgantry_lidar_interfaces__rosidl_generator_py.so" to ""
[30.734s] -- Installing: /home/gantry_lattepanda/Ryan_ws/gantry_lidars/install/gantry_lidar_interfaces/share/gantry_lidar_interfaces/srv/Capture.idl
[30.735s] -- Installing: /home/gantry_lattepanda/Ryan_ws/gantry_lidars/install/gantry_lidar_interfaces/share/gantry_lidar_interfaces/srv/Capture.srv
[30.736s] -- Installing: /home/gantry_lattepanda/Ryan_ws/gantry_lidars/install/gantry_lidar_interfaces/share/ament_index/resource_index/package_run_dependencies/gantry_lidar_interfaces
[30.737s] -- Installing: /home/gantry_lattepanda/Ryan_ws/gantry_lidars/install/gantry_lidar_interfaces/share/ament_index/resource_index/parent_prefix_path/gantry_lidar_interfaces
[30.738s] -- Installing: /home/gantry_lattepanda/Ryan_ws/gantry_lidars/install/gantry_lidar_interfaces/share/gantry_lidar_interfaces/environment/ament_prefix_path.sh
[30.738s] -- Installing: /home/gantry_lattepanda/Ryan_ws/gantry_lidars/install/gantry_lidar_interfaces/share/gantry_lidar_interfaces/environment/ament_prefix_path.dsv
[30.739s] -- Installing: /home/gantry_lattepanda/Ryan_ws/gantry_lidars/install/gantry_lidar_interfaces/share/gantry_lidar_interfaces/environment/path.sh
[30.740s] -- Installing: /home/gantry_lattepanda/Ryan_ws/gantry_lidars/install/gantry_lidar_interfaces/share/gantry_lidar_interfaces/environment/path.dsv
[30.740s] -- Installing: /home/gantry_lattepanda/Ryan_ws/gantry_lidars/install/gantry_lidar_interfaces/share/gantry_lidar_interfaces/local_setup.bash
[30.741s] -- Installing: /home/gantry_lattepanda/Ryan_ws/gantry_lidars/install/gantry_lidar_interfaces/share/gantry_lidar_interfaces/local_setup.sh
[30.742s] -- Installing: /home/gantry_lattepanda/Ryan_ws/gantry_lidars/install/gantry_lidar_interfaces/share/gantry_lidar_interfaces/local_setup.zsh
[30.743s] -- Installing: /home/gantry_lattepanda/Ryan_ws/gantry_lidars/install/gantry_lidar_interfaces/share/gantry_lidar_interfaces/local_setup.dsv
[30.743s] -- Installing: /home/gantry_lattepanda/Ryan_ws/gantry_lidars/install/gantry_lidar_interfaces/share/gantry_lidar_interfaces/package.dsv
[30.745s] -- Installing: /home/gantry_lattepanda/Ryan_ws/gantry_lidars/install/gantry_lidar_interfaces/share/ament_index/resource_index/packages/gantry_lidar_interfaces
[30.745s] -- Installing: /home/gantry_lattepanda/Ryan_ws/gantry_lidars/install/gantry_lidar_interfaces/share/gantry_lidar_interfaces/cmake/export_gantry_lidar_interfaces__rosidl_generator_cExport.cmake
[30.746s] -- Installing: /home/gantry_lattepanda/Ryan_ws/gantry_lidars/install/gantry_lidar_interfaces/share/gantry_lidar_interfaces/cmake/export_gantry_lidar_interfaces__rosidl_generator_cExport-noconfig.cmake
[30.747s] -- Installing: /home/gantry_lattepanda/Ryan_ws/gantry_lidars/install/gantry_lidar_interfaces/share/gantry_lidar_interfaces/cmake/export_gantry_lidar_interfaces__rosidl_typesupport_fastrtps_cExport.cmake
[30.748s] -- Installing: /home/gantry_lattepanda/Ryan_ws/gantry_lidars/install/gantry_lidar_interfaces/share/gantry_lidar_interfaces/cmake/export_gantry_lidar_interfaces__rosidl_typesupport_fastrtps_cExport-noconfig.cmake
[30.749s] -- Installing: /home/gantry_lattepanda/Ryan_ws/gantry_lidars/install/gantry_lidar_interfaces/share/gantry_lidar_interfaces/cmake/gantry_lidar_interfaces__rosidl_typesupport_introspection_cExport.cmake
[30.749s] -- Installing: /home/gantry_lattepanda/Ryan_ws/gantry_lidars/install/gantry_lidar_interfaces/share/gantry_lidar_interfaces/cmake/gantry_lidar_interfaces__rosidl_typesupport_introspection_cExport-noconfig.cmake
[30.750s] -- Installing: /home/gantry_lattepanda/Ryan_ws/gantry_lidars/install/gantry_lidar_interfaces/share/gantry_lidar_interfaces/cmake/gantry_lidar_interfaces__rosidl_typesupport_cExport.cmake
[30.751s] -- Installing: /home/gantry_lattepanda/Ryan_ws/gantry_lidars/install/gantry_lidar_interfaces/share/gantry_lidar_interfaces/cmake/gantry_lidar_interfaces__rosidl_typesupport_cExport-noconfig.cmake
[30.752s] -- Installing: /home/gantry_lattepanda/Ryan_ws/gantry_lidars/install/gantry_lidar_interfaces/share/gantry_lidar_interfaces/cmake/export_gantry_lidar_interfaces__rosidl_generator_cppExport.cmake
[30.754s] -- Installing: /home/gantry_lattepanda/Ryan_ws/gantry_lidars/install/gantry_lidar_interfaces/share/gantry_lidar_interfaces/cmake/export_gantry_lidar_interfaces__rosidl_typesupport_fastrtps_cppExport.cmake
[30.755s] -- Installing: /home/gantry_lattepanda/Ryan_ws/gantry_lidars/install/gantry_lidar_interfaces/share/gantry_lidar_interfaces/cmake/export_gantry_lidar_interfaces__rosidl_typesupport_fastrtps_cppExport-noconfig.cmake
[30.756s] -- Installing: /home/gantry_lattepanda/Ryan_ws/gantry_lidars/install/gantry_lidar_interfaces/share/gantry_lidar_interfaces/cmake/gantry_lidar_interfaces__rosidl_typesupport_introspection_cppExport.cmake
[30.757s] -- Installing: /home/gantry_lattepanda/Ryan_ws/gantry_lidars/install/gantry_lidar_interfaces/share/gantry_lidar_interfaces/cmake/gantry_lidar_interfaces__rosidl_typesupport_introspection_cppExport-noconfig.cmake
[30.759s] -- Installing: /home/gantry_lattepanda/Ryan_ws/gantry_lidars/install/gantry_lidar_interfaces/share/gantry_lidar_interfaces/cmake/gantry_lidar_interfaces__rosidl_typesupport_cppExport.cmake
[30.761s] -- Installing: /home/gantry_lattepanda/Ryan_ws/gantry_lidars/install/gantry_lidar_interfaces/share/gantry_lidar_interfaces/cmake/gantry_lidar_interfaces__rosidl_typesupport_cppExport-noconfig.cmake
[30.763s] -- Installing: /home/gantry_lattepanda/Ryan_ws/gantry_lidars/install/gantry_lidar_interfaces/share/gantry_lidar_interfaces/cmake/export_gantry_lidar_interfaces__rosidl_generator_pyExport.cmake
[30.763s] -- Installing: /home/gantry_lattepanda/Ryan_ws/gantry_lidars/install/gantry_lidar_interfaces/share/gantry_lidar_interfaces/cmake/export_gantry_lidar_interfaces__rosidl_generator_pyExport-noconfig.cmake
[30.764s] -- Installing: /home/gantry_lattepanda/Ryan_ws/gantry_lidars/install/gantry_lidar_interfaces/share/gantry_lidar_interfaces/cmake/rosidl_cmake-extras.cmake
[30.764s] -- Installing: /home/gantry_lattepanda/Ryan_ws/gantry_lidars/install/gantry_lidar_interfaces/share/gantry_lidar_interfaces/cmake/ament_cmake_export_dependencies-extras.cmake
[30.766s] -- Installing: /home/gantry_lattepanda/Ryan_ws/gantry_lidars/install/gantry_lidar_interfaces/share/gantry_lidar_interfaces/cmake/ament_cmake_export_include_directories-extras.cmake
[30.767s] -- Installing: /home/gantry_lattepanda/Ryan_ws/gantry_lidars/install/gantry_lidar_interfaces/share/gantry_lidar_interfaces/cmake/ament_cmake_export_libraries-extras.cmake
[30.767s] -- Installing: /home/gantry_lattepanda/Ryan_ws/gantry_lidars/install/gantry_lidar_interfaces/share/gantry_lidar_interfaces/cmake/ament_cmake_export_targets-extras.cmake
[30.768s] -- Installing: /home/gantry_lattepanda/Ryan_ws/gantry_lidars/install/gantry_lidar_interfaces/share/gantry_lidar_interfaces/cmake/rosidl_cmake_export_typesupport_targets-extras.cmake
[30.769s] -- Installing: /home/gantry_lattepanda/Ryan_ws/gantry_lidars/install/gantry_lidar_interfaces/share/gantry_lidar_interfaces/cmake/rosidl_cmake_export_typesupport_libraries-extras.cmake
[30.769s] -- Installing: /home/gantry_lattepanda/Ryan_ws/gantry_lidars/install/gantry_lidar_interfaces/share/gantry_lidar_interfaces/cmake/gantry_lidar_interfacesConfig.cmake
[30.770s] -- Installing: /home/gantry_lattepanda/Ryan_ws/gantry_lidars/install/gantry_lidar_interfaces/share/gantry_lidar_interfaces/cmake/gantry_lidar_interfacesConfig-version.cmake
[30.773s] -- Installing: /home/gantry_lattepanda/Ryan_ws/gantry_lidars/install/gantry_lidar_interfaces/share/gantry_lidar_interfaces/package.xml
[30.776s] Invoked command in '/home/gantry_lattepanda/Ryan_ws/gantry_lidars/build/gantry_lidar_interfaces' returned '0': CMAKE_PREFIX_PATH=${CMAKE_PREFIX_PATH}:/home/gantry_lattepanda/Ryan_ws/gantry_lidars/install/gantry_services:/home/gantry_lattepanda/Ryan_ws/gantry_lidars/install/gantry_lidars:/opt/ros/jazzy DEBUGINFOD_URLS=https://debuginfod.ubuntu.com /usr/bin/cmake --install /home/gantry_lattepanda/Ryan_ws/gantry_lidars/build/gantry_lidar_interfaces
